
AVRASM ver. 2.1.30  C:\Users\AVAJANG\Desktop\Az11_MobinaKashanian_96522321\Debug\List\Az11_MobinaKashanian_96522321.asm Sat Jul 18 16:05:00 2020

C:\Users\AVAJANG\Desktop\Az11_MobinaKashanian_96522321\Debug\List\Az11_MobinaKashanian_96522321.asm(1088): warning: Register r5 already defined by the .DEF directive
C:\Users\AVAJANG\Desktop\Az11_MobinaKashanian_96522321\Debug\List\Az11_MobinaKashanian_96522321.asm(1089): warning: Register r4 already defined by the .DEF directive
C:\Users\AVAJANG\Desktop\Az11_MobinaKashanian_96522321\Debug\List\Az11_MobinaKashanian_96522321.asm(1090): warning: Register r7 already defined by the .DEF directive
C:\Users\AVAJANG\Desktop\Az11_MobinaKashanian_96522321\Debug\List\Az11_MobinaKashanian_96522321.asm(1091): warning: Register r6 already defined by the .DEF directive
C:\Users\AVAJANG\Desktop\Az11_MobinaKashanian_96522321\Debug\List\Az11_MobinaKashanian_96522321.asm(1092): warning: Register r9 already defined by the .DEF directive
C:\Users\AVAJANG\Desktop\Az11_MobinaKashanian_96522321\Debug\List\Az11_MobinaKashanian_96522321.asm(1093): warning: Register r8 already defined by the .DEF directive
C:\Users\AVAJANG\Desktop\Az11_MobinaKashanian_96522321\Debug\List\Az11_MobinaKashanian_96522321.asm(1094): warning: Register r11 already defined by the .DEF directive
C:\Users\AVAJANG\Desktop\Az11_MobinaKashanian_96522321\Debug\List\Az11_MobinaKashanian_96522321.asm(1095): warning: Register r10 already defined by the .DEF directive
C:\Users\AVAJANG\Desktop\Az11_MobinaKashanian_96522321\Debug\List\Az11_MobinaKashanian_96522321.asm(1096): warning: Register r13 already defined by the .DEF directive
C:\Users\AVAJANG\Desktop\Az11_MobinaKashanian_96522321\Debug\List\Az11_MobinaKashanian_96522321.asm(1097): warning: Register r12 already defined by the .DEF directive
                 
                 
                 ;CodeVisionAVR C Compiler V3.12 Advanced
                 ;(C) Copyright 1998-2014 Pavel Haiduc, HP InfoTech s.r.l.
                 ;http://www.hpinfotech.com
                 
                 ;Build configuration    : Debug
                 ;Chip type              : ATmega32
                 ;Program type           : Application
                 ;Clock frequency        : 8.000000 MHz
                 ;Memory model           : Small
                 ;Optimize for           : Size
                 ;(s)printf features     : int, width
                 ;(s)scanf features      : int, width
                 ;External RAM size      : 0
                 ;Data Stack size        : 512 byte(s)
                 ;Heap size              : 0 byte(s)
                 ;Promote 'char' to 'int': Yes
                 ;'char' is unsigned     : Yes
                 ;8 bit enums            : Yes
                 ;Global 'const' stored in FLASH: Yes
                 ;Enhanced function parameter passing: Yes
                 ;Enhanced core instructions: On
                 ;Automatic register allocation for global variables: On
                 ;Smart register allocation: On
                 
                 	#define _MODEL_SMALL_
                 
                 	#pragma AVRPART ADMIN PART_NAME ATmega32
                 	#pragma AVRPART MEMORY PROG_FLASH 32768
                 	#pragma AVRPART MEMORY EEPROM 1024
                 	#pragma AVRPART MEMORY INT_SRAM SIZE 2048
                 	#pragma AVRPART MEMORY INT_SRAM START_ADDR 0x60
                 
                 	#define CALL_SUPPORTED 1
                 
                 	.LISTMAC
                 	.EQU UDRE=0x5
                 	.EQU RXC=0x7
                 	.EQU USR=0xB
                 	.EQU UDR=0xC
                 	.EQU SPSR=0xE
                 	.EQU SPDR=0xF
                 	.EQU EERE=0x0
                 	.EQU EEWE=0x1
                 	.EQU EEMWE=0x2
                 	.EQU EECR=0x1C
                 	.EQU EEDR=0x1D
                 	.EQU EEARL=0x1E
                 	.EQU EEARH=0x1F
                 	.EQU WDTCR=0x21
                 	.EQU MCUCR=0x35
                 	.EQU GICR=0x3B
                 	.EQU SPL=0x3D
                 	.EQU SPH=0x3E
                 	.EQU SREG=0x3F
                 
                 	.DEF R0X0=R0
                 	.DEF R0X1=R1
                 	.DEF R0X2=R2
                 	.DEF R0X3=R3
                 	.DEF R0X4=R4
                 	.DEF R0X5=R5
                 	.DEF R0X6=R6
                 	.DEF R0X7=R7
                 	.DEF R0X8=R8
                 	.DEF R0X9=R9
                 	.DEF R0XA=R10
                 	.DEF R0XB=R11
                 	.DEF R0XC=R12
                 	.DEF R0XD=R13
                 	.DEF R0XE=R14
                 	.DEF R0XF=R15
                 	.DEF R0X10=R16
                 	.DEF R0X11=R17
                 	.DEF R0X12=R18
                 	.DEF R0X13=R19
                 	.DEF R0X14=R20
                 	.DEF R0X15=R21
                 	.DEF R0X16=R22
                 	.DEF R0X17=R23
                 	.DEF R0X18=R24
                 	.DEF R0X19=R25
                 	.DEF R0X1A=R26
                 	.DEF R0X1B=R27
                 	.DEF R0X1C=R28
                 	.DEF R0X1D=R29
                 	.DEF R0X1E=R30
                 	.DEF R0X1F=R31
                 
                 	.EQU __SRAM_START=0x0060
                 	.EQU __SRAM_END=0x085F
                 	.EQU __DSTACK_SIZE=0x0200
                 	.EQU __HEAP_SIZE=0x0000
                 	.EQU __CLEAR_SRAM_SIZE=__SRAM_END-__SRAM_START+1
                 
                 	.MACRO __CPD1N
                 	CPI  R30,LOW(@0)
                 	LDI  R26,HIGH(@0)
                 	CPC  R31,R26
                 	LDI  R26,BYTE3(@0)
                 	CPC  R22,R26
                 	LDI  R26,BYTE4(@0)
                 	CPC  R23,R26
                 	.ENDM
                 
                 	.MACRO __CPD2N
                 	CPI  R26,LOW(@0)
                 	LDI  R30,HIGH(@0)
                 	CPC  R27,R30
                 	LDI  R30,BYTE3(@0)
                 	CPC  R24,R30
                 	LDI  R30,BYTE4(@0)
                 	CPC  R25,R30
                 	.ENDM
                 
                 	.MACRO __CPWRR
                 	CP   R@0,R@2
                 	CPC  R@1,R@3
                 	.ENDM
                 
                 	.MACRO __CPWRN
                 	CPI  R@0,LOW(@2)
                 	LDI  R30,HIGH(@2)
                 	CPC  R@1,R30
                 	.ENDM
                 
                 	.MACRO __ADDB1MN
                 	SUBI R30,LOW(-@0-(@1))
                 	.ENDM
                 
                 	.MACRO __ADDB2MN
                 	SUBI R26,LOW(-@0-(@1))
                 	.ENDM
                 
                 	.MACRO __ADDW1MN
                 	SUBI R30,LOW(-@0-(@1))
                 	SBCI R31,HIGH(-@0-(@1))
                 	.ENDM
                 
                 	.MACRO __ADDW2MN
                 	SUBI R26,LOW(-@0-(@1))
                 	SBCI R27,HIGH(-@0-(@1))
                 	.ENDM
                 
                 	.MACRO __ADDW1FN
                 	SUBI R30,LOW(-2*@0-(@1))
                 	SBCI R31,HIGH(-2*@0-(@1))
                 	.ENDM
                 
                 	.MACRO __ADDD1FN
                 	SUBI R30,LOW(-2*@0-(@1))
                 	SBCI R31,HIGH(-2*@0-(@1))
                 	SBCI R22,BYTE3(-2*@0-(@1))
                 	.ENDM
                 
                 	.MACRO __ADDD1N
                 	SUBI R30,LOW(-@0)
                 	SBCI R31,HIGH(-@0)
                 	SBCI R22,BYTE3(-@0)
                 	SBCI R23,BYTE4(-@0)
                 	.ENDM
                 
                 	.MACRO __ADDD2N
                 	SUBI R26,LOW(-@0)
                 	SBCI R27,HIGH(-@0)
                 	SBCI R24,BYTE3(-@0)
                 	SBCI R25,BYTE4(-@0)
                 	.ENDM
                 
                 	.MACRO __SUBD1N
                 	SUBI R30,LOW(@0)
                 	SBCI R31,HIGH(@0)
                 	SBCI R22,BYTE3(@0)
                 	SBCI R23,BYTE4(@0)
                 	.ENDM
                 
                 	.MACRO __SUBD2N
                 	SUBI R26,LOW(@0)
                 	SBCI R27,HIGH(@0)
                 	SBCI R24,BYTE3(@0)
                 	SBCI R25,BYTE4(@0)
                 	.ENDM
                 
                 	.MACRO __ANDBMNN
                 	LDS  R30,@0+(@1)
                 	ANDI R30,LOW(@2)
                 	STS  @0+(@1),R30
                 	.ENDM
                 
                 	.MACRO __ANDWMNN
                 	LDS  R30,@0+(@1)
                 	ANDI R30,LOW(@2)
                 	STS  @0+(@1),R30
                 	LDS  R30,@0+(@1)+1
                 	ANDI R30,HIGH(@2)
                 	STS  @0+(@1)+1,R30
                 	.ENDM
                 
                 	.MACRO __ANDD1N
                 	ANDI R30,LOW(@0)
                 	ANDI R31,HIGH(@0)
                 	ANDI R22,BYTE3(@0)
                 	ANDI R23,BYTE4(@0)
                 	.ENDM
                 
                 	.MACRO __ANDD2N
                 	ANDI R26,LOW(@0)
                 	ANDI R27,HIGH(@0)
                 	ANDI R24,BYTE3(@0)
                 	ANDI R25,BYTE4(@0)
                 	.ENDM
                 
                 	.MACRO __ORBMNN
                 	LDS  R30,@0+(@1)
                 	ORI  R30,LOW(@2)
                 	STS  @0+(@1),R30
                 	.ENDM
                 
                 	.MACRO __ORWMNN
                 	LDS  R30,@0+(@1)
                 	ORI  R30,LOW(@2)
                 	STS  @0+(@1),R30
                 	LDS  R30,@0+(@1)+1
                 	ORI  R30,HIGH(@2)
                 	STS  @0+(@1)+1,R30
                 	.ENDM
                 
                 	.MACRO __ORD1N
                 	ORI  R30,LOW(@0)
                 	ORI  R31,HIGH(@0)
                 	ORI  R22,BYTE3(@0)
                 	ORI  R23,BYTE4(@0)
                 	.ENDM
                 
                 	.MACRO __ORD2N
                 	ORI  R26,LOW(@0)
                 	ORI  R27,HIGH(@0)
                 	ORI  R24,BYTE3(@0)
                 	ORI  R25,BYTE4(@0)
                 	.ENDM
                 
                 	.MACRO __DELAY_USB
                 	LDI  R24,LOW(@0)
                 __DELAY_USB_LOOP:
                 	DEC  R24
                 	BRNE __DELAY_USB_LOOP
                 	.ENDM
                 
                 	.MACRO __DELAY_USW
                 	LDI  R24,LOW(@0)
                 	LDI  R25,HIGH(@0)
                 __DELAY_USW_LOOP:
                 	SBIW R24,1
                 	BRNE __DELAY_USW_LOOP
                 	.ENDM
                 
                 	.MACRO __GETD1S
                 	LDD  R30,Y+@0
                 	LDD  R31,Y+@0+1
                 	LDD  R22,Y+@0+2
                 	LDD  R23,Y+@0+3
                 	.ENDM
                 
                 	.MACRO __GETD2S
                 	LDD  R26,Y+@0
                 	LDD  R27,Y+@0+1
                 	LDD  R24,Y+@0+2
                 	LDD  R25,Y+@0+3
                 	.ENDM
                 
                 	.MACRO __PUTD1S
                 	STD  Y+@0,R30
                 	STD  Y+@0+1,R31
                 	STD  Y+@0+2,R22
                 	STD  Y+@0+3,R23
                 	.ENDM
                 
                 	.MACRO __PUTD2S
                 	STD  Y+@0,R26
                 	STD  Y+@0+1,R27
                 	STD  Y+@0+2,R24
                 	STD  Y+@0+3,R25
                 	.ENDM
                 
                 	.MACRO __PUTDZ2
                 	STD  Z+@0,R26
                 	STD  Z+@0+1,R27
                 	STD  Z+@0+2,R24
                 	STD  Z+@0+3,R25
                 	.ENDM
                 
                 	.MACRO __CLRD1S
                 	STD  Y+@0,R30
                 	STD  Y+@0+1,R30
                 	STD  Y+@0+2,R30
                 	STD  Y+@0+3,R30
                 	.ENDM
                 
                 	.MACRO __POINTB1MN
                 	LDI  R30,LOW(@0+(@1))
                 	.ENDM
                 
                 	.MACRO __POINTW1MN
                 	LDI  R30,LOW(@0+(@1))
                 	LDI  R31,HIGH(@0+(@1))
                 	.ENDM
                 
                 	.MACRO __POINTD1M
                 	LDI  R30,LOW(@0)
                 	LDI  R31,HIGH(@0)
                 	LDI  R22,BYTE3(@0)
                 	LDI  R23,BYTE4(@0)
                 	.ENDM
                 
                 	.MACRO __POINTW1FN
                 	LDI  R30,LOW(2*@0+(@1))
                 	LDI  R31,HIGH(2*@0+(@1))
                 	.ENDM
                 
                 	.MACRO __POINTD1FN
                 	LDI  R30,LOW(2*@0+(@1))
                 	LDI  R31,HIGH(2*@0+(@1))
                 	LDI  R22,BYTE3(2*@0+(@1))
                 	LDI  R23,BYTE4(2*@0+(@1))
                 	.ENDM
                 
                 	.MACRO __POINTB2MN
                 	LDI  R26,LOW(@0+(@1))
                 	.ENDM
                 
                 	.MACRO __POINTW2MN
                 	LDI  R26,LOW(@0+(@1))
                 	LDI  R27,HIGH(@0+(@1))
                 	.ENDM
                 
                 	.MACRO __POINTW2FN
                 	LDI  R26,LOW(2*@0+(@1))
                 	LDI  R27,HIGH(2*@0+(@1))
                 	.ENDM
                 
                 	.MACRO __POINTD2FN
                 	LDI  R26,LOW(2*@0+(@1))
                 	LDI  R27,HIGH(2*@0+(@1))
                 	LDI  R24,BYTE3(2*@0+(@1))
                 	LDI  R25,BYTE4(2*@0+(@1))
                 	.ENDM
                 
                 	.MACRO __POINTBRM
                 	LDI  R@0,LOW(@1)
                 	.ENDM
                 
                 	.MACRO __POINTWRM
                 	LDI  R@0,LOW(@2)
                 	LDI  R@1,HIGH(@2)
                 	.ENDM
                 
                 	.MACRO __POINTBRMN
                 	LDI  R@0,LOW(@1+(@2))
                 	.ENDM
                 
                 	.MACRO __POINTWRMN
                 	LDI  R@0,LOW(@2+(@3))
                 	LDI  R@1,HIGH(@2+(@3))
                 	.ENDM
                 
                 	.MACRO __POINTWRFN
                 	LDI  R@0,LOW(@2*2+(@3))
                 	LDI  R@1,HIGH(@2*2+(@3))
                 	.ENDM
                 
                 	.MACRO __GETD1N
                 	LDI  R30,LOW(@0)
                 	LDI  R31,HIGH(@0)
                 	LDI  R22,BYTE3(@0)
                 	LDI  R23,BYTE4(@0)
                 	.ENDM
                 
                 	.MACRO __GETD2N
                 	LDI  R26,LOW(@0)
                 	LDI  R27,HIGH(@0)
                 	LDI  R24,BYTE3(@0)
                 	LDI  R25,BYTE4(@0)
                 	.ENDM
                 
                 	.MACRO __GETB1MN
                 	LDS  R30,@0+(@1)
                 	.ENDM
                 
                 	.MACRO __GETB1HMN
                 	LDS  R31,@0+(@1)
                 	.ENDM
                 
                 	.MACRO __GETW1MN
                 	LDS  R30,@0+(@1)
                 	LDS  R31,@0+(@1)+1
                 	.ENDM
                 
                 	.MACRO __GETD1MN
                 	LDS  R30,@0+(@1)
                 	LDS  R31,@0+(@1)+1
                 	LDS  R22,@0+(@1)+2
                 	LDS  R23,@0+(@1)+3
                 	.ENDM
                 
                 	.MACRO __GETBRMN
                 	LDS  R@0,@1+(@2)
                 	.ENDM
                 
                 	.MACRO __GETWRMN
                 	LDS  R@0,@2+(@3)
                 	LDS  R@1,@2+(@3)+1
                 	.ENDM
                 
                 	.MACRO __GETWRZ
                 	LDD  R@0,Z+@2
                 	LDD  R@1,Z+@2+1
                 	.ENDM
                 
                 	.MACRO __GETD2Z
                 	LDD  R26,Z+@0
                 	LDD  R27,Z+@0+1
                 	LDD  R24,Z+@0+2
                 	LDD  R25,Z+@0+3
                 	.ENDM
                 
                 	.MACRO __GETB2MN
                 	LDS  R26,@0+(@1)
                 	.ENDM
                 
                 	.MACRO __GETW2MN
                 	LDS  R26,@0+(@1)
                 	LDS  R27,@0+(@1)+1
                 	.ENDM
                 
                 	.MACRO __GETD2MN
                 	LDS  R26,@0+(@1)
                 	LDS  R27,@0+(@1)+1
                 	LDS  R24,@0+(@1)+2
                 	LDS  R25,@0+(@1)+3
                 	.ENDM
                 
                 	.MACRO __PUTB1MN
                 	STS  @0+(@1),R30
                 	.ENDM
                 
                 	.MACRO __PUTW1MN
                 	STS  @0+(@1),R30
                 	STS  @0+(@1)+1,R31
                 	.ENDM
                 
                 	.MACRO __PUTD1MN
                 	STS  @0+(@1),R30
                 	STS  @0+(@1)+1,R31
                 	STS  @0+(@1)+2,R22
                 	STS  @0+(@1)+3,R23
                 	.ENDM
                 
                 	.MACRO __PUTB1EN
                 	LDI  R26,LOW(@0+(@1))
                 	LDI  R27,HIGH(@0+(@1))
                 	CALL __EEPROMWRB
                 	.ENDM
                 
                 	.MACRO __PUTW1EN
                 	LDI  R26,LOW(@0+(@1))
                 	LDI  R27,HIGH(@0+(@1))
                 	CALL __EEPROMWRW
                 	.ENDM
                 
                 	.MACRO __PUTD1EN
                 	LDI  R26,LOW(@0+(@1))
                 	LDI  R27,HIGH(@0+(@1))
                 	CALL __EEPROMWRD
                 	.ENDM
                 
                 	.MACRO __PUTBR0MN
                 	STS  @0+(@1),R0
                 	.ENDM
                 
                 	.MACRO __PUTBMRN
                 	STS  @0+(@1),R@2
                 	.ENDM
                 
                 	.MACRO __PUTWMRN
                 	STS  @0+(@1),R@2
                 	STS  @0+(@1)+1,R@3
                 	.ENDM
                 
                 	.MACRO __PUTBZR
                 	STD  Z+@1,R@0
                 	.ENDM
                 
                 	.MACRO __PUTWZR
                 	STD  Z+@2,R@0
                 	STD  Z+@2+1,R@1
                 	.ENDM
                 
                 	.MACRO __GETW1R
                 	MOV  R30,R@0
                 	MOV  R31,R@1
                 	.ENDM
                 
                 	.MACRO __GETW2R
                 	MOV  R26,R@0
                 	MOV  R27,R@1
                 	.ENDM
                 
                 	.MACRO __GETWRN
                 	LDI  R@0,LOW(@2)
                 	LDI  R@1,HIGH(@2)
                 	.ENDM
                 
                 	.MACRO __PUTW1R
                 	MOV  R@0,R30
                 	MOV  R@1,R31
                 	.ENDM
                 
                 	.MACRO __PUTW2R
                 	MOV  R@0,R26
                 	MOV  R@1,R27
                 	.ENDM
                 
                 	.MACRO __ADDWRN
                 	SUBI R@0,LOW(-@2)
                 	SBCI R@1,HIGH(-@2)
                 	.ENDM
                 
                 	.MACRO __ADDWRR
                 	ADD  R@0,R@2
                 	ADC  R@1,R@3
                 	.ENDM
                 
                 	.MACRO __SUBWRN
                 	SUBI R@0,LOW(@2)
                 	SBCI R@1,HIGH(@2)
                 	.ENDM
                 
                 	.MACRO __SUBWRR
                 	SUB  R@0,R@2
                 	SBC  R@1,R@3
                 	.ENDM
                 
                 	.MACRO __ANDWRN
                 	ANDI R@0,LOW(@2)
                 	ANDI R@1,HIGH(@2)
                 	.ENDM
                 
                 	.MACRO __ANDWRR
                 	AND  R@0,R@2
                 	AND  R@1,R@3
                 	.ENDM
                 
                 	.MACRO __ORWRN
                 	ORI  R@0,LOW(@2)
                 	ORI  R@1,HIGH(@2)
                 	.ENDM
                 
                 	.MACRO __ORWRR
                 	OR   R@0,R@2
                 	OR   R@1,R@3
                 	.ENDM
                 
                 	.MACRO __EORWRR
                 	EOR  R@0,R@2
                 	EOR  R@1,R@3
                 	.ENDM
                 
                 	.MACRO __GETWRS
                 	LDD  R@0,Y+@2
                 	LDD  R@1,Y+@2+1
                 	.ENDM
                 
                 	.MACRO __PUTBSR
                 	STD  Y+@1,R@0
                 	.ENDM
                 
                 	.MACRO __PUTWSR
                 	STD  Y+@2,R@0
                 	STD  Y+@2+1,R@1
                 	.ENDM
                 
                 	.MACRO __MOVEWRR
                 	MOV  R@0,R@2
                 	MOV  R@1,R@3
                 	.ENDM
                 
                 	.MACRO __INWR
                 	IN   R@0,@2
                 	IN   R@1,@2+1
                 	.ENDM
                 
                 	.MACRO __OUTWR
                 	OUT  @2+1,R@1
                 	OUT  @2,R@0
                 	.ENDM
                 
                 	.MACRO __CALL1MN
                 	LDS  R30,@0+(@1)
                 	LDS  R31,@0+(@1)+1
                 	ICALL
                 	.ENDM
                 
                 	.MACRO __CALL1FN
                 	LDI  R30,LOW(2*@0+(@1))
                 	LDI  R31,HIGH(2*@0+(@1))
                 	CALL __GETW1PF
                 	ICALL
                 	.ENDM
                 
                 	.MACRO __CALL2EN
                 	PUSH R26
                 	PUSH R27
                 	LDI  R26,LOW(@0+(@1))
                 	LDI  R27,HIGH(@0+(@1))
                 	CALL __EEPROMRDW
                 	POP  R27
                 	POP  R26
                 	ICALL
                 	.ENDM
                 
                 	.MACRO __CALL2EX
                 	SUBI R26,LOW(-@0)
                 	SBCI R27,HIGH(-@0)
                 	CALL __EEPROMRDD
                 	ICALL
                 	.ENDM
                 
                 	.MACRO __GETW1STACK
                 	IN   R30,SPL
                 	IN   R31,SPH
                 	ADIW R30,@0+1
                 	LD   R0,Z+
                 	LD   R31,Z
                 	MOV  R30,R0
                 	.ENDM
                 
                 	.MACRO __GETD1STACK
                 	IN   R30,SPL
                 	IN   R31,SPH
                 	ADIW R30,@0+1
                 	LD   R0,Z+
                 	LD   R1,Z+
                 	LD   R22,Z
                 	MOVW R30,R0
                 	.ENDM
                 
                 	.MACRO __NBST
                 	BST  R@0,@1
                 	IN   R30,SREG
                 	LDI  R31,0x40
                 	EOR  R30,R31
                 	OUT  SREG,R30
                 	.ENDM
                 
                 
                 	.MACRO __PUTB1SN
                 	LDD  R26,Y+@0
                 	LDD  R27,Y+@0+1
                 	SUBI R26,LOW(-@1)
                 	SBCI R27,HIGH(-@1)
                 	ST   X,R30
                 	.ENDM
                 
                 	.MACRO __PUTW1SN
                 	LDD  R26,Y+@0
                 	LDD  R27,Y+@0+1
                 	SUBI R26,LOW(-@1)
                 	SBCI R27,HIGH(-@1)
                 	ST   X+,R30
                 	ST   X,R31
                 	.ENDM
                 
                 	.MACRO __PUTD1SN
                 	LDD  R26,Y+@0
                 	LDD  R27,Y+@0+1
                 	SUBI R26,LOW(-@1)
                 	SBCI R27,HIGH(-@1)
                 	CALL __PUTDP1
                 	.ENDM
                 
                 	.MACRO __PUTB1SNS
                 	LDD  R26,Y+@0
                 	LDD  R27,Y+@0+1
                 	ADIW R26,@1
                 	ST   X,R30
                 	.ENDM
                 
                 	.MACRO __PUTW1SNS
                 	LDD  R26,Y+@0
                 	LDD  R27,Y+@0+1
                 	ADIW R26,@1
                 	ST   X+,R30
                 	ST   X,R31
                 	.ENDM
                 
                 	.MACRO __PUTD1SNS
                 	LDD  R26,Y+@0
                 	LDD  R27,Y+@0+1
                 	ADIW R26,@1
                 	CALL __PUTDP1
                 	.ENDM
                 
                 	.MACRO __PUTB1PMN
                 	LDS  R26,@0
                 	LDS  R27,@0+1
                 	SUBI R26,LOW(-@1)
                 	SBCI R27,HIGH(-@1)
                 	ST   X,R30
                 	.ENDM
                 
                 	.MACRO __PUTW1PMN
                 	LDS  R26,@0
                 	LDS  R27,@0+1
                 	SUBI R26,LOW(-@1)
                 	SBCI R27,HIGH(-@1)
                 	ST   X+,R30
                 	ST   X,R31
                 	.ENDM
                 
                 	.MACRO __PUTD1PMN
                 	LDS  R26,@0
                 	LDS  R27,@0+1
                 	SUBI R26,LOW(-@1)
                 	SBCI R27,HIGH(-@1)
                 	CALL __PUTDP1
                 	.ENDM
                 
                 	.MACRO __PUTB1PMNS
                 	LDS  R26,@0
                 	LDS  R27,@0+1
                 	ADIW R26,@1
                 	ST   X,R30
                 	.ENDM
                 
                 	.MACRO __PUTW1PMNS
                 	LDS  R26,@0
                 	LDS  R27,@0+1
                 	ADIW R26,@1
                 	ST   X+,R30
                 	ST   X,R31
                 	.ENDM
                 
                 	.MACRO __PUTD1PMNS
                 	LDS  R26,@0
                 	LDS  R27,@0+1
                 	ADIW R26,@1
                 	CALL __PUTDP1
                 	.ENDM
                 
                 	.MACRO __PUTB1RN
                 	MOVW R26,R@0
                 	SUBI R26,LOW(-@1)
                 	SBCI R27,HIGH(-@1)
                 	ST   X,R30
                 	.ENDM
                 
                 	.MACRO __PUTW1RN
                 	MOVW R26,R@0
                 	SUBI R26,LOW(-@1)
                 	SBCI R27,HIGH(-@1)
                 	ST   X+,R30
                 	ST   X,R31
                 	.ENDM
                 
                 	.MACRO __PUTD1RN
                 	MOVW R26,R@0
                 	SUBI R26,LOW(-@1)
                 	SBCI R27,HIGH(-@1)
                 	CALL __PUTDP1
                 	.ENDM
                 
                 	.MACRO __PUTB1RNS
                 	MOVW R26,R@0
                 	ADIW R26,@1
                 	ST   X,R30
                 	.ENDM
                 
                 	.MACRO __PUTW1RNS
                 	MOVW R26,R@0
                 	ADIW R26,@1
                 	ST   X+,R30
                 	ST   X,R31
                 	.ENDM
                 
                 	.MACRO __PUTD1RNS
                 	MOVW R26,R@0
                 	ADIW R26,@1
                 	CALL __PUTDP1
                 	.ENDM
                 
                 	.MACRO __PUTB1RON
                 	MOV  R26,R@0
                 	MOV  R27,R@1
                 	SUBI R26,LOW(-@2)
                 	SBCI R27,HIGH(-@2)
                 	ST   X,R30
                 	.ENDM
                 
                 	.MACRO __PUTW1RON
                 	MOV  R26,R@0
                 	MOV  R27,R@1
                 	SUBI R26,LOW(-@2)
                 	SBCI R27,HIGH(-@2)
                 	ST   X+,R30
                 	ST   X,R31
                 	.ENDM
                 
                 	.MACRO __PUTD1RON
                 	MOV  R26,R@0
                 	MOV  R27,R@1
                 	SUBI R26,LOW(-@2)
                 	SBCI R27,HIGH(-@2)
                 	CALL __PUTDP1
                 	.ENDM
                 
                 	.MACRO __PUTB1RONS
                 	MOV  R26,R@0
                 	MOV  R27,R@1
                 	ADIW R26,@2
                 	ST   X,R30
                 	.ENDM
                 
                 	.MACRO __PUTW1RONS
                 	MOV  R26,R@0
                 	MOV  R27,R@1
                 	ADIW R26,@2
                 	ST   X+,R30
                 	ST   X,R31
                 	.ENDM
                 
                 	.MACRO __PUTD1RONS
                 	MOV  R26,R@0
                 	MOV  R27,R@1
                 	ADIW R26,@2
                 	CALL __PUTDP1
                 	.ENDM
                 
                 
                 	.MACRO __GETB1SX
                 	MOVW R30,R28
                 	SUBI R30,LOW(-@0)
                 	SBCI R31,HIGH(-@0)
                 	LD   R30,Z
                 	.ENDM
                 
                 	.MACRO __GETB1HSX
                 	MOVW R30,R28
                 	SUBI R30,LOW(-@0)
                 	SBCI R31,HIGH(-@0)
                 	LD   R31,Z
                 	.ENDM
                 
                 	.MACRO __GETW1SX
                 	MOVW R30,R28
                 	SUBI R30,LOW(-@0)
                 	SBCI R31,HIGH(-@0)
                 	LD   R0,Z+
                 	LD   R31,Z
                 	MOV  R30,R0
                 	.ENDM
                 
                 	.MACRO __GETD1SX
                 	MOVW R30,R28
                 	SUBI R30,LOW(-@0)
                 	SBCI R31,HIGH(-@0)
                 	LD   R0,Z+
                 	LD   R1,Z+
                 	LD   R22,Z+
                 	LD   R23,Z
                 	MOVW R30,R0
                 	.ENDM
                 
                 	.MACRO __GETB2SX
                 	MOVW R26,R28
                 	SUBI R26,LOW(-@0)
                 	SBCI R27,HIGH(-@0)
                 	LD   R26,X
                 	.ENDM
                 
                 	.MACRO __GETW2SX
                 	MOVW R26,R28
                 	SUBI R26,LOW(-@0)
                 	SBCI R27,HIGH(-@0)
                 	LD   R0,X+
                 	LD   R27,X
                 	MOV  R26,R0
                 	.ENDM
                 
                 	.MACRO __GETD2SX
                 	MOVW R26,R28
                 	SUBI R26,LOW(-@0)
                 	SBCI R27,HIGH(-@0)
                 	LD   R0,X+
                 	LD   R1,X+
                 	LD   R24,X+
                 	LD   R25,X
                 	MOVW R26,R0
                 	.ENDM
                 
                 	.MACRO __GETBRSX
                 	MOVW R30,R28
                 	SUBI R30,LOW(-@1)
                 	SBCI R31,HIGH(-@1)
                 	LD   R@0,Z
                 	.ENDM
                 
                 	.MACRO __GETWRSX
                 	MOVW R30,R28
                 	SUBI R30,LOW(-@2)
                 	SBCI R31,HIGH(-@2)
                 	LD   R@0,Z+
                 	LD   R@1,Z
                 	.ENDM
                 
                 	.MACRO __GETBRSX2
                 	MOVW R26,R28
                 	SUBI R26,LOW(-@1)
                 	SBCI R27,HIGH(-@1)
                 	LD   R@0,X
                 	.ENDM
                 
                 	.MACRO __GETWRSX2
                 	MOVW R26,R28
                 	SUBI R26,LOW(-@2)
                 	SBCI R27,HIGH(-@2)
                 	LD   R@0,X+
                 	LD   R@1,X
                 	.ENDM
                 
                 	.MACRO __LSLW8SX
                 	MOVW R30,R28
                 	SUBI R30,LOW(-@0)
                 	SBCI R31,HIGH(-@0)
                 	LD   R31,Z
                 	CLR  R30
                 	.ENDM
                 
                 	.MACRO __PUTB1SX
                 	MOVW R26,R28
                 	SUBI R26,LOW(-@0)
                 	SBCI R27,HIGH(-@0)
                 	ST   X,R30
                 	.ENDM
                 
                 	.MACRO __PUTW1SX
                 	MOVW R26,R28
                 	SUBI R26,LOW(-@0)
                 	SBCI R27,HIGH(-@0)
                 	ST   X+,R30
                 	ST   X,R31
                 	.ENDM
                 
                 	.MACRO __PUTD1SX
                 	MOVW R26,R28
                 	SUBI R26,LOW(-@0)
                 	SBCI R27,HIGH(-@0)
                 	ST   X+,R30
                 	ST   X+,R31
                 	ST   X+,R22
                 	ST   X,R23
                 	.ENDM
                 
                 	.MACRO __CLRW1SX
                 	MOVW R26,R28
                 	SUBI R26,LOW(-@0)
                 	SBCI R27,HIGH(-@0)
                 	ST   X+,R30
                 	ST   X,R30
                 	.ENDM
                 
                 	.MACRO __CLRD1SX
                 	MOVW R26,R28
                 	SUBI R26,LOW(-@0)
                 	SBCI R27,HIGH(-@0)
                 	ST   X+,R30
                 	ST   X+,R30
                 	ST   X+,R30
                 	ST   X,R30
                 	.ENDM
                 
                 	.MACRO __PUTB2SX
                 	MOVW R30,R28
                 	SUBI R30,LOW(-@0)
                 	SBCI R31,HIGH(-@0)
                 	ST   Z,R26
                 	.ENDM
                 
                 	.MACRO __PUTW2SX
                 	MOVW R30,R28
                 	SUBI R30,LOW(-@0)
                 	SBCI R31,HIGH(-@0)
                 	ST   Z+,R26
                 	ST   Z,R27
                 	.ENDM
                 
                 	.MACRO __PUTD2SX
                 	MOVW R30,R28
                 	SUBI R30,LOW(-@0)
                 	SBCI R31,HIGH(-@0)
                 	ST   Z+,R26
                 	ST   Z+,R27
                 	ST   Z+,R24
                 	ST   Z,R25
                 	.ENDM
                 
                 	.MACRO __PUTBSRX
                 	MOVW R30,R28
                 	SUBI R30,LOW(-@1)
                 	SBCI R31,HIGH(-@1)
                 	ST   Z,R@0
                 	.ENDM
                 
                 	.MACRO __PUTWSRX
                 	MOVW R30,R28
                 	SUBI R30,LOW(-@2)
                 	SBCI R31,HIGH(-@2)
                 	ST   Z+,R@0
                 	ST   Z,R@1
                 	.ENDM
                 
                 	.MACRO __PUTB1SNX
                 	MOVW R26,R28
                 	SUBI R26,LOW(-@0)
                 	SBCI R27,HIGH(-@0)
                 	LD   R0,X+
                 	LD   R27,X
                 	MOV  R26,R0
                 	SUBI R26,LOW(-@1)
                 	SBCI R27,HIGH(-@1)
                 	ST   X,R30
                 	.ENDM
                 
                 	.MACRO __PUTW1SNX
                 	MOVW R26,R28
                 	SUBI R26,LOW(-@0)
                 	SBCI R27,HIGH(-@0)
                 	LD   R0,X+
                 	LD   R27,X
                 	MOV  R26,R0
                 	SUBI R26,LOW(-@1)
                 	SBCI R27,HIGH(-@1)
                 	ST   X+,R30
                 	ST   X,R31
                 	.ENDM
                 
                 	.MACRO __PUTD1SNX
                 	MOVW R26,R28
                 	SUBI R26,LOW(-@0)
                 	SBCI R27,HIGH(-@0)
                 	LD   R0,X+
                 	LD   R27,X
                 	MOV  R26,R0
                 	SUBI R26,LOW(-@1)
                 	SBCI R27,HIGH(-@1)
                 	ST   X+,R30
                 	ST   X+,R31
                 	ST   X+,R22
                 	ST   X,R23
                 	.ENDM
                 
                 	.MACRO __MULBRR
                 	MULS R@0,R@1
                 	MOVW R30,R0
                 	.ENDM
                 
                 	.MACRO __MULBRRU
                 	MUL  R@0,R@1
                 	MOVW R30,R0
                 	.ENDM
                 
                 	.MACRO __MULBRR0
                 	MULS R@0,R@1
                 	.ENDM
                 
                 	.MACRO __MULBRRU0
                 	MUL  R@0,R@1
                 	.ENDM
                 
                 	.MACRO __MULBNWRU
                 	LDI  R26,@2
                 	MUL  R26,R@0
                 	MOVW R30,R0
                 	MUL  R26,R@1
                 	ADD  R31,R0
                 	.ENDM
                 
                 ;NAME DEFINITIONS FOR GLOBAL VARIABLES ALLOCATED TO REGISTERS
                 	.DEF _h=R5
                 	.DEF _m=R4
                 	.DEF _s=R7
                 	.DEF _w=R6
                 	.DEF _d=R9
                 	.DEF _mn=R8
                 	.DEF _y=R11
                 	.DEF __lcd_x=R10
                 	.DEF __lcd_y=R13
                 	.DEF __lcd_maxx=R12
                 
                 	.CSEG
                 	.ORG 0x00
                 
                 ;START OF CODE MARKER
                 __START_OF_CODE:
                 
                 ;INTERRUPT VECTORS
000000 940c 0048 	JMP  __RESET
000002 940c 0000 	JMP  0x00
000004 940c 0000 	JMP  0x00
000006 940c 0000 	JMP  0x00
000008 940c 0000 	JMP  0x00
00000a 940c 0000 	JMP  0x00
00000c 940c 0000 	JMP  0x00
00000e 940c 0000 	JMP  0x00
000010 940c 0000 	JMP  0x00
000012 940c 0000 	JMP  0x00
000014 940c 0000 	JMP  0x00
000016 940c 0000 	JMP  0x00
000018 940c 0000 	JMP  0x00
00001a 940c 0000 	JMP  0x00
00001c 940c 0000 	JMP  0x00
00001e 940c 0000 	JMP  0x00
000020 940c 0000 	JMP  0x00
000022 940c 0000 	JMP  0x00
000024 940c 0000 	JMP  0x00
000026 940c 0000 	JMP  0x00
000028 940c 0000 	JMP  0x00
                 
                 _tbl10_G101:
00002a 2710
00002b 03e8
00002c 0064
00002d 000a      	.DB  0x10,0x27,0xE8,0x3,0x64,0x0,0xA,0x0
00002e 0001      	.DB  0x1,0x0
                 _tbl16_G101:
00002f 1000
000030 0100
000031 0010
000032 0001      	.DB  0x0,0x10,0x0,0x1,0x10,0x0,0x1,0x0
                 
                 _0x0:
000033 4954
000034 454d
000035 203e
000036 6425      	.DB  0x54,0x49,0x4D,0x45,0x3E,0x20,0x25,0x64
000037 2520
000038 2064
000039 6425
00003a 4400      	.DB  0x20,0x25,0x64,0x20,0x25,0x64,0x0,0x44
00003b 5441
00003c 3e45
00003d 2520
00003e 2064      	.DB  0x41,0x54,0x45,0x3E,0x20,0x25,0x64,0x20
00003f 6425
000040 2520
000041 2564
000042 0064      	.DB  0x25,0x64,0x20,0x25,0x64,0x25,0x64,0x0
                 _0x2040003:
000043 c080      	.DB  0x80,0xC0
                 
                 __GLOBAL_INI_TBL:
000044 0002      	.DW  0x02
000045 0260      	.DW  __base_y_G102
000046 0086      	.DW  _0x2040003*2
                 
                 _0xFFFFFFFF:
000047 0000      	.DW  0
                 
                 #define __GLOBAL_INI_TBL_PRESENT 1
                 
                 __RESET:
000048 94f8      	CLI
000049 27ee      	CLR  R30
00004a bbec      	OUT  EECR,R30
                 
                 ;INTERRUPT VECTORS ARE PLACED
                 ;AT THE START OF FLASH
00004b e0f1      	LDI  R31,1
00004c bffb      	OUT  GICR,R31
00004d bfeb      	OUT  GICR,R30
00004e bfe5      	OUT  MCUCR,R30
                 
                 ;CLEAR R2-R14
00004f e08d      	LDI  R24,(14-2)+1
000050 e0a2      	LDI  R26,2
000051 27bb      	CLR  R27
                 __CLEAR_REG:
000052 93ed      	ST   X+,R30
000053 958a      	DEC  R24
000054 f7e9      	BRNE __CLEAR_REG
                 
                 ;CLEAR SRAM
000055 e080      	LDI  R24,LOW(__CLEAR_SRAM_SIZE)
000056 e098      	LDI  R25,HIGH(__CLEAR_SRAM_SIZE)
000057 e6a0      	LDI  R26,__SRAM_START
                 __CLEAR_SRAM:
000058 93ed      	ST   X+,R30
000059 9701      	SBIW R24,1
00005a f7e9      	BRNE __CLEAR_SRAM
                 
                 ;GLOBAL VARIABLES INITIALIZATION
00005b e8e8      	LDI  R30,LOW(__GLOBAL_INI_TBL*2)
00005c e0f0      	LDI  R31,HIGH(__GLOBAL_INI_TBL*2)
                 __GLOBAL_INI_NEXT:
00005d 9185      	LPM  R24,Z+
00005e 9195      	LPM  R25,Z+
00005f 9700      	SBIW R24,0
000060 f061      	BREQ __GLOBAL_INI_END
000061 91a5      	LPM  R26,Z+
000062 91b5      	LPM  R27,Z+
000063 9005      	LPM  R0,Z+
000064 9015      	LPM  R1,Z+
000065 01bf      	MOVW R22,R30
000066 01f0      	MOVW R30,R0
                 __GLOBAL_INI_LOOP:
000067 9005      	LPM  R0,Z+
000068 920d      	ST   X+,R0
000069 9701      	SBIW R24,1
00006a f7e1      	BRNE __GLOBAL_INI_LOOP
00006b 01fb      	MOVW R30,R22
00006c cff0      	RJMP __GLOBAL_INI_NEXT
                 __GLOBAL_INI_END:
                 
                 ;HARDWARE STACK POINTER INITIALIZATION
00006d e5ef      	LDI  R30,LOW(__SRAM_END-__HEAP_SIZE)
00006e bfed      	OUT  SPL,R30
00006f e0e8      	LDI  R30,HIGH(__SRAM_END-__HEAP_SIZE)
000070 bfee      	OUT  SPH,R30
                 
                 ;DATA STACK POINTER INITIALIZATION
000071 e6c0      	LDI  R28,LOW(__SRAM_START+__DSTACK_SIZE)
000072 e0d2      	LDI  R29,HIGH(__SRAM_START+__DSTACK_SIZE)
                 
000073 940c 0075 	JMP  _main
                 
                 	.ESEG
                 	.ORG 0
                 
                 	.DSEG
                 	.ORG 0x260
                 
                 	.CSEG
                 ;/*******************************************************
                 ;This program was created by the
                 ;CodeWizardAVR V3.12 Advanced
                 ;Automatic Program Generator
                 ;© Copyright 1998-2014 Pavel Haiduc, HP InfoTech s.r.l.
                 ;http://www.hpinfotech.com
                 ;
                 ;Project : Az11_MobinaKashanian
                 ;Version :
                 ;Date    : 7/18/2020
                 ;Author  : Mobina Kashanian
                 ;Company : 96522321
                 ;Comments:
                 ;
                 ;
                 ;Chip type               : ATmega32
                 ;Program type            : Application
                 ;AVR Core Clock frequency: 8.000000 MHz
                 ;Memory model            : Small
                 ;External RAM size       : 0
                 ;Data Stack size         : 512
                 ;*******************************************************/
                 ;
                 ;#include <mega32.h>
                 	#ifndef __SLEEP_DEFINED__
                 	#define __SLEEP_DEFINED__
                 	.EQU __se_bit=0x80
                 	.EQU __sm_mask=0x70
                 	.EQU __sm_powerdown=0x20
                 	.EQU __sm_powersave=0x30
                 	.EQU __sm_standby=0x60
                 	.EQU __sm_ext_standby=0x70
                 	.EQU __sm_adc_noise_red=0x10
                 	.SET power_ctrl_reg=mcucr
                 	#endif
                 ;#include <delay.h>
                 ;// I2C Bus functions
                 ;#include <i2c.h>
                 ;
                 ;// DS1307 Real Time Clock functions
                 ;#include <ds1307.h>
                 ;#include <stdio.h>
                 ;
                 ;// Alphanumeric LCD functions
                 ;#include <alcd.h>
                 ;
                 ;// Declare your global variables here
                 ;unsigned char h,m,s;
                 ;unsigned char w,d,mn,y;
                 ;void main(void)
                 ; 0000 0028 {
                 
                 	.CSEG
                 _main:
                 ; .FSTART _main
                 ; 0000 0029 // Declare your local variables here
                 ; 0000 002A 
                 ; 0000 002B // Input/Output Ports initialization
                 ; 0000 002C // Port A initialization
                 ; 0000 002D // Function: Bit7=In Bit6=In Bit5=In Bit4=In Bit3=In Bit2=In Bit1=In Bit0=In
                 ; 0000 002E DDRA=(0<<DDA7) | (0<<DDA6) | (0<<DDA5) | (0<<DDA4) | (0<<DDA3) | (0<<DDA2) | (0<<DDA1) | (0<<DDA0);
000075 e0e0      	LDI  R30,LOW(0)
000076 bbea      	OUT  0x1A,R30
                 ; 0000 002F // State: Bit7=T Bit6=T Bit5=T Bit4=T Bit3=T Bit2=T Bit1=T Bit0=T
                 ; 0000 0030 PORTA=(0<<PORTA7) | (0<<PORTA6) | (0<<PORTA5) | (0<<PORTA4) | (0<<PORTA3) | (0<<PORTA2) | (0<<PORTA1) | (0<<PORTA0);
000077 bbeb      	OUT  0x1B,R30
                 ; 0000 0031 
                 ; 0000 0032 // Port B initialization
                 ; 0000 0033 // Function: Bit7=In Bit6=In Bit5=In Bit4=In Bit3=In Bit2=In Bit1=In Bit0=In
                 ; 0000 0034 DDRB=(0<<DDB7) | (0<<DDB6) | (0<<DDB5) | (0<<DDB4) | (0<<DDB3) | (0<<DDB2) | (0<<DDB1) | (0<<DDB0);
000078 bbe7      	OUT  0x17,R30
                 ; 0000 0035 // State: Bit7=T Bit6=T Bit5=T Bit4=T Bit3=T Bit2=T Bit1=T Bit0=T
                 ; 0000 0036 PORTB=(0<<PORTB7) | (0<<PORTB6) | (0<<PORTB5) | (0<<PORTB4) | (0<<PORTB3) | (0<<PORTB2) | (0<<PORTB1) | (0<<PORTB0);
000079 bbe8      	OUT  0x18,R30
                 ; 0000 0037 
                 ; 0000 0038 // Port C initialization
                 ; 0000 0039 // Function: Bit7=In Bit6=In Bit5=In Bit4=In Bit3=In Bit2=In Bit1=In Bit0=In
                 ; 0000 003A DDRC=(0<<DDC7) | (0<<DDC6) | (0<<DDC5) | (0<<DDC4) | (0<<DDC3) | (0<<DDC2) | (0<<DDC1) | (0<<DDC0);
00007a bbe4      	OUT  0x14,R30
                 ; 0000 003B // State: Bit7=T Bit6=T Bit5=T Bit4=T Bit3=T Bit2=T Bit1=T Bit0=T
                 ; 0000 003C PORTC=(0<<PORTC7) | (0<<PORTC6) | (0<<PORTC5) | (0<<PORTC4) | (0<<PORTC3) | (0<<PORTC2) | (0<<PORTC1) | (0<<PORTC0);
00007b bbe5      	OUT  0x15,R30
                 ; 0000 003D 
                 ; 0000 003E // Port D initialization
                 ; 0000 003F // Function: Bit7=In Bit6=In Bit5=In Bit4=In Bit3=In Bit2=In Bit1=In Bit0=In
                 ; 0000 0040 DDRD=(0<<DDD7) | (0<<DDD6) | (0<<DDD5) | (0<<DDD4) | (0<<DDD3) | (0<<DDD2) | (0<<DDD1) | (0<<DDD0);
00007c bbe1      	OUT  0x11,R30
                 ; 0000 0041 // State: Bit7=T Bit6=T Bit5=T Bit4=T Bit3=T Bit2=T Bit1=T Bit0=T
                 ; 0000 0042 PORTD=(0<<PORTD7) | (0<<PORTD6) | (0<<PORTD5) | (0<<PORTD4) | (0<<PORTD3) | (0<<PORTD2) | (0<<PORTD1) | (0<<PORTD0);
00007d bbe2      	OUT  0x12,R30
                 ; 0000 0043 
                 ; 0000 0044 // Timer/Counter 0 initialization
                 ; 0000 0045 // Clock source: System Clock
                 ; 0000 0046 // Clock value: Timer 0 Stopped
                 ; 0000 0047 // Mode: Normal top=0xFF
                 ; 0000 0048 // OC0 output: Disconnected
                 ; 0000 0049 TCCR0=(0<<WGM00) | (0<<COM01) | (0<<COM00) | (0<<WGM01) | (0<<CS02) | (0<<CS01) | (0<<CS00);
00007e bfe3      	OUT  0x33,R30
                 ; 0000 004A TCNT0=0x00;
00007f bfe2      	OUT  0x32,R30
                 ; 0000 004B OCR0=0x00;
000080 bfec      	OUT  0x3C,R30
                 ; 0000 004C 
                 ; 0000 004D // Timer/Counter 1 initialization
                 ; 0000 004E // Clock source: System Clock
                 ; 0000 004F // Clock value: Timer1 Stopped
                 ; 0000 0050 // Mode: Normal top=0xFFFF
                 ; 0000 0051 // OC1A output: Disconnected
                 ; 0000 0052 // OC1B output: Disconnected
                 ; 0000 0053 // Noise Canceler: Off
                 ; 0000 0054 // Input Capture on Falling Edge
                 ; 0000 0055 // Timer1 Overflow Interrupt: Off
                 ; 0000 0056 // Input Capture Interrupt: Off
                 ; 0000 0057 // Compare A Match Interrupt: Off
                 ; 0000 0058 // Compare B Match Interrupt: Off
                 ; 0000 0059 TCCR1A=(0<<COM1A1) | (0<<COM1A0) | (0<<COM1B1) | (0<<COM1B0) | (0<<WGM11) | (0<<WGM10);
000081 bdef      	OUT  0x2F,R30
                 ; 0000 005A TCCR1B=(0<<ICNC1) | (0<<ICES1) | (0<<WGM13) | (0<<WGM12) | (0<<CS12) | (0<<CS11) | (0<<CS10);
000082 bdee      	OUT  0x2E,R30
                 ; 0000 005B TCNT1H=0x00;
000083 bded      	OUT  0x2D,R30
                 ; 0000 005C TCNT1L=0x00;
000084 bdec      	OUT  0x2C,R30
                 ; 0000 005D ICR1H=0x00;
000085 bde7      	OUT  0x27,R30
                 ; 0000 005E ICR1L=0x00;
000086 bde6      	OUT  0x26,R30
                 ; 0000 005F OCR1AH=0x00;
000087 bdeb      	OUT  0x2B,R30
                 ; 0000 0060 OCR1AL=0x00;
000088 bdea      	OUT  0x2A,R30
                 ; 0000 0061 OCR1BH=0x00;
000089 bde9      	OUT  0x29,R30
                 ; 0000 0062 OCR1BL=0x00;
00008a bde8      	OUT  0x28,R30
                 ; 0000 0063 
                 ; 0000 0064 // Timer/Counter 2 initialization
                 ; 0000 0065 // Clock source: System Clock
                 ; 0000 0066 // Clock value: Timer2 Stopped
                 ; 0000 0067 // Mode: Normal top=0xFF
                 ; 0000 0068 // OC2 output: Disconnected
                 ; 0000 0069 ASSR=0<<AS2;
00008b bde2      	OUT  0x22,R30
                 ; 0000 006A TCCR2=(0<<PWM2) | (0<<COM21) | (0<<COM20) | (0<<CTC2) | (0<<CS22) | (0<<CS21) | (0<<CS20);
00008c bde5      	OUT  0x25,R30
                 ; 0000 006B TCNT2=0x00;
00008d bde4      	OUT  0x24,R30
                 ; 0000 006C OCR2=0x00;
00008e bde3      	OUT  0x23,R30
                 ; 0000 006D 
                 ; 0000 006E // Timer(s)/Counter(s) Interrupt(s) initialization
                 ; 0000 006F TIMSK=(0<<OCIE2) | (0<<TOIE2) | (0<<TICIE1) | (0<<OCIE1A) | (0<<OCIE1B) | (0<<TOIE1) | (0<<OCIE0) | (0<<TOIE0);
00008f bfe9      	OUT  0x39,R30
                 ; 0000 0070 
                 ; 0000 0071 // External Interrupt(s) initialization
                 ; 0000 0072 // INT0: Off
                 ; 0000 0073 // INT1: Off
                 ; 0000 0074 // INT2: Off
                 ; 0000 0075 MCUCR=(0<<ISC11) | (0<<ISC10) | (0<<ISC01) | (0<<ISC00);
000090 bfe5      	OUT  0x35,R30
                 ; 0000 0076 MCUCSR=(0<<ISC2);
000091 bfe4      	OUT  0x34,R30
                 ; 0000 0077 
                 ; 0000 0078 // USART initialization
                 ; 0000 0079 // USART disabled
                 ; 0000 007A UCSRB=(0<<RXCIE) | (0<<TXCIE) | (0<<UDRIE) | (0<<RXEN) | (0<<TXEN) | (0<<UCSZ2) | (0<<RXB8) | (0<<TXB8);
000092 b9ea      	OUT  0xA,R30
                 ; 0000 007B 
                 ; 0000 007C // Analog Comparator initialization
                 ; 0000 007D // Analog Comparator: Off
                 ; 0000 007E // The Analog Comparator's positive input is
                 ; 0000 007F // connected to the AIN0 pin
                 ; 0000 0080 // The Analog Comparator's negative input is
                 ; 0000 0081 // connected to the AIN1 pin
                 ; 0000 0082 ACSR=(1<<ACD) | (0<<ACBG) | (0<<ACO) | (0<<ACI) | (0<<ACIE) | (0<<ACIC) | (0<<ACIS1) | (0<<ACIS0);
000093 e8e0      	LDI  R30,LOW(128)
000094 b9e8      	OUT  0x8,R30
                 ; 0000 0083 SFIOR=(0<<ACME);
000095 e0e0      	LDI  R30,LOW(0)
000096 bfe0      	OUT  0x30,R30
                 ; 0000 0084 
                 ; 0000 0085 // ADC initialization
                 ; 0000 0086 // ADC disabled
                 ; 0000 0087 ADCSRA=(0<<ADEN) | (0<<ADSC) | (0<<ADATE) | (0<<ADIF) | (0<<ADIE) | (0<<ADPS2) | (0<<ADPS1) | (0<<ADPS0);
000097 b9e6      	OUT  0x6,R30
                 ; 0000 0088 
                 ; 0000 0089 // SPI initialization
                 ; 0000 008A // SPI disabled
                 ; 0000 008B SPCR=(0<<SPIE) | (0<<SPE) | (0<<DORD) | (0<<MSTR) | (0<<CPOL) | (0<<CPHA) | (0<<SPR1) | (0<<SPR0);
000098 b9ed      	OUT  0xD,R30
                 ; 0000 008C 
                 ; 0000 008D // TWI initialization
                 ; 0000 008E // TWI disabled
                 ; 0000 008F TWCR=(0<<TWEA) | (0<<TWSTA) | (0<<TWSTO) | (0<<TWEN) | (0<<TWIE);
000099 bfe6      	OUT  0x36,R30
                 ; 0000 0090 
                 ; 0000 0091 // Bit-Banged I2C Bus initialization
                 ; 0000 0092 // I2C Port: PORTC
                 ; 0000 0093 // I2C SDA bit: 1
                 ; 0000 0094 // I2C SCL bit: 0
                 ; 0000 0095 // Bit Rate: 100 kHz
                 ; 0000 0096 // Note: I2C settings are specified in the
                 ; 0000 0097 // Project|Configure|C Compiler|Libraries|I2C menu.
                 ; 0000 0098 i2c_init();
00009a 940e 0412 	CALL _i2c_init
                 ; 0000 0099 
                 ; 0000 009A // DS1307 Real Time Clock initialization
                 ; 0000 009B // Square wave output on pin SQW/OUT: Off
                 ; 0000 009C // SQW/OUT pin state: 0
                 ; 0000 009D rtc_init(0,0,0);
00009c e0e0      	LDI  R30,LOW(0)
00009d 93ea      	ST   -Y,R30
00009e 93ea      	ST   -Y,R30
00009f e0a0      	LDI  R26,LOW(0)
0000a0 d064      	RCALL _rtc_init
                 ; 0000 009E 
                 ; 0000 009F // Alphanumeric LCD initialization
                 ; 0000 00A0 // Connections are specified in the
                 ; 0000 00A1 // Project|Configure|C Compiler|Libraries|Alphanumeric LCD menu:
                 ; 0000 00A2 // RS - PORTA Bit 0
                 ; 0000 00A3 // RD - PORTA Bit 1
                 ; 0000 00A4 // EN - PORTA Bit 2
                 ; 0000 00A5 // D4 - PORTA Bit 4
                 ; 0000 00A6 // D5 - PORTA Bit 5
                 ; 0000 00A7 // D6 - PORTA Bit 6
                 ; 0000 00A8 // D7 - PORTA Bit 7
                 ; 0000 00A9 // Characters/line: 8
                 ; 0000 00AA lcd_init(16);
0000a1 e1a0      	LDI  R26,LOW(16)
0000a2 940e 035a 	CALL _lcd_init
                 ; 0000 00AB 
                 ; 0000 00AC 
                 ; 0000 00AD while (1)
                 _0x3:
                 ; 0000 00AE       {
                 ; 0000 00AF       // Place your code here
                 ; 0000 00B0         unsigned char time[16];
                 ; 0000 00B1         unsigned char date[16];
                 ; 0000 00B2         rtc_get_time(&h,&m,&s);
0000a4 97a0      	SBIW R28,32
                 ;	time -> Y+16
                 ;	date -> Y+0
0000a5 e0e5      	LDI  R30,LOW(5)
0000a6 e0f0      	LDI  R31,HIGH(5)
0000a7 93fa      	ST   -Y,R31
0000a8 93ea      	ST   -Y,R30
0000a9 e0e4      	LDI  R30,LOW(4)
0000aa e0f0      	LDI  R31,HIGH(4)
0000ab 93fa      	ST   -Y,R31
0000ac 93ea      	ST   -Y,R30
0000ad e0a7      	LDI  R26,LOW(7)
0000ae e0b0      	LDI  R27,HIGH(7)
0000af d06f      	RCALL _rtc_get_time
                 ; 0000 00B3         sprintf(time, "TIME> %d %d %d", h, m, s);
0000b0 01fe      	MOVW R30,R28
0000b1 9670      	ADIW R30,16
0000b2 93fa      	ST   -Y,R31
0000b3 93ea      	ST   -Y,R30
                +
0000b4 e6e6     +LDI R30 , LOW ( 2 * _0x0 + ( 0 ) )
0000b5 e0f0     +LDI R31 , HIGH ( 2 * _0x0 + ( 0 ) )
                 	__POINTW1FN _0x0,0
0000b6 93fa      	ST   -Y,R31
0000b7 93ea      	ST   -Y,R30
0000b8 2de5      	MOV  R30,R5
0000b9 940e 03ae 	CALL SUBOPT_0x0
0000bb 2de4      	MOV  R30,R4
0000bc 940e 03ae 	CALL SUBOPT_0x0
0000be 2de7      	MOV  R30,R7
0000bf 940e 03ae 	CALL SUBOPT_0x0
0000c1 e08c      	LDI  R24,12
0000c2 940e 02c7 	CALL _sprintf
0000c4 9660      	ADIW R28,16
                 ; 0000 00B4         lcd_clear();
0000c5 940e 0328 	CALL _lcd_clear
                 ; 0000 00B5         lcd_gotoxy(0, 0);
0000c7 e0e0      	LDI  R30,LOW(0)
0000c8 93ea      	ST   -Y,R30
0000c9 e0a0      	LDI  R26,LOW(0)
0000ca 940e 031b 	CALL _lcd_gotoxy
                 ; 0000 00B6         lcd_puts(time);
0000cc 01de      	MOVW R26,R28
0000cd 9650      	ADIW R26,16
0000ce 940e 0349 	CALL _lcd_puts
                 ; 0000 00B7         rtc_get_date(&w,&d,&mn,&y);
0000d0 e0e6      	LDI  R30,LOW(6)
0000d1 e0f0      	LDI  R31,HIGH(6)
0000d2 93fa      	ST   -Y,R31
0000d3 93ea      	ST   -Y,R30
0000d4 e0e9      	LDI  R30,LOW(9)
0000d5 e0f0      	LDI  R31,HIGH(9)
0000d6 93fa      	ST   -Y,R31
0000d7 93ea      	ST   -Y,R30
0000d8 e0e8      	LDI  R30,LOW(8)
0000d9 e0f0      	LDI  R31,HIGH(8)
0000da 93fa      	ST   -Y,R31
0000db 93ea      	ST   -Y,R30
0000dc e0ab      	LDI  R26,LOW(11)
0000dd e0b0      	LDI  R27,HIGH(11)
0000de d059      	RCALL _rtc_get_date
                 ; 0000 00B8         sprintf(date,"DATE> %d %d %d%d",d ,mn, y,y);
0000df 01fe      	MOVW R30,R28
0000e0 93fa      	ST   -Y,R31
0000e1 93ea      	ST   -Y,R30
                +
0000e2 e7e5     +LDI R30 , LOW ( 2 * _0x0 + ( 15 ) )
0000e3 e0f0     +LDI R31 , HIGH ( 2 * _0x0 + ( 15 ) )
                 	__POINTW1FN _0x0,15
0000e4 93fa      	ST   -Y,R31
0000e5 93ea      	ST   -Y,R30
0000e6 2de9      	MOV  R30,R9
0000e7 940e 03ae 	CALL SUBOPT_0x0
0000e9 2de8      	MOV  R30,R8
0000ea 940e 03ae 	CALL SUBOPT_0x0
0000ec 2deb      	MOV  R30,R11
0000ed 940e 03ae 	CALL SUBOPT_0x0
0000ef 2deb      	MOV  R30,R11
0000f0 940e 03ae 	CALL SUBOPT_0x0
0000f2 e180      	LDI  R24,16
0000f3 940e 02c7 	CALL _sprintf
0000f5 9664      	ADIW R28,20
                 ; 0000 00B9         lcd_gotoxy(0, 1);
0000f6 e0e0      	LDI  R30,LOW(0)
0000f7 93ea      	ST   -Y,R30
0000f8 e0a1      	LDI  R26,LOW(1)
0000f9 940e 031b 	CALL _lcd_gotoxy
                 ; 0000 00BA         lcd_puts(date);
0000fb 01de      	MOVW R26,R28
0000fc 940e 0349 	CALL _lcd_puts
                 ; 0000 00BB         delay_ms(100);
0000fe e6a4      	LDI  R26,LOW(100)
0000ff e0b0      	LDI  R27,0
000100 940e 0463 	CALL _delay_ms
                 ; 0000 00BC 
                 ; 0000 00BD       }
000102 96a0      	ADIW R28,32
000103 cfa0      	RJMP _0x3
                 ; 0000 00BE }
                 _0x6:
000104 cfff      	RJMP _0x6
                 ; .FEND
                 
                 	.CSEG
                 _rtc_init:
                 ; .FSTART _rtc_init
000105 93aa      	ST   -Y,R26
000106 81ea      	LDD  R30,Y+2
000107 70e3      	ANDI R30,LOW(0x3)
000108 83ea      	STD  Y+2,R30
000109 81e9      	LDD  R30,Y+1
00010a 30e0      	CPI  R30,0
00010b f019      	BREQ _0x2000003
00010c 81ea      	LDD  R30,Y+2
00010d 61e0      	ORI  R30,0x10
00010e 83ea      	STD  Y+2,R30
                 _0x2000003:
00010f 81e8      	LD   R30,Y
000110 30e0      	CPI  R30,0
000111 f019      	BREQ _0x2000004
000112 81ea      	LDD  R30,Y+2
000113 68e0      	ORI  R30,0x80
000114 83ea      	STD  Y+2,R30
                 _0x2000004:
000115 940e 03b4 	CALL SUBOPT_0x1
000117 e0a7      	LDI  R26,LOW(7)
000118 940e 044b 	CALL _i2c_write
00011a 81aa      	LDD  R26,Y+2
00011b 940e 03b9 	CALL SUBOPT_0x2
00011d 940c 0358 	JMP  _0x20C0002
                 ; .FEND
                 _rtc_get_time:
                 ; .FSTART _rtc_get_time
00011f 93ba      	ST   -Y,R27
000120 93aa      	ST   -Y,R26
000121 940e 03b4 	CALL SUBOPT_0x1
000123 e0a0      	LDI  R26,LOW(0)
000124 940e 03b9 	CALL SUBOPT_0x2
000126 940e 03bd 	CALL SUBOPT_0x3
000128 940e 03c5 	CALL SUBOPT_0x4
00012a 940e 03cc 	CALL SUBOPT_0x5
00012c 940e 03d2 	CALL SUBOPT_0x6
00012e 2fae      	MOV  R26,R30
00012f 940e 0388 	CALL _bcd2bin
000131 81ac      	LDD  R26,Y+4
000132 81bd      	LDD  R27,Y+4+1
000133 93ec      	ST   X,R30
000134 940e 0426 	CALL _i2c_stop
000136 9626      	ADIW R28,6
000137 9508      	RET
                 ; .FEND
                 _rtc_get_date:
                 ; .FSTART _rtc_get_date
000138 93ba      	ST   -Y,R27
000139 93aa      	ST   -Y,R26
00013a 940e 03b4 	CALL SUBOPT_0x1
00013c e0a3      	LDI  R26,LOW(3)
00013d 940e 03b9 	CALL SUBOPT_0x2
00013f 940e 03bd 	CALL SUBOPT_0x3
000141 81ae      	LDD  R26,Y+6
000142 81bf      	LDD  R27,Y+6+1
000143 93ec      	ST   X,R30
000144 940e 03cc 	CALL SUBOPT_0x5
000146 81ac      	LDD  R26,Y+4
000147 81bd      	LDD  R27,Y+4+1
000148 93ec      	ST   X,R30
000149 940e 03cc 	CALL SUBOPT_0x5
00014b 940e 03d2 	CALL SUBOPT_0x6
00014d 940e 03c5 	CALL SUBOPT_0x4
00014f 940e 0426 	CALL _i2c_stop
000151 9628      	ADIW R28,8
000152 9508      	RET
                 ; .FEND
                 	#ifndef __SLEEP_DEFINED__
                 	#endif
                 
                 	.CSEG
                 _put_buff_G101:
                 ; .FSTART _put_buff_G101
000153 93ba      	ST   -Y,R27
000154 93aa      	ST   -Y,R26
000155 931a      	ST   -Y,R17
000156 930a      	ST   -Y,R16
000157 81aa      	LDD  R26,Y+2
000158 81bb      	LDD  R27,Y+2+1
000159 9612      	ADIW R26,2
00015a 940e 0475 	CALL __GETW1P
00015c 9730      	SBIW R30,0
00015d f159      	BREQ _0x2020010
00015e 81aa      	LDD  R26,Y+2
00015f 81bb      	LDD  R27,Y+2+1
000160 9614      	ADIW R26,4
000161 940e 0475 	CALL __GETW1P
000163 018f      	MOVW R16,R30
000164 9730      	SBIW R30,0
000165 f061      	BREQ _0x2020012
                +
000166 3002     +CPI R16 , LOW ( 2 )
000167 e0e0     +LDI R30 , HIGH ( 2 )
000168 071e     +CPC R17 , R30
                 	__CPWRN 16,17,2
000169 f098      	BRLO _0x2020013
00016a 01f8      	MOVW R30,R16
00016b 9731      	SBIW R30,1
00016c 018f      	MOVW R16,R30
                +
00016d 81aa     +LDD R26 , Y + 2
00016e 81bb     +LDD R27 , Y + 2 + 1
00016f 9614     +ADIW R26 , 4
000170 93ed     +ST X + , R30
000171 93fc     +ST X , R31
                 	__PUTW1SNS 2,4
                 _0x2020012:
000172 81aa      	LDD  R26,Y+2
000173 81bb      	LDD  R27,Y+2+1
000174 9612      	ADIW R26,2
000175 91ed      	LD   R30,X+
000176 91fd      	LD   R31,X+
000177 9631      	ADIW R30,1
000178 93fe      	ST   -X,R31
000179 93ee      	ST   -X,R30
00017a 9731      	SBIW R30,1
00017b 81ac      	LDD  R26,Y+4
00017c 83a0      	STD  Z+0,R26
                 _0x2020013:
00017d 81aa      	LDD  R26,Y+2
00017e 81bb      	LDD  R27,Y+2+1
00017f 940e 0475 	CALL __GETW1P
000181 23ff      	TST  R31
000182 f02a      	BRMI _0x2020014
000183 91ed      	LD   R30,X+
000184 91fd      	LD   R31,X+
000185 9631      	ADIW R30,1
000186 93fe      	ST   -X,R31
000187 93ee      	ST   -X,R30
                 _0x2020014:
000188 c006      	RJMP _0x2020015
                 _0x2020010:
000189 81aa      	LDD  R26,Y+2
00018a 81bb      	LDD  R27,Y+2+1
00018b efef      	LDI  R30,LOW(65535)
00018c efff      	LDI  R31,HIGH(65535)
00018d 93ed      	ST   X+,R30
00018e 93fc      	ST   X,R31
                 _0x2020015:
00018f 8119      	LDD  R17,Y+1
000190 8108      	LDD  R16,Y+0
000191 9625      	ADIW R28,5
000192 9508      	RET
                 ; .FEND
                 __print_G101:
                 ; .FSTART __print_G101
000193 93ba      	ST   -Y,R27
000194 93aa      	ST   -Y,R26
000195 9726      	SBIW R28,6
000196 940e 0482 	CALL __SAVELOCR6
000198 e010      	LDI  R17,0
000199 85ac      	LDD  R26,Y+12
00019a 85bd      	LDD  R27,Y+12+1
00019b e0e0      	LDI  R30,LOW(0)
00019c e0f0      	LDI  R31,HIGH(0)
00019d 93ed      	ST   X+,R30
00019e 93fc      	ST   X,R31
                 _0x2020016:
00019f 89ea      	LDD  R30,Y+18
0001a0 89fb      	LDD  R31,Y+18+1
0001a1 9631      	ADIW R30,1
0001a2 8bea      	STD  Y+18,R30
0001a3 8bfb      	STD  Y+18+1,R31
0001a4 9731      	SBIW R30,1
0001a5 91e4      	LPM  R30,Z
0001a6 2f2e      	MOV  R18,R30
0001a7 30e0      	CPI  R30,0
0001a8 f409      	BRNE PC+2
0001a9 c115      	RJMP _0x2020018
0001aa 2fe1      	MOV  R30,R17
0001ab 30e0      	CPI  R30,0
0001ac f439      	BRNE _0x202001C
0001ad 3225      	CPI  R18,37
0001ae f411      	BRNE _0x202001D
0001af e011      	LDI  R17,LOW(1)
0001b0 c002      	RJMP _0x202001E
                 _0x202001D:
0001b1 940e 03d8 	CALL SUBOPT_0x7
                 _0x202001E:
0001b3 c10a      	RJMP _0x202001B
                 _0x202001C:
0001b4 30e1      	CPI  R30,LOW(0x1)
0001b5 f4a9      	BRNE _0x202001F
0001b6 3225      	CPI  R18,37
0001b7 f419      	BRNE _0x2020020
0001b8 940e 03d8 	CALL SUBOPT_0x7
0001ba c102      	RJMP _0x20200CC
                 _0x2020020:
0001bb e012      	LDI  R17,LOW(2)
0001bc e040      	LDI  R20,LOW(0)
0001bd e000      	LDI  R16,LOW(0)
0001be 322d      	CPI  R18,45
0001bf f411      	BRNE _0x2020021
0001c0 e001      	LDI  R16,LOW(1)
0001c1 c0fc      	RJMP _0x202001B
                 _0x2020021:
0001c2 322b      	CPI  R18,43
0001c3 f411      	BRNE _0x2020022
0001c4 e24b      	LDI  R20,LOW(43)
0001c5 c0f8      	RJMP _0x202001B
                 _0x2020022:
0001c6 3220      	CPI  R18,32
0001c7 f411      	BRNE _0x2020023
0001c8 e240      	LDI  R20,LOW(32)
0001c9 c0f4      	RJMP _0x202001B
                 _0x2020023:
0001ca c002      	RJMP _0x2020024
                 _0x202001F:
0001cb 30e2      	CPI  R30,LOW(0x2)
0001cc f439      	BRNE _0x2020025
                 _0x2020024:
0001cd e050      	LDI  R21,LOW(0)
0001ce e013      	LDI  R17,LOW(3)
0001cf 3320      	CPI  R18,48
0001d0 f411      	BRNE _0x2020026
0001d1 6800      	ORI  R16,LOW(128)
0001d2 c0eb      	RJMP _0x202001B
                 _0x2020026:
0001d3 c003      	RJMP _0x2020027
                 _0x2020025:
0001d4 30e3      	CPI  R30,LOW(0x3)
0001d5 f009      	BREQ PC+2
0001d6 c0e7      	RJMP _0x202001B
                 _0x2020027:
0001d7 3320      	CPI  R18,48
0001d8 f010      	BRLO _0x202002A
0001d9 332a      	CPI  R18,58
0001da f008      	BRLO _0x202002B
                 _0x202002A:
0001db c007      	RJMP _0x2020029
                 _0x202002B:
0001dc e0aa      	LDI  R26,LOW(10)
0001dd 9f5a      	MUL  R21,R26
0001de 2d50      	MOV  R21,R0
0001df 2fe2      	MOV  R30,R18
0001e0 53e0      	SUBI R30,LOW(48)
0001e1 0f5e      	ADD  R21,R30
0001e2 c0db      	RJMP _0x202001B
                 _0x2020029:
0001e3 2fe2      	MOV  R30,R18
0001e4 36e3      	CPI  R30,LOW(0x63)
0001e5 f449      	BRNE _0x202002F
0001e6 940e 03df 	CALL SUBOPT_0x8
0001e8 89e8      	LDD  R30,Y+16
0001e9 89f9      	LDD  R31,Y+16+1
0001ea 81a4      	LDD  R26,Z+4
0001eb 93aa      	ST   -Y,R26
0001ec 940e 03e5 	CALL SUBOPT_0x9
0001ee c0ce      	RJMP _0x2020030
                 _0x202002F:
0001ef 37e3      	CPI  R30,LOW(0x73)
0001f0 f441      	BRNE _0x2020032
0001f1 940e 03df 	CALL SUBOPT_0x8
0001f3 940e 03eb 	CALL SUBOPT_0xA
0001f5 940e 0395 	CALL _strlen
0001f7 2f1e      	MOV  R17,R30
0001f8 c00a      	RJMP _0x2020033
                 _0x2020032:
0001f9 37e0      	CPI  R30,LOW(0x70)
0001fa f461      	BRNE _0x2020035
0001fb 940e 03df 	CALL SUBOPT_0x8
0001fd 940e 03eb 	CALL SUBOPT_0xA
0001ff 940e 03a1 	CALL _strlenf
000201 2f1e      	MOV  R17,R30
000202 6008      	ORI  R16,LOW(8)
                 _0x2020033:
000203 6002      	ORI  R16,LOW(2)
000204 770f      	ANDI R16,LOW(127)
000205 e030      	LDI  R19,LOW(0)
000206 c034      	RJMP _0x2020036
                 _0x2020035:
000207 36e4      	CPI  R30,LOW(0x64)
000208 f011      	BREQ _0x2020039
000209 36e9      	CPI  R30,LOW(0x69)
00020a f411      	BRNE _0x202003A
                 _0x2020039:
00020b 6004      	ORI  R16,LOW(4)
00020c c002      	RJMP _0x202003B
                 _0x202003A:
00020d 37e5      	CPI  R30,LOW(0x75)
00020e f431      	BRNE _0x202003C
                 _0x202003B:
00020f e5e4      	LDI  R30,LOW(_tbl10_G101*2)
000210 e0f0      	LDI  R31,HIGH(_tbl10_G101*2)
000211 83ee      	STD  Y+6,R30
000212 83ff      	STD  Y+6+1,R31
000213 e015      	LDI  R17,LOW(5)
000214 c00c      	RJMP _0x202003D
                 _0x202003C:
000215 35e8      	CPI  R30,LOW(0x58)
000216 f411      	BRNE _0x202003F
000217 6008      	ORI  R16,LOW(8)
000218 c003      	RJMP _0x2020040
                 _0x202003F:
000219 37e8      	CPI  R30,LOW(0x78)
00021a f009      	BREQ PC+2
00021b c0a1      	RJMP _0x2020071
                 _0x2020040:
00021c e5ee      	LDI  R30,LOW(_tbl16_G101*2)
00021d e0f0      	LDI  R31,HIGH(_tbl16_G101*2)
00021e 83ee      	STD  Y+6,R30
00021f 83ff      	STD  Y+6+1,R31
000220 e014      	LDI  R17,LOW(4)
                 _0x202003D:
000221 ff02      	SBRS R16,2
000222 c014      	RJMP _0x2020042
000223 940e 03df 	CALL SUBOPT_0x8
000225 940e 03f5 	CALL SUBOPT_0xB
000227 85ab      	LDD  R26,Y+11
000228 23aa      	TST  R26
000229 f43a      	BRPL _0x2020043
00022a 85ea      	LDD  R30,Y+10
00022b 85fb      	LDD  R31,Y+10+1
00022c 940e 0471 	CALL __ANEGW1
00022e 87ea      	STD  Y+10,R30
00022f 87fb      	STD  Y+10+1,R31
000230 e24d      	LDI  R20,LOW(45)
                 _0x2020043:
000231 3040      	CPI  R20,0
000232 f011      	BREQ _0x2020044
000233 5f1f      	SUBI R17,-LOW(1)
000234 c001      	RJMP _0x2020045
                 _0x2020044:
000235 7f0b      	ANDI R16,LOW(251)
                 _0x2020045:
000236 c004      	RJMP _0x2020046
                 _0x2020042:
000237 940e 03df 	CALL SUBOPT_0x8
000239 940e 03f5 	CALL SUBOPT_0xB
                 _0x2020046:
                 _0x2020036:
00023b fd00      	SBRC R16,0
00023c c011      	RJMP _0x2020047
                 _0x2020048:
00023d 1715      	CP   R17,R21
00023e f478      	BRSH _0x202004A
00023f ff07      	SBRS R16,7
000240 c008      	RJMP _0x202004B
000241 ff02      	SBRS R16,2
000242 c004      	RJMP _0x202004C
000243 7f0b      	ANDI R16,LOW(251)
000244 2f24      	MOV  R18,R20
000245 5011      	SUBI R17,LOW(1)
000246 c001      	RJMP _0x202004D
                 _0x202004C:
000247 e320      	LDI  R18,LOW(48)
                 _0x202004D:
000248 c001      	RJMP _0x202004E
                 _0x202004B:
000249 e220      	LDI  R18,LOW(32)
                 _0x202004E:
00024a 940e 03d8 	CALL SUBOPT_0x7
00024c 5051      	SUBI R21,LOW(1)
00024d cfef      	RJMP _0x2020048
                 _0x202004A:
                 _0x2020047:
00024e 2f31      	MOV  R19,R17
00024f ff01      	SBRS R16,1
000250 c017      	RJMP _0x202004F
                 _0x2020050:
000251 3030      	CPI  R19,0
000252 f0a1      	BREQ _0x2020052
000253 ff03      	SBRS R16,3
000254 c006      	RJMP _0x2020053
000255 81ee      	LDD  R30,Y+6
000256 81ff      	LDD  R31,Y+6+1
000257 9125      	LPM  R18,Z+
000258 83ee      	STD  Y+6,R30
000259 83ff      	STD  Y+6+1,R31
00025a c005      	RJMP _0x2020054
                 _0x2020053:
00025b 81ae      	LDD  R26,Y+6
00025c 81bf      	LDD  R27,Y+6+1
00025d 912d      	LD   R18,X+
00025e 83ae      	STD  Y+6,R26
00025f 83bf      	STD  Y+6+1,R27
                 _0x2020054:
000260 940e 03d8 	CALL SUBOPT_0x7
000262 3050      	CPI  R21,0
000263 f009      	BREQ _0x2020055
000264 5051      	SUBI R21,LOW(1)
                 _0x2020055:
000265 5031      	SUBI R19,LOW(1)
000266 cfea      	RJMP _0x2020050
                 _0x2020052:
000267 c04b      	RJMP _0x2020056
                 _0x202004F:
                 _0x2020058:
000268 e320      	LDI  R18,LOW(48)
000269 81ee      	LDD  R30,Y+6
00026a 81ff      	LDD  R31,Y+6+1
00026b 940e 0479 	CALL __GETW1PF
00026d 87e8      	STD  Y+8,R30
00026e 87f9      	STD  Y+8+1,R31
00026f 81ee      	LDD  R30,Y+6
000270 81ff      	LDD  R31,Y+6+1
000271 9632      	ADIW R30,2
000272 83ee      	STD  Y+6,R30
000273 83ff      	STD  Y+6+1,R31
                 _0x202005A:
000274 85e8      	LDD  R30,Y+8
000275 85f9      	LDD  R31,Y+8+1
000276 85aa      	LDD  R26,Y+10
000277 85bb      	LDD  R27,Y+10+1
000278 17ae      	CP   R26,R30
000279 07bf      	CPC  R27,R31
00027a f050      	BRLO _0x202005C
00027b 5f2f      	SUBI R18,-LOW(1)
00027c 85a8      	LDD  R26,Y+8
00027d 85b9      	LDD  R27,Y+8+1
00027e 85ea      	LDD  R30,Y+10
00027f 85fb      	LDD  R31,Y+10+1
000280 1bea      	SUB  R30,R26
000281 0bfb      	SBC  R31,R27
000282 87ea      	STD  Y+10,R30
000283 87fb      	STD  Y+10+1,R31
000284 cfef      	RJMP _0x202005A
                 _0x202005C:
000285 332a      	CPI  R18,58
000286 f028      	BRLO _0x202005D
000287 ff03      	SBRS R16,3
000288 c002      	RJMP _0x202005E
000289 5f29      	SUBI R18,-LOW(7)
00028a c001      	RJMP _0x202005F
                 _0x202005E:
00028b 5d29      	SUBI R18,-LOW(39)
                 _0x202005F:
                 _0x202005D:
00028c fd04      	SBRC R16,4
00028d c01a      	RJMP _0x2020061
00028e 3321      	CPI  R18,49
00028f f420      	BRSH _0x2020063
000290 85a8      	LDD  R26,Y+8
000291 85b9      	LDD  R27,Y+8+1
000292 9711      	SBIW R26,1
000293 f409      	BRNE _0x2020062
                 _0x2020063:
000294 c009      	RJMP _0x20200CD
                 _0x2020062:
000295 1753      	CP   R21,R19
000296 f010      	BRLO _0x2020067
000297 ff00      	SBRS R16,0
000298 c001      	RJMP _0x2020068
                 _0x2020067:
000299 c013      	RJMP _0x2020066
                 _0x2020068:
00029a e220      	LDI  R18,LOW(32)
00029b ff07      	SBRS R16,7
00029c c00b      	RJMP _0x2020069
00029d e320      	LDI  R18,LOW(48)
                 _0x20200CD:
00029e 6100      	ORI  R16,LOW(16)
00029f ff02      	SBRS R16,2
0002a0 c007      	RJMP _0x202006A
0002a1 7f0b      	ANDI R16,LOW(251)
0002a2 934a      	ST   -Y,R20
0002a3 940e 03e5 	CALL SUBOPT_0x9
0002a5 3050      	CPI  R21,0
0002a6 f009      	BREQ _0x202006B
0002a7 5051      	SUBI R21,LOW(1)
                 _0x202006B:
                 _0x202006A:
                 _0x2020069:
                 _0x2020061:
0002a8 940e 03d8 	CALL SUBOPT_0x7
0002aa 3050      	CPI  R21,0
0002ab f009      	BREQ _0x202006C
0002ac 5051      	SUBI R21,LOW(1)
                 _0x202006C:
                 _0x2020066:
0002ad 5031      	SUBI R19,LOW(1)
0002ae 85a8      	LDD  R26,Y+8
0002af 85b9      	LDD  R27,Y+8+1
0002b0 9712      	SBIW R26,2
0002b1 f008      	BRLO _0x2020059
0002b2 cfb5      	RJMP _0x2020058
                 _0x2020059:
                 _0x2020056:
0002b3 ff00      	SBRS R16,0
0002b4 c008      	RJMP _0x202006D
                 _0x202006E:
0002b5 3050      	CPI  R21,0
0002b6 f031      	BREQ _0x2020070
0002b7 5051      	SUBI R21,LOW(1)
0002b8 e2e0      	LDI  R30,LOW(32)
0002b9 93ea      	ST   -Y,R30
0002ba 940e 03e5 	CALL SUBOPT_0x9
0002bc cff8      	RJMP _0x202006E
                 _0x2020070:
                 _0x202006D:
                 _0x2020071:
                 _0x2020030:
                 _0x20200CC:
0002bd e010      	LDI  R17,LOW(0)
                 _0x202001B:
0002be cee0      	RJMP _0x2020016
                 _0x2020018:
0002bf 85ac      	LDD  R26,Y+12
0002c0 85bd      	LDD  R27,Y+12+1
0002c1 940e 0475 	CALL __GETW1P
0002c3 940e 0489 	CALL __LOADLOCR6
0002c5 9664      	ADIW R28,20
0002c6 9508      	RET
                 ; .FEND
                 _sprintf:
                 ; .FSTART _sprintf
0002c7 92ff      	PUSH R15
0002c8 2ef8      	MOV  R15,R24
0002c9 9726      	SBIW R28,6
0002ca 940e 0484 	CALL __SAVELOCR4
0002cc 940e 03fd 	CALL SUBOPT_0xC
0002ce 9730      	SBIW R30,0
0002cf f419      	BRNE _0x2020072
0002d0 efef      	LDI  R30,LOW(65535)
0002d1 efff      	LDI  R31,HIGH(65535)
0002d2 c023      	RJMP _0x20C0003
                 _0x2020072:
0002d3 01de      	MOVW R26,R28
0002d4 9616      	ADIW R26,6
0002d5 940e 046d 	CALL __ADDW2R15
0002d7 018d      	MOVW R16,R26
0002d8 940e 03fd 	CALL SUBOPT_0xC
0002da 83ee      	STD  Y+6,R30
0002db 83ff      	STD  Y+6+1,R31
0002dc e0e0      	LDI  R30,LOW(0)
0002dd 87e8      	STD  Y+8,R30
0002de 87e9      	STD  Y+8+1,R30
0002df 01de      	MOVW R26,R28
0002e0 961a      	ADIW R26,10
0002e1 940e 046d 	CALL __ADDW2R15
0002e3 940e 0475 	CALL __GETW1P
0002e5 93fa      	ST   -Y,R31
0002e6 93ea      	ST   -Y,R30
0002e7 931a      	ST   -Y,R17
0002e8 930a      	ST   -Y,R16
0002e9 e5e3      	LDI  R30,LOW(_put_buff_G101)
0002ea e0f1      	LDI  R31,HIGH(_put_buff_G101)
0002eb 93fa      	ST   -Y,R31
0002ec 93ea      	ST   -Y,R30
0002ed 01de      	MOVW R26,R28
0002ee 961a      	ADIW R26,10
0002ef dea3      	RCALL __print_G101
0002f0 019f      	MOVW R18,R30
0002f1 81ae      	LDD  R26,Y+6
0002f2 81bf      	LDD  R27,Y+6+1
0002f3 e0e0      	LDI  R30,LOW(0)
0002f4 93ec      	ST   X,R30
0002f5 01f9      	MOVW R30,R18
                 _0x20C0003:
0002f6 940e 048b 	CALL __LOADLOCR4
0002f8 962a      	ADIW R28,10
0002f9 90ff      	POP  R15
0002fa 9508      	RET
                 ; .FEND
                 	#ifndef __SLEEP_DEFINED__
                 	#endif
                 
                 	.DSEG
                 
                 	.CSEG
                 __lcd_write_nibble_G102:
                 ; .FSTART __lcd_write_nibble_G102
0002fb 93aa      	ST   -Y,R26
0002fc b3eb      	IN   R30,0x1B
0002fd 70ef      	ANDI R30,LOW(0xF)
0002fe 2fae      	MOV  R26,R30
0002ff 81e8      	LD   R30,Y
000300 7fe0      	ANDI R30,LOW(0xF0)
000301 2bea      	OR   R30,R26
000302 bbeb      	OUT  0x1B,R30
                +
000303 e08d     +LDI R24 , LOW ( 13 )
                +__DELAY_USB_LOOP :
000304 958a     +DEC R24
000305 f7f1     +BRNE __DELAY_USB_LOOP
                 	__DELAY_USB 13
000306 9ada      	SBI  0x1B,2
                +
000307 e08d     +LDI R24 , LOW ( 13 )
                +__DELAY_USB_LOOP :
000308 958a     +DEC R24
000309 f7f1     +BRNE __DELAY_USB_LOOP
                 	__DELAY_USB 13
00030a 98da      	CBI  0x1B,2
                +
00030b e08d     +LDI R24 , LOW ( 13 )
                +__DELAY_USB_LOOP :
00030c 958a     +DEC R24
00030d f7f1     +BRNE __DELAY_USB_LOOP
                 	__DELAY_USB 13
00030e c077      	RJMP _0x20C0001
                 ; .FEND
                 __lcd_write_data:
                 ; .FSTART __lcd_write_data
00030f 93aa      	ST   -Y,R26
000310 81a8      	LD   R26,Y
000311 dfe9      	RCALL __lcd_write_nibble_G102
000312 81e8          ld    r30,y
000313 95e2          swap  r30
000314 83e8          st    y,r30
000315 81a8      	LD   R26,Y
000316 dfe4      	RCALL __lcd_write_nibble_G102
                +
000317 e885     +LDI R24 , LOW ( 133 )
                +__DELAY_USB_LOOP :
000318 958a     +DEC R24
000319 f7f1     +BRNE __DELAY_USB_LOOP
                 	__DELAY_USB 133
00031a c06b      	RJMP _0x20C0001
                 ; .FEND
                 _lcd_gotoxy:
                 ; .FSTART _lcd_gotoxy
00031b 93aa      	ST   -Y,R26
00031c 81e8      	LD   R30,Y
00031d e0f0      	LDI  R31,0
00031e 5ae0      	SUBI R30,LOW(-__base_y_G102)
00031f 4ffd      	SBCI R31,HIGH(-__base_y_G102)
000320 81e0      	LD   R30,Z
000321 81a9      	LDD  R26,Y+1
000322 0fae      	ADD  R26,R30
000323 dfeb      	RCALL __lcd_write_data
000324 80a9      	LDD  R10,Y+1
000325 80d8      	LDD  R13,Y+0
000326 9622      	ADIW R28,2
000327 9508      	RET
                 ; .FEND
                 _lcd_clear:
                 ; .FSTART _lcd_clear
000328 e0a2      	LDI  R26,LOW(2)
000329 940e 0404 	CALL SUBOPT_0xD
00032b e0ac      	LDI  R26,LOW(12)
00032c dfe2      	RCALL __lcd_write_data
00032d e0a1      	LDI  R26,LOW(1)
00032e 940e 0404 	CALL SUBOPT_0xD
000330 e0e0      	LDI  R30,LOW(0)
000331 2ede      	MOV  R13,R30
000332 2eae      	MOV  R10,R30
000333 9508      	RET
                 ; .FEND
                 _lcd_putchar:
                 ; .FSTART _lcd_putchar
000334 93aa      	ST   -Y,R26
000335 81a8      	LD   R26,Y
000336 30aa      	CPI  R26,LOW(0xA)
000337 f011      	BREQ _0x2040005
000338 14ac      	CP   R10,R12
000339 f048      	BRLO _0x2040004
                 _0x2040005:
00033a e0e0      	LDI  R30,LOW(0)
00033b 93ea      	ST   -Y,R30
00033c 94d3      	INC  R13
00033d 2dad      	MOV  R26,R13
00033e dfdc      	RCALL _lcd_gotoxy
00033f 81a8      	LD   R26,Y
000340 30aa      	CPI  R26,LOW(0xA)
000341 f409      	BRNE _0x2040007
000342 c043      	RJMP _0x20C0001
                 _0x2040007:
                 _0x2040004:
000343 94a3      	INC  R10
000344 9ad8      	SBI  0x1B,0
000345 81a8      	LD   R26,Y
000346 dfc8      	RCALL __lcd_write_data
000347 98d8      	CBI  0x1B,0
000348 c03d      	RJMP _0x20C0001
                 ; .FEND
                 _lcd_puts:
                 ; .FSTART _lcd_puts
000349 93ba      	ST   -Y,R27
00034a 93aa      	ST   -Y,R26
00034b 931a      	ST   -Y,R17
                 _0x2040008:
00034c 81a9      	LDD  R26,Y+1
00034d 81ba      	LDD  R27,Y+1+1
00034e 91ed      	LD   R30,X+
00034f 83a9      	STD  Y+1,R26
000350 83ba      	STD  Y+1+1,R27
000351 2f1e      	MOV  R17,R30
000352 30e0      	CPI  R30,0
000353 f019      	BREQ _0x204000A
000354 2fa1      	MOV  R26,R17
000355 dfde      	RCALL _lcd_putchar
000356 cff5      	RJMP _0x2040008
                 _0x204000A:
000357 8118      	LDD  R17,Y+0
                 _0x20C0002:
000358 9623      	ADIW R28,3
000359 9508      	RET
                 ; .FEND
                 _lcd_init:
                 ; .FSTART _lcd_init
00035a 93aa      	ST   -Y,R26
00035b b3ea      	IN   R30,0x1A
00035c 6fe0      	ORI  R30,LOW(0xF0)
00035d bbea      	OUT  0x1A,R30
00035e 9ad2      	SBI  0x1A,2
00035f 9ad0      	SBI  0x1A,0
000360 9ad1      	SBI  0x1A,1
000361 98da      	CBI  0x1B,2
000362 98d8      	CBI  0x1B,0
000363 98d9      	CBI  0x1B,1
000364 80c8      	LDD  R12,Y+0
000365 81e8      	LD   R30,Y
000366 58e0      	SUBI R30,-LOW(128)
                +
000367 93e0 0262+STS __base_y_G102 + ( 2 ) , R30
                 	__PUTB1MN __base_y_G102,2
000369 81e8      	LD   R30,Y
00036a 54e0      	SUBI R30,-LOW(192)
                +
00036b 93e0 0263+STS __base_y_G102 + ( 3 ) , R30
                 	__PUTB1MN __base_y_G102,3
00036d e1a4      	LDI  R26,LOW(20)
00036e e0b0      	LDI  R27,0
00036f 940e 0463 	CALL _delay_ms
000371 940e 040a 	CALL SUBOPT_0xE
000373 940e 040a 	CALL SUBOPT_0xE
000375 940e 040a 	CALL SUBOPT_0xE
000377 e2a0      	LDI  R26,LOW(32)
000378 df82      	RCALL __lcd_write_nibble_G102
                +
000379 ec88     +LDI R24 , LOW ( 200 )
00037a e090     +LDI R25 , HIGH ( 200 )
                +__DELAY_USW_LOOP :
00037b 9701     +SBIW R24 , 1
00037c f7f1     +BRNE __DELAY_USW_LOOP
                 	__DELAY_USW 200
00037d e2a8      	LDI  R26,LOW(40)
00037e df90      	RCALL __lcd_write_data
00037f e0a4      	LDI  R26,LOW(4)
000380 df8e      	RCALL __lcd_write_data
000381 e8a5      	LDI  R26,LOW(133)
000382 df8c      	RCALL __lcd_write_data
000383 e0a6      	LDI  R26,LOW(6)
000384 df8a      	RCALL __lcd_write_data
000385 dfa2      	RCALL _lcd_clear
                 _0x20C0001:
000386 9621      	ADIW R28,1
000387 9508      	RET
                 ; .FEND
                 
                 	.CSEG
                 _bcd2bin:
                 ; .FSTART _bcd2bin
000388 93aa      	ST   -Y,R26
000389 81e8          ld   r30,y
00038a 95e2          swap r30
00038b 70ef          andi r30,0xf
00038c 2fae          mov  r26,r30
00038d 0faa          lsl  r26
00038e 0faa          lsl  r26
00038f 0fea          add  r30,r26
000390 0fee          lsl  r30
000391 91a9          ld   r26,y+
000392 70af          andi r26,0xf
000393 0fea          add  r30,r26
000394 9508          ret
                 ; .FEND
                 
                 	.CSEG
                 
                 	.CSEG
                 _strlen:
                 ; .FSTART _strlen
000395 93ba      	ST   -Y,R27
000396 93aa      	ST   -Y,R26
000397 91a9          ld   r26,y+
000398 91b9          ld   r27,y+
000399 27ee          clr  r30
00039a 27ff          clr  r31
                 strlen0:
00039b 916d          ld   r22,x+
00039c 2366          tst  r22
00039d f011          breq strlen1
00039e 9631          adiw r30,1
00039f cffb          rjmp strlen0
                 strlen1:
0003a0 9508          ret
                 ; .FEND
                 _strlenf:
                 ; .FSTART _strlenf
0003a1 93ba      	ST   -Y,R27
0003a2 93aa      	ST   -Y,R26
0003a3 27aa          clr  r26
0003a4 27bb          clr  r27
0003a5 91e9          ld   r30,y+
0003a6 91f9          ld   r31,y+
                 strlenf0:
0003a7 9005      	lpm  r0,z+
0003a8 2000          tst  r0
0003a9 f011          breq strlenf1
0003aa 9611          adiw r26,1
0003ab cffb          rjmp strlenf0
                 strlenf1:
0003ac 01fd          movw r30,r26
0003ad 9508          ret
                 ; .FEND
                 
                 	.DSEG
                 __base_y_G102:
000260           	.BYTE 0x4
                 
                 	.CSEG
                 ;OPTIMIZER ADDED SUBROUTINE, CALLED 7 TIMES, CODE SIZE REDUCTION:15 WORDS
                 SUBOPT_0x0:
0003ae 27ff      	CLR  R31
0003af 2766      	CLR  R22
0003b0 2777      	CLR  R23
0003b1 940e 047d 	CALL __PUTPARD1
0003b3 9508      	RET
                 
                 ;OPTIMIZER ADDED SUBROUTINE, CALLED 3 TIMES, CODE SIZE REDUCTION:3 WORDS
                 SUBOPT_0x1:
0003b4 940e 0417 	CALL _i2c_start
0003b6 eda0      	LDI  R26,LOW(208)
0003b7 940c 044b 	JMP  _i2c_write
                 
                 ;OPTIMIZER ADDED SUBROUTINE, CALLED 3 TIMES, CODE SIZE REDUCTION:1 WORDS
                 SUBOPT_0x2:
0003b9 940e 044b 	CALL _i2c_write
0003bb 940c 0426 	JMP  _i2c_stop
                 
                 ;OPTIMIZER ADDED SUBROUTINE, CALLED 2 TIMES, CODE SIZE REDUCTION:3 WORDS
                 SUBOPT_0x3:
0003bd 940e 0417 	CALL _i2c_start
0003bf eda1      	LDI  R26,LOW(209)
0003c0 940e 044b 	CALL _i2c_write
0003c2 e0a1      	LDI  R26,LOW(1)
0003c3 940c 0430 	JMP  _i2c_read
                 
                 ;OPTIMIZER ADDED SUBROUTINE, CALLED 2 TIMES, CODE SIZE REDUCTION:1 WORDS
                 SUBOPT_0x4:
0003c5 2fae      	MOV  R26,R30
0003c6 940e 0388 	CALL _bcd2bin
0003c8 81a8      	LD   R26,Y
0003c9 81b9      	LDD  R27,Y+1
0003ca 93ec      	ST   X,R30
0003cb 9508      	RET
                 
                 ;OPTIMIZER ADDED SUBROUTINE, CALLED 3 TIMES, CODE SIZE REDUCTION:5 WORDS
                 SUBOPT_0x5:
0003cc e0a1      	LDI  R26,LOW(1)
0003cd 940e 0430 	CALL _i2c_read
0003cf 2fae      	MOV  R26,R30
0003d0 940c 0388 	JMP  _bcd2bin
                 
                 ;OPTIMIZER ADDED SUBROUTINE, CALLED 2 TIMES, CODE SIZE REDUCTION:1 WORDS
                 SUBOPT_0x6:
0003d2 81aa      	LDD  R26,Y+2
0003d3 81bb      	LDD  R27,Y+2+1
0003d4 93ec      	ST   X,R30
0003d5 e0a0      	LDI  R26,LOW(0)
0003d6 940c 0430 	JMP  _i2c_read
                 
                 ;OPTIMIZER ADDED SUBROUTINE, CALLED 5 TIMES, CODE SIZE REDUCTION:13 WORDS
                 SUBOPT_0x7:
0003d8 932a      	ST   -Y,R18
0003d9 85ad      	LDD  R26,Y+13
0003da 85be      	LDD  R27,Y+13+1
0003db 85ef      	LDD  R30,Y+15
0003dc 89f8      	LDD  R31,Y+15+1
0003dd 9509      	ICALL
0003de 9508      	RET
                 
                 ;OPTIMIZER ADDED SUBROUTINE, CALLED 5 TIMES, CODE SIZE REDUCTION:9 WORDS
                 SUBOPT_0x8:
0003df 89e8      	LDD  R30,Y+16
0003e0 89f9      	LDD  R31,Y+16+1
0003e1 9734      	SBIW R30,4
0003e2 8be8      	STD  Y+16,R30
0003e3 8bf9      	STD  Y+16+1,R31
0003e4 9508      	RET
                 
                 ;OPTIMIZER ADDED SUBROUTINE, CALLED 3 TIMES, CODE SIZE REDUCTION:3 WORDS
                 SUBOPT_0x9:
0003e5 85ad      	LDD  R26,Y+13
0003e6 85be      	LDD  R27,Y+13+1
0003e7 85ef      	LDD  R30,Y+15
0003e8 89f8      	LDD  R31,Y+15+1
0003e9 9509      	ICALL
0003ea 9508      	RET
                 
                 ;OPTIMIZER ADDED SUBROUTINE, CALLED 2 TIMES, CODE SIZE REDUCTION:4 WORDS
                 SUBOPT_0xA:
0003eb 89a8      	LDD  R26,Y+16
0003ec 89b9      	LDD  R27,Y+16+1
0003ed 9614      	ADIW R26,4
0003ee 940e 0475 	CALL __GETW1P
0003f0 83ee      	STD  Y+6,R30
0003f1 83ff      	STD  Y+6+1,R31
0003f2 81ae      	LDD  R26,Y+6
0003f3 81bf      	LDD  R27,Y+6+1
0003f4 9508      	RET
                 
                 ;OPTIMIZER ADDED SUBROUTINE, CALLED 2 TIMES, CODE SIZE REDUCTION:2 WORDS
                 SUBOPT_0xB:
0003f5 89a8      	LDD  R26,Y+16
0003f6 89b9      	LDD  R27,Y+16+1
0003f7 9614      	ADIW R26,4
0003f8 940e 0475 	CALL __GETW1P
0003fa 87ea      	STD  Y+10,R30
0003fb 87fb      	STD  Y+10+1,R31
0003fc 9508      	RET
                 
                 ;OPTIMIZER ADDED SUBROUTINE, CALLED 2 TIMES, CODE SIZE REDUCTION:1 WORDS
                 SUBOPT_0xC:
0003fd 01de      	MOVW R26,R28
0003fe 961c      	ADIW R26,12
0003ff 940e 046d 	CALL __ADDW2R15
000401 940e 0475 	CALL __GETW1P
000403 9508      	RET
                 
                 ;OPTIMIZER ADDED SUBROUTINE, CALLED 2 TIMES, CODE SIZE REDUCTION:1 WORDS
                 SUBOPT_0xD:
000404 940e 030f 	CALL __lcd_write_data
000406 e0a3      	LDI  R26,LOW(3)
000407 e0b0      	LDI  R27,0
000408 940c 0463 	JMP  _delay_ms
                 
                 ;OPTIMIZER ADDED SUBROUTINE, CALLED 3 TIMES, CODE SIZE REDUCTION:7 WORDS
                 SUBOPT_0xE:
00040a e3a0      	LDI  R26,LOW(48)
00040b 940e 02fb 	CALL __lcd_write_nibble_G102
                +
00040d ec88     +LDI R24 , LOW ( 200 )
00040e e090     +LDI R25 , HIGH ( 200 )
                +__DELAY_USW_LOOP :
00040f 9701     +SBIW R24 , 1
000410 f7f1     +BRNE __DELAY_USW_LOOP
                 	__DELAY_USW 200
000411 9508      	RET
                 
                 
                 	.CSEG
                 	.equ __sda_bit=1
                 	.equ __scl_bit=0
                 	.equ __i2c_port=0x15 ;PORTC
                 	.equ __i2c_dir=__i2c_port-1
                 	.equ __i2c_pin=__i2c_port-2
                 
                 _i2c_init:
000412 98a8      	cbi  __i2c_port,__scl_bit
000413 98a9      	cbi  __i2c_port,__sda_bit
000414 9aa0      	sbi  __i2c_dir,__scl_bit
000415 98a1      	cbi  __i2c_dir,__sda_bit
000416 c015      	rjmp __i2c_delay2
                 _i2c_start:
000417 98a1      	cbi  __i2c_dir,__sda_bit
000418 98a0      	cbi  __i2c_dir,__scl_bit
000419 27ee      	clr  r30
00041a 0000      	nop
00041b 9b99      	sbis __i2c_pin,__sda_bit
00041c 9508      	ret
00041d 9b98      	sbis __i2c_pin,__scl_bit
00041e 9508      	ret
00041f d004      	rcall __i2c_delay1
000420 9aa1      	sbi  __i2c_dir,__sda_bit
000421 d002      	rcall __i2c_delay1
000422 9aa0      	sbi  __i2c_dir,__scl_bit
000423 e0e1      	ldi  r30,1
                 __i2c_delay1:
000424 e06d      	ldi  r22,13
000425 c007      	rjmp __i2c_delay2l
                 _i2c_stop:
000426 9aa1      	sbi  __i2c_dir,__sda_bit
000427 9aa0      	sbi  __i2c_dir,__scl_bit
000428 d003      	rcall __i2c_delay2
000429 98a0      	cbi  __i2c_dir,__scl_bit
00042a dff9      	rcall __i2c_delay1
00042b 98a1      	cbi  __i2c_dir,__sda_bit
                 __i2c_delay2:
00042c e16b      	ldi  r22,27
                 __i2c_delay2l:
00042d 956a      	dec  r22
00042e f7f1      	brne __i2c_delay2l
00042f 9508      	ret
                 _i2c_read:
000430 e078      	ldi  r23,8
                 __i2c_read0:
000431 98a0      	cbi  __i2c_dir,__scl_bit
000432 dff1      	rcall __i2c_delay1
                 __i2c_read3:
000433 9b98      	sbis __i2c_pin,__scl_bit
000434 cffe      	rjmp __i2c_read3
000435 dfee      	rcall __i2c_delay1
000436 9488      	clc
000437 9999      	sbic __i2c_pin,__sda_bit
000438 9408      	sec
000439 9aa0      	sbi  __i2c_dir,__scl_bit
00043a dff1      	rcall __i2c_delay2
00043b 1fee      	rol  r30
00043c 957a      	dec  r23
00043d f799      	brne __i2c_read0
00043e 2f7a      	mov  r23,r26
00043f 2377      	tst  r23
000440 f411      	brne __i2c_read1
000441 98a1      	cbi  __i2c_dir,__sda_bit
000442 c001      	rjmp __i2c_read2
                 __i2c_read1:
000443 9aa1      	sbi  __i2c_dir,__sda_bit
                 __i2c_read2:
000444 dfdf      	rcall __i2c_delay1
000445 98a0      	cbi  __i2c_dir,__scl_bit
000446 dfe5      	rcall __i2c_delay2
000447 9aa0      	sbi  __i2c_dir,__scl_bit
000448 dfdb      	rcall __i2c_delay1
000449 98a1      	cbi  __i2c_dir,__sda_bit
00044a cfd9      	rjmp __i2c_delay1
                 
                 _i2c_write:
00044b e078      	ldi  r23,8
                 __i2c_write0:
00044c 0faa      	lsl  r26
00044d f410      	brcc __i2c_write1
00044e 98a1      	cbi  __i2c_dir,__sda_bit
00044f c001      	rjmp __i2c_write2
                 __i2c_write1:
000450 9aa1      	sbi  __i2c_dir,__sda_bit
                 __i2c_write2:
000451 dfda      	rcall __i2c_delay2
000452 98a0      	cbi  __i2c_dir,__scl_bit
000453 dfd0      	rcall __i2c_delay1
                 __i2c_write3:
000454 9b98      	sbis __i2c_pin,__scl_bit
000455 cffe      	rjmp __i2c_write3
000456 dfcd      	rcall __i2c_delay1
000457 9aa0      	sbi  __i2c_dir,__scl_bit
000458 957a      	dec  r23
000459 f791      	brne __i2c_write0
00045a 98a1      	cbi  __i2c_dir,__sda_bit
00045b dfc8      	rcall __i2c_delay1
00045c 98a0      	cbi  __i2c_dir,__scl_bit
00045d dfce      	rcall __i2c_delay2
00045e e0e1      	ldi  r30,1
00045f 9999      	sbic __i2c_pin,__sda_bit
000460 27ee      	clr  r30
000461 9aa0      	sbi  __i2c_dir,__scl_bit
000462 cfc1      	rjmp __i2c_delay1
                 
                 _delay_ms:
000463 9610      	adiw r26,0
000464 f039      	breq __delay_ms1
                 __delay_ms0:
                +
000465 ed80     +LDI R24 , LOW ( 0x7D0 )
000466 e097     +LDI R25 , HIGH ( 0x7D0 )
                +__DELAY_USW_LOOP :
000467 9701     +SBIW R24 , 1
000468 f7f1     +BRNE __DELAY_USW_LOOP
                 	__DELAY_USW 0x7D0
000469 95a8      	wdr
00046a 9711      	sbiw r26,1
00046b f7c9      	brne __delay_ms0
                 __delay_ms1:
00046c 9508      	ret
                 
                 __ADDW2R15:
00046d 2400      	CLR  R0
00046e 0daf      	ADD  R26,R15
00046f 1db0      	ADC  R27,R0
000470 9508      	RET
                 
                 __ANEGW1:
000471 95f1      	NEG  R31
000472 95e1      	NEG  R30
000473 40f0      	SBCI R31,0
000474 9508      	RET
                 
                 __GETW1P:
000475 91ed      	LD   R30,X+
000476 91fc      	LD   R31,X
000477 9711      	SBIW R26,1
000478 9508      	RET
                 
                 __GETW1PF:
000479 9005      	LPM  R0,Z+
00047a 91f4      	LPM  R31,Z
00047b 2de0      	MOV  R30,R0
00047c 9508      	RET
                 
                 __PUTPARD1:
00047d 937a      	ST   -Y,R23
00047e 936a      	ST   -Y,R22
00047f 93fa      	ST   -Y,R31
000480 93ea      	ST   -Y,R30
000481 9508      	RET
                 
                 __SAVELOCR6:
000482 935a      	ST   -Y,R21
                 __SAVELOCR5:
000483 934a      	ST   -Y,R20
                 __SAVELOCR4:
000484 933a      	ST   -Y,R19
                 __SAVELOCR3:
000485 932a      	ST   -Y,R18
                 __SAVELOCR2:
000486 931a      	ST   -Y,R17
000487 930a      	ST   -Y,R16
000488 9508      	RET
                 
                 __LOADLOCR6:
000489 815d      	LDD  R21,Y+5
                 __LOADLOCR5:
00048a 814c      	LDD  R20,Y+4
                 __LOADLOCR4:
00048b 813b      	LDD  R19,Y+3
                 __LOADLOCR3:
00048c 812a      	LDD  R18,Y+2
                 __LOADLOCR2:
00048d 8119      	LDD  R17,Y+1
00048e 8108      	LD   R16,Y
00048f 9508      	RET
                 
                 ;END OF CODE MARKER
                 __END_OF_CODE:


RESOURCE USE INFORMATION
------------------------

Notice:
The register and instruction counts are symbol table hit counts,
and hence implicitly used resources are not counted, eg, the
'lpm' instruction without operands implicitly uses r0 and z,
none of which are counted.

x,y,z are separate entities in the symbol table and are
counted separately from r26..r31 here.

.dseg memory usage only counts static data declared with .byte

ATmega32 register use summary:
r0 :  11 r1 :   1 r2 :   0 r3 :   0 r4 :   1 r5 :   1 r6 :   0 r7 :   1 
r8 :   1 r9 :   1 r10:   4 r11:   2 r12:   2 r13:   4 r14:   0 r15:   4 
r16:  34 r17:  24 r18:  29 r19:   8 r20:   9 r21:  17 r22:   9 r23:   8 
r24:  24 r25:   5 r26: 134 r27:  46 r28:  23 r29:   1 r30: 243 r31:  70 
x  :  28 y  : 210 z  :  15 
Registers used: 31 out of 35 (88.6%)

ATmega32 instruction use summary:
.lds  :   0 .lds.l:   0 .sts  :   0 .sts.l:   0 adc   :   1 add   :   5 
adiw  :  30 and   :   0 andi  :   9 asr   :   0 bclr  :   0 bld   :   0 
brbc  :   0 brbs  :   0 brcc  :   1 brcs  :   0 break :   0 breq  :  19 
brge  :   0 brhc  :   0 brhs  :   0 brid  :   0 brie  :   0 brlo  :   8 
brlt  :   0 brmi  :   1 brne  :  34 brpl  :   1 brsh  :   2 brtc  :   0 
brts  :   0 brvc  :   0 brvs  :   0 bset  :   0 bst   :   0 call  :  89 
cbi   :  20 cbr   :   0 clc   :   1 clh   :   0 cli   :   1 cln   :   0 
clr   :  12 cls   :   0 clt   :   0 clv   :   0 clz   :   0 com   :   0 
cp    :   4 cpc   :   2 cpi   :  35 cpse  :   0 dec   :   8 des   :   0 
eor   :   0 fmul  :   0 fmuls :   0 fmulsu:   0 icall :   2 ijmp  :   0 
in    :   2 inc   :   2 jmp   :  29 ld    :  29 ldd   :  91 ldi   : 121 
lds   :   0 lpm   :  14 lsl   :   4 lsr   :   0 mov   :  29 movw  :  18 
mul   :   1 muls  :   0 mulsu :   0 neg   :   2 nop   :   1 or    :   1 
ori   :   9 out   :  42 pop   :   1 push  :   1 rcall :  32 ret   :  32 
reti  :   0 rjmp  :  67 rol   :   1 ror   :   0 sbc   :   1 sbci  :   2 
sbi   :  16 sbic  :   2 sbis  :   4 sbiw  :  20 sbr   :   0 sbrc  :   2 
sbrs  :  10 sec   :   1 seh   :   0 sei   :   0 sen   :   0 ser   :   0 
ses   :   0 set   :   0 sev   :   0 sez   :   0 sleep :   0 spm   :   0 
st    :  87 std   :  34 sts   :   2 sub   :   1 subi  :  16 swap  :   2 
tst   :   5 wdr   :   1 
Instructions used: 60 out of 116 (51.7%)

ATmega32 memory use summary [bytes]:
Segment   Begin    End      Code   Data   Used    Size   Use%
---------------------------------------------------------------
[.cseg] 0x000000 0x000920   2276     60   2336   32768   7.1%
[.dseg] 0x000060 0x000264      0      4      4    2048   0.2%
[.eseg] 0x000000 0x000000      0      0      0    1024   0.0%

Assembly complete, 0 errors, 10 warnings
