
AVRASM ver. 2.1.30  C:\Users\AVAJANG\Desktop\Az11_MobinaKashanian_96522321\AZ06_MobinaKashanian_96522321\Debug\List\AZ06_MobinaKashanian_96522321.asm Sun Jul 19 18:37:05 2020

C:\Users\AVAJANG\Desktop\Az11_MobinaKashanian_96522321\AZ06_MobinaKashanian_96522321\Debug\List\AZ06_MobinaKashanian_96522321.asm(1088): warning: Register r4 already defined by the .DEF directive
C:\Users\AVAJANG\Desktop\Az11_MobinaKashanian_96522321\AZ06_MobinaKashanian_96522321\Debug\List\AZ06_MobinaKashanian_96522321.asm(1089): warning: Register r5 already defined by the .DEF directive
C:\Users\AVAJANG\Desktop\Az11_MobinaKashanian_96522321\AZ06_MobinaKashanian_96522321\Debug\List\AZ06_MobinaKashanian_96522321.asm(1090): warning: Register r6 already defined by the .DEF directive
C:\Users\AVAJANG\Desktop\Az11_MobinaKashanian_96522321\AZ06_MobinaKashanian_96522321\Debug\List\AZ06_MobinaKashanian_96522321.asm(1091): warning: Register r7 already defined by the .DEF directive
C:\Users\AVAJANG\Desktop\Az11_MobinaKashanian_96522321\AZ06_MobinaKashanian_96522321\Debug\List\AZ06_MobinaKashanian_96522321.asm(1092): warning: Register r8 already defined by the .DEF directive
C:\Users\AVAJANG\Desktop\Az11_MobinaKashanian_96522321\AZ06_MobinaKashanian_96522321\Debug\List\AZ06_MobinaKashanian_96522321.asm(1093): warning: Register r9 already defined by the .DEF directive
C:\Users\AVAJANG\Desktop\Az11_MobinaKashanian_96522321\AZ06_MobinaKashanian_96522321\Debug\List\AZ06_MobinaKashanian_96522321.asm(1094): warning: Register r10 already defined by the .DEF directive
C:\Users\AVAJANG\Desktop\Az11_MobinaKashanian_96522321\AZ06_MobinaKashanian_96522321\Debug\List\AZ06_MobinaKashanian_96522321.asm(1095): warning: Register r11 already defined by the .DEF directive
C:\Users\AVAJANG\Desktop\Az11_MobinaKashanian_96522321\AZ06_MobinaKashanian_96522321\Debug\List\AZ06_MobinaKashanian_96522321.asm(1096): warning: Register r13 already defined by the .DEF directive
C:\Users\AVAJANG\Desktop\Az11_MobinaKashanian_96522321\AZ06_MobinaKashanian_96522321\Debug\List\AZ06_MobinaKashanian_96522321.asm(1097): warning: Register r12 already defined by the .DEF directive
                 
                 
                 ;CodeVisionAVR C Compiler V3.12 Advanced
                 ;(C) Copyright 1998-2014 Pavel Haiduc, HP InfoTech s.r.l.
                 ;http://www.hpinfotech.com
                 
                 ;Build configuration    : Debug
                 ;Chip type              : ATmega32
                 ;Program type           : Application
                 ;Clock frequency        : 8.000000 MHz
                 ;Memory model           : Small
                 ;Optimize for           : Size
                 ;(s)printf features     : int, width
                 ;(s)scanf features      : int, width
                 ;External RAM size      : 0
                 ;Data Stack size        : 512 byte(s)
                 ;Heap size              : 0 byte(s)
                 ;Promote 'char' to 'int': Yes
                 ;'char' is unsigned     : Yes
                 ;8 bit enums            : Yes
                 ;Global 'const' stored in FLASH: Yes
                 ;Enhanced function parameter passing: Yes
                 ;Enhanced core instructions: On
                 ;Automatic register allocation for global variables: On
                 ;Smart register allocation: On
                 
                 	#define _MODEL_SMALL_
                 
                 	#pragma AVRPART ADMIN PART_NAME ATmega32
                 	#pragma AVRPART MEMORY PROG_FLASH 32768
                 	#pragma AVRPART MEMORY EEPROM 1024
                 	#pragma AVRPART MEMORY INT_SRAM SIZE 2048
                 	#pragma AVRPART MEMORY INT_SRAM START_ADDR 0x60
                 
                 	#define CALL_SUPPORTED 1
                 
                 	.LISTMAC
                 	.EQU UDRE=0x5
                 	.EQU RXC=0x7
                 	.EQU USR=0xB
                 	.EQU UDR=0xC
                 	.EQU SPSR=0xE
                 	.EQU SPDR=0xF
                 	.EQU EERE=0x0
                 	.EQU EEWE=0x1
                 	.EQU EEMWE=0x2
                 	.EQU EECR=0x1C
                 	.EQU EEDR=0x1D
                 	.EQU EEARL=0x1E
                 	.EQU EEARH=0x1F
                 	.EQU WDTCR=0x21
                 	.EQU MCUCR=0x35
                 	.EQU GICR=0x3B
                 	.EQU SPL=0x3D
                 	.EQU SPH=0x3E
                 	.EQU SREG=0x3F
                 
                 	.DEF R0X0=R0
                 	.DEF R0X1=R1
                 	.DEF R0X2=R2
                 	.DEF R0X3=R3
                 	.DEF R0X4=R4
                 	.DEF R0X5=R5
                 	.DEF R0X6=R6
                 	.DEF R0X7=R7
                 	.DEF R0X8=R8
                 	.DEF R0X9=R9
                 	.DEF R0XA=R10
                 	.DEF R0XB=R11
                 	.DEF R0XC=R12
                 	.DEF R0XD=R13
                 	.DEF R0XE=R14
                 	.DEF R0XF=R15
                 	.DEF R0X10=R16
                 	.DEF R0X11=R17
                 	.DEF R0X12=R18
                 	.DEF R0X13=R19
                 	.DEF R0X14=R20
                 	.DEF R0X15=R21
                 	.DEF R0X16=R22
                 	.DEF R0X17=R23
                 	.DEF R0X18=R24
                 	.DEF R0X19=R25
                 	.DEF R0X1A=R26
                 	.DEF R0X1B=R27
                 	.DEF R0X1C=R28
                 	.DEF R0X1D=R29
                 	.DEF R0X1E=R30
                 	.DEF R0X1F=R31
                 
                 	.EQU __SRAM_START=0x0060
                 	.EQU __SRAM_END=0x085F
                 	.EQU __DSTACK_SIZE=0x0200
                 	.EQU __HEAP_SIZE=0x0000
                 	.EQU __CLEAR_SRAM_SIZE=__SRAM_END-__SRAM_START+1
                 
                 	.MACRO __CPD1N
                 	CPI  R30,LOW(@0)
                 	LDI  R26,HIGH(@0)
                 	CPC  R31,R26
                 	LDI  R26,BYTE3(@0)
                 	CPC  R22,R26
                 	LDI  R26,BYTE4(@0)
                 	CPC  R23,R26
                 	.ENDM
                 
                 	.MACRO __CPD2N
                 	CPI  R26,LOW(@0)
                 	LDI  R30,HIGH(@0)
                 	CPC  R27,R30
                 	LDI  R30,BYTE3(@0)
                 	CPC  R24,R30
                 	LDI  R30,BYTE4(@0)
                 	CPC  R25,R30
                 	.ENDM
                 
                 	.MACRO __CPWRR
                 	CP   R@0,R@2
                 	CPC  R@1,R@3
                 	.ENDM
                 
                 	.MACRO __CPWRN
                 	CPI  R@0,LOW(@2)
                 	LDI  R30,HIGH(@2)
                 	CPC  R@1,R30
                 	.ENDM
                 
                 	.MACRO __ADDB1MN
                 	SUBI R30,LOW(-@0-(@1))
                 	.ENDM
                 
                 	.MACRO __ADDB2MN
                 	SUBI R26,LOW(-@0-(@1))
                 	.ENDM
                 
                 	.MACRO __ADDW1MN
                 	SUBI R30,LOW(-@0-(@1))
                 	SBCI R31,HIGH(-@0-(@1))
                 	.ENDM
                 
                 	.MACRO __ADDW2MN
                 	SUBI R26,LOW(-@0-(@1))
                 	SBCI R27,HIGH(-@0-(@1))
                 	.ENDM
                 
                 	.MACRO __ADDW1FN
                 	SUBI R30,LOW(-2*@0-(@1))
                 	SBCI R31,HIGH(-2*@0-(@1))
                 	.ENDM
                 
                 	.MACRO __ADDD1FN
                 	SUBI R30,LOW(-2*@0-(@1))
                 	SBCI R31,HIGH(-2*@0-(@1))
                 	SBCI R22,BYTE3(-2*@0-(@1))
                 	.ENDM
                 
                 	.MACRO __ADDD1N
                 	SUBI R30,LOW(-@0)
                 	SBCI R31,HIGH(-@0)
                 	SBCI R22,BYTE3(-@0)
                 	SBCI R23,BYTE4(-@0)
                 	.ENDM
                 
                 	.MACRO __ADDD2N
                 	SUBI R26,LOW(-@0)
                 	SBCI R27,HIGH(-@0)
                 	SBCI R24,BYTE3(-@0)
                 	SBCI R25,BYTE4(-@0)
                 	.ENDM
                 
                 	.MACRO __SUBD1N
                 	SUBI R30,LOW(@0)
                 	SBCI R31,HIGH(@0)
                 	SBCI R22,BYTE3(@0)
                 	SBCI R23,BYTE4(@0)
                 	.ENDM
                 
                 	.MACRO __SUBD2N
                 	SUBI R26,LOW(@0)
                 	SBCI R27,HIGH(@0)
                 	SBCI R24,BYTE3(@0)
                 	SBCI R25,BYTE4(@0)
                 	.ENDM
                 
                 	.MACRO __ANDBMNN
                 	LDS  R30,@0+(@1)
                 	ANDI R30,LOW(@2)
                 	STS  @0+(@1),R30
                 	.ENDM
                 
                 	.MACRO __ANDWMNN
                 	LDS  R30,@0+(@1)
                 	ANDI R30,LOW(@2)
                 	STS  @0+(@1),R30
                 	LDS  R30,@0+(@1)+1
                 	ANDI R30,HIGH(@2)
                 	STS  @0+(@1)+1,R30
                 	.ENDM
                 
                 	.MACRO __ANDD1N
                 	ANDI R30,LOW(@0)
                 	ANDI R31,HIGH(@0)
                 	ANDI R22,BYTE3(@0)
                 	ANDI R23,BYTE4(@0)
                 	.ENDM
                 
                 	.MACRO __ANDD2N
                 	ANDI R26,LOW(@0)
                 	ANDI R27,HIGH(@0)
                 	ANDI R24,BYTE3(@0)
                 	ANDI R25,BYTE4(@0)
                 	.ENDM
                 
                 	.MACRO __ORBMNN
                 	LDS  R30,@0+(@1)
                 	ORI  R30,LOW(@2)
                 	STS  @0+(@1),R30
                 	.ENDM
                 
                 	.MACRO __ORWMNN
                 	LDS  R30,@0+(@1)
                 	ORI  R30,LOW(@2)
                 	STS  @0+(@1),R30
                 	LDS  R30,@0+(@1)+1
                 	ORI  R30,HIGH(@2)
                 	STS  @0+(@1)+1,R30
                 	.ENDM
                 
                 	.MACRO __ORD1N
                 	ORI  R30,LOW(@0)
                 	ORI  R31,HIGH(@0)
                 	ORI  R22,BYTE3(@0)
                 	ORI  R23,BYTE4(@0)
                 	.ENDM
                 
                 	.MACRO __ORD2N
                 	ORI  R26,LOW(@0)
                 	ORI  R27,HIGH(@0)
                 	ORI  R24,BYTE3(@0)
                 	ORI  R25,BYTE4(@0)
                 	.ENDM
                 
                 	.MACRO __DELAY_USB
                 	LDI  R24,LOW(@0)
                 __DELAY_USB_LOOP:
                 	DEC  R24
                 	BRNE __DELAY_USB_LOOP
                 	.ENDM
                 
                 	.MACRO __DELAY_USW
                 	LDI  R24,LOW(@0)
                 	LDI  R25,HIGH(@0)
                 __DELAY_USW_LOOP:
                 	SBIW R24,1
                 	BRNE __DELAY_USW_LOOP
                 	.ENDM
                 
                 	.MACRO __GETD1S
                 	LDD  R30,Y+@0
                 	LDD  R31,Y+@0+1
                 	LDD  R22,Y+@0+2
                 	LDD  R23,Y+@0+3
                 	.ENDM
                 
                 	.MACRO __GETD2S
                 	LDD  R26,Y+@0
                 	LDD  R27,Y+@0+1
                 	LDD  R24,Y+@0+2
                 	LDD  R25,Y+@0+3
                 	.ENDM
                 
                 	.MACRO __PUTD1S
                 	STD  Y+@0,R30
                 	STD  Y+@0+1,R31
                 	STD  Y+@0+2,R22
                 	STD  Y+@0+3,R23
                 	.ENDM
                 
                 	.MACRO __PUTD2S
                 	STD  Y+@0,R26
                 	STD  Y+@0+1,R27
                 	STD  Y+@0+2,R24
                 	STD  Y+@0+3,R25
                 	.ENDM
                 
                 	.MACRO __PUTDZ2
                 	STD  Z+@0,R26
                 	STD  Z+@0+1,R27
                 	STD  Z+@0+2,R24
                 	STD  Z+@0+3,R25
                 	.ENDM
                 
                 	.MACRO __CLRD1S
                 	STD  Y+@0,R30
                 	STD  Y+@0+1,R30
                 	STD  Y+@0+2,R30
                 	STD  Y+@0+3,R30
                 	.ENDM
                 
                 	.MACRO __POINTB1MN
                 	LDI  R30,LOW(@0+(@1))
                 	.ENDM
                 
                 	.MACRO __POINTW1MN
                 	LDI  R30,LOW(@0+(@1))
                 	LDI  R31,HIGH(@0+(@1))
                 	.ENDM
                 
                 	.MACRO __POINTD1M
                 	LDI  R30,LOW(@0)
                 	LDI  R31,HIGH(@0)
                 	LDI  R22,BYTE3(@0)
                 	LDI  R23,BYTE4(@0)
                 	.ENDM
                 
                 	.MACRO __POINTW1FN
                 	LDI  R30,LOW(2*@0+(@1))
                 	LDI  R31,HIGH(2*@0+(@1))
                 	.ENDM
                 
                 	.MACRO __POINTD1FN
                 	LDI  R30,LOW(2*@0+(@1))
                 	LDI  R31,HIGH(2*@0+(@1))
                 	LDI  R22,BYTE3(2*@0+(@1))
                 	LDI  R23,BYTE4(2*@0+(@1))
                 	.ENDM
                 
                 	.MACRO __POINTB2MN
                 	LDI  R26,LOW(@0+(@1))
                 	.ENDM
                 
                 	.MACRO __POINTW2MN
                 	LDI  R26,LOW(@0+(@1))
                 	LDI  R27,HIGH(@0+(@1))
                 	.ENDM
                 
                 	.MACRO __POINTW2FN
                 	LDI  R26,LOW(2*@0+(@1))
                 	LDI  R27,HIGH(2*@0+(@1))
                 	.ENDM
                 
                 	.MACRO __POINTD2FN
                 	LDI  R26,LOW(2*@0+(@1))
                 	LDI  R27,HIGH(2*@0+(@1))
                 	LDI  R24,BYTE3(2*@0+(@1))
                 	LDI  R25,BYTE4(2*@0+(@1))
                 	.ENDM
                 
                 	.MACRO __POINTBRM
                 	LDI  R@0,LOW(@1)
                 	.ENDM
                 
                 	.MACRO __POINTWRM
                 	LDI  R@0,LOW(@2)
                 	LDI  R@1,HIGH(@2)
                 	.ENDM
                 
                 	.MACRO __POINTBRMN
                 	LDI  R@0,LOW(@1+(@2))
                 	.ENDM
                 
                 	.MACRO __POINTWRMN
                 	LDI  R@0,LOW(@2+(@3))
                 	LDI  R@1,HIGH(@2+(@3))
                 	.ENDM
                 
                 	.MACRO __POINTWRFN
                 	LDI  R@0,LOW(@2*2+(@3))
                 	LDI  R@1,HIGH(@2*2+(@3))
                 	.ENDM
                 
                 	.MACRO __GETD1N
                 	LDI  R30,LOW(@0)
                 	LDI  R31,HIGH(@0)
                 	LDI  R22,BYTE3(@0)
                 	LDI  R23,BYTE4(@0)
                 	.ENDM
                 
                 	.MACRO __GETD2N
                 	LDI  R26,LOW(@0)
                 	LDI  R27,HIGH(@0)
                 	LDI  R24,BYTE3(@0)
                 	LDI  R25,BYTE4(@0)
                 	.ENDM
                 
                 	.MACRO __GETB1MN
                 	LDS  R30,@0+(@1)
                 	.ENDM
                 
                 	.MACRO __GETB1HMN
                 	LDS  R31,@0+(@1)
                 	.ENDM
                 
                 	.MACRO __GETW1MN
                 	LDS  R30,@0+(@1)
                 	LDS  R31,@0+(@1)+1
                 	.ENDM
                 
                 	.MACRO __GETD1MN
                 	LDS  R30,@0+(@1)
                 	LDS  R31,@0+(@1)+1
                 	LDS  R22,@0+(@1)+2
                 	LDS  R23,@0+(@1)+3
                 	.ENDM
                 
                 	.MACRO __GETBRMN
                 	LDS  R@0,@1+(@2)
                 	.ENDM
                 
                 	.MACRO __GETWRMN
                 	LDS  R@0,@2+(@3)
                 	LDS  R@1,@2+(@3)+1
                 	.ENDM
                 
                 	.MACRO __GETWRZ
                 	LDD  R@0,Z+@2
                 	LDD  R@1,Z+@2+1
                 	.ENDM
                 
                 	.MACRO __GETD2Z
                 	LDD  R26,Z+@0
                 	LDD  R27,Z+@0+1
                 	LDD  R24,Z+@0+2
                 	LDD  R25,Z+@0+3
                 	.ENDM
                 
                 	.MACRO __GETB2MN
                 	LDS  R26,@0+(@1)
                 	.ENDM
                 
                 	.MACRO __GETW2MN
                 	LDS  R26,@0+(@1)
                 	LDS  R27,@0+(@1)+1
                 	.ENDM
                 
                 	.MACRO __GETD2MN
                 	LDS  R26,@0+(@1)
                 	LDS  R27,@0+(@1)+1
                 	LDS  R24,@0+(@1)+2
                 	LDS  R25,@0+(@1)+3
                 	.ENDM
                 
                 	.MACRO __PUTB1MN
                 	STS  @0+(@1),R30
                 	.ENDM
                 
                 	.MACRO __PUTW1MN
                 	STS  @0+(@1),R30
                 	STS  @0+(@1)+1,R31
                 	.ENDM
                 
                 	.MACRO __PUTD1MN
                 	STS  @0+(@1),R30
                 	STS  @0+(@1)+1,R31
                 	STS  @0+(@1)+2,R22
                 	STS  @0+(@1)+3,R23
                 	.ENDM
                 
                 	.MACRO __PUTB1EN
                 	LDI  R26,LOW(@0+(@1))
                 	LDI  R27,HIGH(@0+(@1))
                 	CALL __EEPROMWRB
                 	.ENDM
                 
                 	.MACRO __PUTW1EN
                 	LDI  R26,LOW(@0+(@1))
                 	LDI  R27,HIGH(@0+(@1))
                 	CALL __EEPROMWRW
                 	.ENDM
                 
                 	.MACRO __PUTD1EN
                 	LDI  R26,LOW(@0+(@1))
                 	LDI  R27,HIGH(@0+(@1))
                 	CALL __EEPROMWRD
                 	.ENDM
                 
                 	.MACRO __PUTBR0MN
                 	STS  @0+(@1),R0
                 	.ENDM
                 
                 	.MACRO __PUTBMRN
                 	STS  @0+(@1),R@2
                 	.ENDM
                 
                 	.MACRO __PUTWMRN
                 	STS  @0+(@1),R@2
                 	STS  @0+(@1)+1,R@3
                 	.ENDM
                 
                 	.MACRO __PUTBZR
                 	STD  Z+@1,R@0
                 	.ENDM
                 
                 	.MACRO __PUTWZR
                 	STD  Z+@2,R@0
                 	STD  Z+@2+1,R@1
                 	.ENDM
                 
                 	.MACRO __GETW1R
                 	MOV  R30,R@0
                 	MOV  R31,R@1
                 	.ENDM
                 
                 	.MACRO __GETW2R
                 	MOV  R26,R@0
                 	MOV  R27,R@1
                 	.ENDM
                 
                 	.MACRO __GETWRN
                 	LDI  R@0,LOW(@2)
                 	LDI  R@1,HIGH(@2)
                 	.ENDM
                 
                 	.MACRO __PUTW1R
                 	MOV  R@0,R30
                 	MOV  R@1,R31
                 	.ENDM
                 
                 	.MACRO __PUTW2R
                 	MOV  R@0,R26
                 	MOV  R@1,R27
                 	.ENDM
                 
                 	.MACRO __ADDWRN
                 	SUBI R@0,LOW(-@2)
                 	SBCI R@1,HIGH(-@2)
                 	.ENDM
                 
                 	.MACRO __ADDWRR
                 	ADD  R@0,R@2
                 	ADC  R@1,R@3
                 	.ENDM
                 
                 	.MACRO __SUBWRN
                 	SUBI R@0,LOW(@2)
                 	SBCI R@1,HIGH(@2)
                 	.ENDM
                 
                 	.MACRO __SUBWRR
                 	SUB  R@0,R@2
                 	SBC  R@1,R@3
                 	.ENDM
                 
                 	.MACRO __ANDWRN
                 	ANDI R@0,LOW(@2)
                 	ANDI R@1,HIGH(@2)
                 	.ENDM
                 
                 	.MACRO __ANDWRR
                 	AND  R@0,R@2
                 	AND  R@1,R@3
                 	.ENDM
                 
                 	.MACRO __ORWRN
                 	ORI  R@0,LOW(@2)
                 	ORI  R@1,HIGH(@2)
                 	.ENDM
                 
                 	.MACRO __ORWRR
                 	OR   R@0,R@2
                 	OR   R@1,R@3
                 	.ENDM
                 
                 	.MACRO __EORWRR
                 	EOR  R@0,R@2
                 	EOR  R@1,R@3
                 	.ENDM
                 
                 	.MACRO __GETWRS
                 	LDD  R@0,Y+@2
                 	LDD  R@1,Y+@2+1
                 	.ENDM
                 
                 	.MACRO __PUTBSR
                 	STD  Y+@1,R@0
                 	.ENDM
                 
                 	.MACRO __PUTWSR
                 	STD  Y+@2,R@0
                 	STD  Y+@2+1,R@1
                 	.ENDM
                 
                 	.MACRO __MOVEWRR
                 	MOV  R@0,R@2
                 	MOV  R@1,R@3
                 	.ENDM
                 
                 	.MACRO __INWR
                 	IN   R@0,@2
                 	IN   R@1,@2+1
                 	.ENDM
                 
                 	.MACRO __OUTWR
                 	OUT  @2+1,R@1
                 	OUT  @2,R@0
                 	.ENDM
                 
                 	.MACRO __CALL1MN
                 	LDS  R30,@0+(@1)
                 	LDS  R31,@0+(@1)+1
                 	ICALL
                 	.ENDM
                 
                 	.MACRO __CALL1FN
                 	LDI  R30,LOW(2*@0+(@1))
                 	LDI  R31,HIGH(2*@0+(@1))
                 	CALL __GETW1PF
                 	ICALL
                 	.ENDM
                 
                 	.MACRO __CALL2EN
                 	PUSH R26
                 	PUSH R27
                 	LDI  R26,LOW(@0+(@1))
                 	LDI  R27,HIGH(@0+(@1))
                 	CALL __EEPROMRDW
                 	POP  R27
                 	POP  R26
                 	ICALL
                 	.ENDM
                 
                 	.MACRO __CALL2EX
                 	SUBI R26,LOW(-@0)
                 	SBCI R27,HIGH(-@0)
                 	CALL __EEPROMRDD
                 	ICALL
                 	.ENDM
                 
                 	.MACRO __GETW1STACK
                 	IN   R30,SPL
                 	IN   R31,SPH
                 	ADIW R30,@0+1
                 	LD   R0,Z+
                 	LD   R31,Z
                 	MOV  R30,R0
                 	.ENDM
                 
                 	.MACRO __GETD1STACK
                 	IN   R30,SPL
                 	IN   R31,SPH
                 	ADIW R30,@0+1
                 	LD   R0,Z+
                 	LD   R1,Z+
                 	LD   R22,Z
                 	MOVW R30,R0
                 	.ENDM
                 
                 	.MACRO __NBST
                 	BST  R@0,@1
                 	IN   R30,SREG
                 	LDI  R31,0x40
                 	EOR  R30,R31
                 	OUT  SREG,R30
                 	.ENDM
                 
                 
                 	.MACRO __PUTB1SN
                 	LDD  R26,Y+@0
                 	LDD  R27,Y+@0+1
                 	SUBI R26,LOW(-@1)
                 	SBCI R27,HIGH(-@1)
                 	ST   X,R30
                 	.ENDM
                 
                 	.MACRO __PUTW1SN
                 	LDD  R26,Y+@0
                 	LDD  R27,Y+@0+1
                 	SUBI R26,LOW(-@1)
                 	SBCI R27,HIGH(-@1)
                 	ST   X+,R30
                 	ST   X,R31
                 	.ENDM
                 
                 	.MACRO __PUTD1SN
                 	LDD  R26,Y+@0
                 	LDD  R27,Y+@0+1
                 	SUBI R26,LOW(-@1)
                 	SBCI R27,HIGH(-@1)
                 	CALL __PUTDP1
                 	.ENDM
                 
                 	.MACRO __PUTB1SNS
                 	LDD  R26,Y+@0
                 	LDD  R27,Y+@0+1
                 	ADIW R26,@1
                 	ST   X,R30
                 	.ENDM
                 
                 	.MACRO __PUTW1SNS
                 	LDD  R26,Y+@0
                 	LDD  R27,Y+@0+1
                 	ADIW R26,@1
                 	ST   X+,R30
                 	ST   X,R31
                 	.ENDM
                 
                 	.MACRO __PUTD1SNS
                 	LDD  R26,Y+@0
                 	LDD  R27,Y+@0+1
                 	ADIW R26,@1
                 	CALL __PUTDP1
                 	.ENDM
                 
                 	.MACRO __PUTB1PMN
                 	LDS  R26,@0
                 	LDS  R27,@0+1
                 	SUBI R26,LOW(-@1)
                 	SBCI R27,HIGH(-@1)
                 	ST   X,R30
                 	.ENDM
                 
                 	.MACRO __PUTW1PMN
                 	LDS  R26,@0
                 	LDS  R27,@0+1
                 	SUBI R26,LOW(-@1)
                 	SBCI R27,HIGH(-@1)
                 	ST   X+,R30
                 	ST   X,R31
                 	.ENDM
                 
                 	.MACRO __PUTD1PMN
                 	LDS  R26,@0
                 	LDS  R27,@0+1
                 	SUBI R26,LOW(-@1)
                 	SBCI R27,HIGH(-@1)
                 	CALL __PUTDP1
                 	.ENDM
                 
                 	.MACRO __PUTB1PMNS
                 	LDS  R26,@0
                 	LDS  R27,@0+1
                 	ADIW R26,@1
                 	ST   X,R30
                 	.ENDM
                 
                 	.MACRO __PUTW1PMNS
                 	LDS  R26,@0
                 	LDS  R27,@0+1
                 	ADIW R26,@1
                 	ST   X+,R30
                 	ST   X,R31
                 	.ENDM
                 
                 	.MACRO __PUTD1PMNS
                 	LDS  R26,@0
                 	LDS  R27,@0+1
                 	ADIW R26,@1
                 	CALL __PUTDP1
                 	.ENDM
                 
                 	.MACRO __PUTB1RN
                 	MOVW R26,R@0
                 	SUBI R26,LOW(-@1)
                 	SBCI R27,HIGH(-@1)
                 	ST   X,R30
                 	.ENDM
                 
                 	.MACRO __PUTW1RN
                 	MOVW R26,R@0
                 	SUBI R26,LOW(-@1)
                 	SBCI R27,HIGH(-@1)
                 	ST   X+,R30
                 	ST   X,R31
                 	.ENDM
                 
                 	.MACRO __PUTD1RN
                 	MOVW R26,R@0
                 	SUBI R26,LOW(-@1)
                 	SBCI R27,HIGH(-@1)
                 	CALL __PUTDP1
                 	.ENDM
                 
                 	.MACRO __PUTB1RNS
                 	MOVW R26,R@0
                 	ADIW R26,@1
                 	ST   X,R30
                 	.ENDM
                 
                 	.MACRO __PUTW1RNS
                 	MOVW R26,R@0
                 	ADIW R26,@1
                 	ST   X+,R30
                 	ST   X,R31
                 	.ENDM
                 
                 	.MACRO __PUTD1RNS
                 	MOVW R26,R@0
                 	ADIW R26,@1
                 	CALL __PUTDP1
                 	.ENDM
                 
                 	.MACRO __PUTB1RON
                 	MOV  R26,R@0
                 	MOV  R27,R@1
                 	SUBI R26,LOW(-@2)
                 	SBCI R27,HIGH(-@2)
                 	ST   X,R30
                 	.ENDM
                 
                 	.MACRO __PUTW1RON
                 	MOV  R26,R@0
                 	MOV  R27,R@1
                 	SUBI R26,LOW(-@2)
                 	SBCI R27,HIGH(-@2)
                 	ST   X+,R30
                 	ST   X,R31
                 	.ENDM
                 
                 	.MACRO __PUTD1RON
                 	MOV  R26,R@0
                 	MOV  R27,R@1
                 	SUBI R26,LOW(-@2)
                 	SBCI R27,HIGH(-@2)
                 	CALL __PUTDP1
                 	.ENDM
                 
                 	.MACRO __PUTB1RONS
                 	MOV  R26,R@0
                 	MOV  R27,R@1
                 	ADIW R26,@2
                 	ST   X,R30
                 	.ENDM
                 
                 	.MACRO __PUTW1RONS
                 	MOV  R26,R@0
                 	MOV  R27,R@1
                 	ADIW R26,@2
                 	ST   X+,R30
                 	ST   X,R31
                 	.ENDM
                 
                 	.MACRO __PUTD1RONS
                 	MOV  R26,R@0
                 	MOV  R27,R@1
                 	ADIW R26,@2
                 	CALL __PUTDP1
                 	.ENDM
                 
                 
                 	.MACRO __GETB1SX
                 	MOVW R30,R28
                 	SUBI R30,LOW(-@0)
                 	SBCI R31,HIGH(-@0)
                 	LD   R30,Z
                 	.ENDM
                 
                 	.MACRO __GETB1HSX
                 	MOVW R30,R28
                 	SUBI R30,LOW(-@0)
                 	SBCI R31,HIGH(-@0)
                 	LD   R31,Z
                 	.ENDM
                 
                 	.MACRO __GETW1SX
                 	MOVW R30,R28
                 	SUBI R30,LOW(-@0)
                 	SBCI R31,HIGH(-@0)
                 	LD   R0,Z+
                 	LD   R31,Z
                 	MOV  R30,R0
                 	.ENDM
                 
                 	.MACRO __GETD1SX
                 	MOVW R30,R28
                 	SUBI R30,LOW(-@0)
                 	SBCI R31,HIGH(-@0)
                 	LD   R0,Z+
                 	LD   R1,Z+
                 	LD   R22,Z+
                 	LD   R23,Z
                 	MOVW R30,R0
                 	.ENDM
                 
                 	.MACRO __GETB2SX
                 	MOVW R26,R28
                 	SUBI R26,LOW(-@0)
                 	SBCI R27,HIGH(-@0)
                 	LD   R26,X
                 	.ENDM
                 
                 	.MACRO __GETW2SX
                 	MOVW R26,R28
                 	SUBI R26,LOW(-@0)
                 	SBCI R27,HIGH(-@0)
                 	LD   R0,X+
                 	LD   R27,X
                 	MOV  R26,R0
                 	.ENDM
                 
                 	.MACRO __GETD2SX
                 	MOVW R26,R28
                 	SUBI R26,LOW(-@0)
                 	SBCI R27,HIGH(-@0)
                 	LD   R0,X+
                 	LD   R1,X+
                 	LD   R24,X+
                 	LD   R25,X
                 	MOVW R26,R0
                 	.ENDM
                 
                 	.MACRO __GETBRSX
                 	MOVW R30,R28
                 	SUBI R30,LOW(-@1)
                 	SBCI R31,HIGH(-@1)
                 	LD   R@0,Z
                 	.ENDM
                 
                 	.MACRO __GETWRSX
                 	MOVW R30,R28
                 	SUBI R30,LOW(-@2)
                 	SBCI R31,HIGH(-@2)
                 	LD   R@0,Z+
                 	LD   R@1,Z
                 	.ENDM
                 
                 	.MACRO __GETBRSX2
                 	MOVW R26,R28
                 	SUBI R26,LOW(-@1)
                 	SBCI R27,HIGH(-@1)
                 	LD   R@0,X
                 	.ENDM
                 
                 	.MACRO __GETWRSX2
                 	MOVW R26,R28
                 	SUBI R26,LOW(-@2)
                 	SBCI R27,HIGH(-@2)
                 	LD   R@0,X+
                 	LD   R@1,X
                 	.ENDM
                 
                 	.MACRO __LSLW8SX
                 	MOVW R30,R28
                 	SUBI R30,LOW(-@0)
                 	SBCI R31,HIGH(-@0)
                 	LD   R31,Z
                 	CLR  R30
                 	.ENDM
                 
                 	.MACRO __PUTB1SX
                 	MOVW R26,R28
                 	SUBI R26,LOW(-@0)
                 	SBCI R27,HIGH(-@0)
                 	ST   X,R30
                 	.ENDM
                 
                 	.MACRO __PUTW1SX
                 	MOVW R26,R28
                 	SUBI R26,LOW(-@0)
                 	SBCI R27,HIGH(-@0)
                 	ST   X+,R30
                 	ST   X,R31
                 	.ENDM
                 
                 	.MACRO __PUTD1SX
                 	MOVW R26,R28
                 	SUBI R26,LOW(-@0)
                 	SBCI R27,HIGH(-@0)
                 	ST   X+,R30
                 	ST   X+,R31
                 	ST   X+,R22
                 	ST   X,R23
                 	.ENDM
                 
                 	.MACRO __CLRW1SX
                 	MOVW R26,R28
                 	SUBI R26,LOW(-@0)
                 	SBCI R27,HIGH(-@0)
                 	ST   X+,R30
                 	ST   X,R30
                 	.ENDM
                 
                 	.MACRO __CLRD1SX
                 	MOVW R26,R28
                 	SUBI R26,LOW(-@0)
                 	SBCI R27,HIGH(-@0)
                 	ST   X+,R30
                 	ST   X+,R30
                 	ST   X+,R30
                 	ST   X,R30
                 	.ENDM
                 
                 	.MACRO __PUTB2SX
                 	MOVW R30,R28
                 	SUBI R30,LOW(-@0)
                 	SBCI R31,HIGH(-@0)
                 	ST   Z,R26
                 	.ENDM
                 
                 	.MACRO __PUTW2SX
                 	MOVW R30,R28
                 	SUBI R30,LOW(-@0)
                 	SBCI R31,HIGH(-@0)
                 	ST   Z+,R26
                 	ST   Z,R27
                 	.ENDM
                 
                 	.MACRO __PUTD2SX
                 	MOVW R30,R28
                 	SUBI R30,LOW(-@0)
                 	SBCI R31,HIGH(-@0)
                 	ST   Z+,R26
                 	ST   Z+,R27
                 	ST   Z+,R24
                 	ST   Z,R25
                 	.ENDM
                 
                 	.MACRO __PUTBSRX
                 	MOVW R30,R28
                 	SUBI R30,LOW(-@1)
                 	SBCI R31,HIGH(-@1)
                 	ST   Z,R@0
                 	.ENDM
                 
                 	.MACRO __PUTWSRX
                 	MOVW R30,R28
                 	SUBI R30,LOW(-@2)
                 	SBCI R31,HIGH(-@2)
                 	ST   Z+,R@0
                 	ST   Z,R@1
                 	.ENDM
                 
                 	.MACRO __PUTB1SNX
                 	MOVW R26,R28
                 	SUBI R26,LOW(-@0)
                 	SBCI R27,HIGH(-@0)
                 	LD   R0,X+
                 	LD   R27,X
                 	MOV  R26,R0
                 	SUBI R26,LOW(-@1)
                 	SBCI R27,HIGH(-@1)
                 	ST   X,R30
                 	.ENDM
                 
                 	.MACRO __PUTW1SNX
                 	MOVW R26,R28
                 	SUBI R26,LOW(-@0)
                 	SBCI R27,HIGH(-@0)
                 	LD   R0,X+
                 	LD   R27,X
                 	MOV  R26,R0
                 	SUBI R26,LOW(-@1)
                 	SBCI R27,HIGH(-@1)
                 	ST   X+,R30
                 	ST   X,R31
                 	.ENDM
                 
                 	.MACRO __PUTD1SNX
                 	MOVW R26,R28
                 	SUBI R26,LOW(-@0)
                 	SBCI R27,HIGH(-@0)
                 	LD   R0,X+
                 	LD   R27,X
                 	MOV  R26,R0
                 	SUBI R26,LOW(-@1)
                 	SBCI R27,HIGH(-@1)
                 	ST   X+,R30
                 	ST   X+,R31
                 	ST   X+,R22
                 	ST   X,R23
                 	.ENDM
                 
                 	.MACRO __MULBRR
                 	MULS R@0,R@1
                 	MOVW R30,R0
                 	.ENDM
                 
                 	.MACRO __MULBRRU
                 	MUL  R@0,R@1
                 	MOVW R30,R0
                 	.ENDM
                 
                 	.MACRO __MULBRR0
                 	MULS R@0,R@1
                 	.ENDM
                 
                 	.MACRO __MULBRRU0
                 	MUL  R@0,R@1
                 	.ENDM
                 
                 	.MACRO __MULBNWRU
                 	LDI  R26,@2
                 	MUL  R26,R@0
                 	MOVW R30,R0
                 	MUL  R26,R@1
                 	ADD  R31,R0
                 	.ENDM
                 
                 ;NAME DEFINITIONS FOR GLOBAL VARIABLES ALLOCATED TO REGISTERS
                 	.DEF _minutes=R4
                 	.DEF _minutes_msb=R5
                 	.DEF _hour=R6
                 	.DEF _hour_msb=R7
                 	.DEF _tenth=R8
                 	.DEF _tenth_msb=R9
                 	.DEF _sec=R10
                 	.DEF _sec_msb=R11
                 	.DEF __lcd_x=R13
                 	.DEF __lcd_y=R12
                 
                 	.CSEG
                 	.ORG 0x00
                 
                 ;START OF CODE MARKER
                 __START_OF_CODE:
                 
                 ;INTERRUPT VECTORS
000000 940c 0051 	JMP  __RESET
000002 940c 0000 	JMP  0x00
000004 940c 0000 	JMP  0x00
000006 940c 0000 	JMP  0x00
000008 940c 0000 	JMP  0x00
00000a 940c 0000 	JMP  0x00
00000c 940c 0000 	JMP  0x00
00000e 940c 007e 	JMP  _timer1_compa_isr
000010 940c 0000 	JMP  0x00
000012 940c 0000 	JMP  0x00
000014 940c 0000 	JMP  0x00
000016 940c 0000 	JMP  0x00
000018 940c 0000 	JMP  0x00
00001a 940c 0000 	JMP  0x00
00001c 940c 0000 	JMP  0x00
00001e 940c 0000 	JMP  0x00
000020 940c 0000 	JMP  0x00
000022 940c 0000 	JMP  0x00
000024 940c 0000 	JMP  0x00
000026 940c 0000 	JMP  0x00
000028 940c 0000 	JMP  0x00
                 
                 _tbl10_G100:
00002a 2710
00002b 03e8
00002c 0064
00002d 000a      	.DB  0x10,0x27,0xE8,0x3,0x64,0x0,0xA,0x0
00002e 0001      	.DB  0x1,0x0
                 _tbl16_G100:
00002f 1000
000030 0100
000031 0010
000032 0001      	.DB  0x0,0x10,0x0,0x1,0x10,0x0,0x1,0x0
                 
                 ;GLOBAL REGISTER VARIABLES INITIALIZATION
                 __REG_VARS:
000033 003a
000034 0017      	.DB  0x3A,0x0,0x17,0x0
000035 0000
000036 0000      	.DB  0x0,0x0,0x0,0x0
                 
                 _0x0:
000037 444c
000038 2043
000039 6c43
00003a 636f      	.DB  0x4C,0x44,0x43,0x20,0x43,0x6C,0x6F,0x63
00003b 006b
00003c 3025
00003d 6432
00003e 253a      	.DB  0x6B,0x0,0x25,0x30,0x32,0x64,0x3A,0x25
00003f 3230
000040 3a64
000041 3025
000042 6432      	.DB  0x30,0x32,0x64,0x3A,0x25,0x30,0x32,0x64
000043 253a
000044 3230
000045 0064      	.DB  0x3A,0x25,0x30,0x32,0x64,0x0
                 _0x2020003:
000046 c080      	.DB  0x80,0xC0
                 
                 __GLOBAL_INI_TBL:
000047 0008      	.DW  0x08
000048 0004      	.DW  0x04
000049 0066      	.DW  __REG_VARS*2
                 
00004a 000a      	.DW  0x0A
00004b 0260      	.DW  _0xA
00004c 006e      	.DW  _0x0*2
                 
00004d 0002      	.DW  0x02
00004e 026a      	.DW  __base_y_G101
00004f 008c      	.DW  _0x2020003*2
                 
                 _0xFFFFFFFF:
000050 0000      	.DW  0
                 
                 #define __GLOBAL_INI_TBL_PRESENT 1
                 
                 __RESET:
000051 94f8      	CLI
000052 27ee      	CLR  R30
000053 bbec      	OUT  EECR,R30
                 
                 ;INTERRUPT VECTORS ARE PLACED
                 ;AT THE START OF FLASH
000054 e0f1      	LDI  R31,1
000055 bffb      	OUT  GICR,R31
000056 bfeb      	OUT  GICR,R30
000057 bfe5      	OUT  MCUCR,R30
                 
                 ;CLEAR R2-R14
000058 e08d      	LDI  R24,(14-2)+1
000059 e0a2      	LDI  R26,2
00005a 27bb      	CLR  R27
                 __CLEAR_REG:
00005b 93ed      	ST   X+,R30
00005c 958a      	DEC  R24
00005d f7e9      	BRNE __CLEAR_REG
                 
                 ;CLEAR SRAM
00005e e080      	LDI  R24,LOW(__CLEAR_SRAM_SIZE)
00005f e098      	LDI  R25,HIGH(__CLEAR_SRAM_SIZE)
000060 e6a0      	LDI  R26,__SRAM_START
                 __CLEAR_SRAM:
000061 93ed      	ST   X+,R30
000062 9701      	SBIW R24,1
000063 f7e9      	BRNE __CLEAR_SRAM
                 
                 ;GLOBAL VARIABLES INITIALIZATION
000064 e8ee      	LDI  R30,LOW(__GLOBAL_INI_TBL*2)
000065 e0f0      	LDI  R31,HIGH(__GLOBAL_INI_TBL*2)
                 __GLOBAL_INI_NEXT:
000066 9185      	LPM  R24,Z+
000067 9195      	LPM  R25,Z+
000068 9700      	SBIW R24,0
000069 f061      	BREQ __GLOBAL_INI_END
00006a 91a5      	LPM  R26,Z+
00006b 91b5      	LPM  R27,Z+
00006c 9005      	LPM  R0,Z+
00006d 9015      	LPM  R1,Z+
00006e 01bf      	MOVW R22,R30
00006f 01f0      	MOVW R30,R0
                 __GLOBAL_INI_LOOP:
000070 9005      	LPM  R0,Z+
000071 920d      	ST   X+,R0
000072 9701      	SBIW R24,1
000073 f7e1      	BRNE __GLOBAL_INI_LOOP
000074 01fb      	MOVW R30,R22
000075 cff0      	RJMP __GLOBAL_INI_NEXT
                 __GLOBAL_INI_END:
                 
                 ;HARDWARE STACK POINTER INITIALIZATION
000076 e5ef      	LDI  R30,LOW(__SRAM_END-__HEAP_SIZE)
000077 bfed      	OUT  SPL,R30
000078 e0e8      	LDI  R30,HIGH(__SRAM_END-__HEAP_SIZE)
000079 bfee      	OUT  SPH,R30
                 
                 ;DATA STACK POINTER INITIALIZATION
00007a e6c0      	LDI  R28,LOW(__SRAM_START+__DSTACK_SIZE)
00007b e0d2      	LDI  R29,HIGH(__SRAM_START+__DSTACK_SIZE)
                 
00007c 940c 00b3 	JMP  _main
                 
                 	.ESEG
                 	.ORG 0
                 
                 	.DSEG
                 	.ORG 0x260
                 
                 	.CSEG
                 ;/*******************************************************
                 ;This program was created by the
                 ;CodeWizardAVR V3.12 Advanced
                 ;Automatic Program Generator
                 ;© Copyright 1998-2014 Pavel Haiduc, HP InfoTech s.r.l.
                 ;http://www.hpinfotech.com
                 ;
                 ;Project :
                 ;Version :
                 ;Date    : 7/19/2020
                 ;Author  :
                 ;Company :
                 ;Comments:
                 ;
                 ;
                 ;Chip type               : ATmega32
                 ;Program type            : Application
                 ;AVR Core Clock frequency: 8.000000 MHz
                 ;Memory model            : Small
                 ;External RAM size       : 0
                 ;Data Stack size         : 512
                 ;*******************************************************/
                 ;
                 ;#include <mega32.h>
                 	#ifndef __SLEEP_DEFINED__
                 	#define __SLEEP_DEFINED__
                 	.EQU __se_bit=0x80
                 	.EQU __sm_mask=0x70
                 	.EQU __sm_powerdown=0x20
                 	.EQU __sm_powersave=0x30
                 	.EQU __sm_standby=0x60
                 	.EQU __sm_ext_standby=0x70
                 	.EQU __sm_adc_noise_red=0x10
                 	.SET power_ctrl_reg=mcucr
                 	#endif
                 ;#include <stdio.h>
                 ;# include <delay.h>
                 ;// Alphanumeric LCD functions
                 ;#include <alcd.h>
                 ;
                 ;// Declare your global variables here
                 ;int minutes=58;int hour=23;int tenth=0;int sec=0;
                 ;// Timer1 output compare A interrupt service routine
                 ;interrupt [TIM1_COMPA] void timer1_compa_isr(void)
                 ; 0000 0022 {
                 
                 	.CSEG
                 _timer1_compa_isr:
                 ; .FSTART _timer1_compa_isr
00007e 93ea      	ST   -Y,R30
00007f 93fa      	ST   -Y,R31
000080 b7ef      	IN   R30,SREG
000081 93ea      	ST   -Y,R30
                 ; 0000 0023 // Place your code here
                 ; 0000 0024 tenth++;
000082 01f4      	MOVW R30,R8
000083 9631      	ADIW R30,1
000084 014f      	MOVW R8,R30
                 ; 0000 0025 if(tenth ==10)
000085 e0ea      	LDI  R30,LOW(10)
000086 e0f0      	LDI  R31,HIGH(10)
000087 15e8      	CP   R30,R8
000088 05f9      	CPC  R31,R9
000089 f429      	BRNE _0x3
                 ; 0000 0026 {
                 ; 0000 0027 sec ++;
00008a 01f5      	MOVW R30,R10
00008b 9631      	ADIW R30,1
00008c 015f      	MOVW R10,R30
                 ; 0000 0028 tenth=0;
00008d 2488      	CLR  R8
00008e 2499      	CLR  R9
                 ; 0000 0029 }
                 ; 0000 002A if(sec ==60)
                 _0x3:
00008f e3ec      	LDI  R30,LOW(60)
000090 e0f0      	LDI  R31,HIGH(60)
000091 15ea      	CP   R30,R10
000092 05fb      	CPC  R31,R11
000093 f429      	BRNE _0x4
                 ; 0000 002B {
                 ; 0000 002C     minutes++;
000094 01f2      	MOVW R30,R4
000095 9631      	ADIW R30,1
000096 012f      	MOVW R4,R30
                 ; 0000 002D     sec=0;
000097 24aa      	CLR  R10
000098 24bb      	CLR  R11
                 ; 0000 002E }
                 ; 0000 002F if(minutes ==60)
                 _0x4:
000099 e3ec      	LDI  R30,LOW(60)
00009a e0f0      	LDI  R31,HIGH(60)
00009b 15e4      	CP   R30,R4
00009c 05f5      	CPC  R31,R5
00009d f429      	BRNE _0x5
                 ; 0000 0030 {
                 ; 0000 0031     hour++;
00009e 01f3      	MOVW R30,R6
00009f 9631      	ADIW R30,1
0000a0 013f      	MOVW R6,R30
                 ; 0000 0032     minutes=0;
0000a1 2444      	CLR  R4
0000a2 2455      	CLR  R5
                 ; 0000 0033 }if(hour ==60)
                 _0x5:
0000a3 e3ec      	LDI  R30,LOW(60)
0000a4 e0f0      	LDI  R31,HIGH(60)
0000a5 15e6      	CP   R30,R6
0000a6 05f7      	CPC  R31,R7
0000a7 f431      	BRNE _0x6
                 ; 0000 0034 {
                 ; 0000 0035     hour=0;
0000a8 2466      	CLR  R6
0000a9 2477      	CLR  R7
                 ; 0000 0036     minutes=0;
0000aa 2444      	CLR  R4
0000ab 2455      	CLR  R5
                 ; 0000 0037     sec=0;
0000ac 24aa      	CLR  R10
0000ad 24bb      	CLR  R11
                 ; 0000 0038 }
                 ; 0000 0039 }
                 _0x6:
0000ae 91e9      	LD   R30,Y+
0000af bfef      	OUT  SREG,R30
0000b0 91f9      	LD   R31,Y+
0000b1 91e9      	LD   R30,Y+
0000b2 9518      	RETI
                 ; .FEND
                 ;
                 ;void main(void)
                 ; 0000 003C {
                 _main:
                 ; .FSTART _main
                 ; 0000 003D // Declare your local variables here
                 ; 0000 003E char st[20];
                 ; 0000 003F // Input/Output Ports initialization
                 ; 0000 0040 // Port A initialization
                 ; 0000 0041 // Function: Bit7=In Bit6=In Bit5=In Bit4=In Bit3=In Bit2=In Bit1=In Bit0=In
                 ; 0000 0042 DDRA=(0<<DDA7) | (0<<DDA6) | (0<<DDA5) | (0<<DDA4) | (0<<DDA3) | (0<<DDA2) | (0<<DDA1) | (0<<DDA0);
0000b3 9764      	SBIW R28,20
                 ;	st -> Y+0
0000b4 e0e0      	LDI  R30,LOW(0)
0000b5 bbea      	OUT  0x1A,R30
                 ; 0000 0043 // State: Bit7=T Bit6=T Bit5=T Bit4=T Bit3=T Bit2=T Bit1=T Bit0=T
                 ; 0000 0044 PORTA=(0<<PORTA7) | (0<<PORTA6) | (0<<PORTA5) | (0<<PORTA4) | (0<<PORTA3) | (0<<PORTA2) | (0<<PORTA1) | (0<<PORTA0);
0000b6 bbeb      	OUT  0x1B,R30
                 ; 0000 0045 
                 ; 0000 0046 // Port B initialization
                 ; 0000 0047 // Function: Bit7=In Bit6=In Bit5=In Bit4=In Bit3=In Bit2=In Bit1=In Bit0=In
                 ; 0000 0048 DDRB=(0<<DDB7) | (0<<DDB6) | (0<<DDB5) | (0<<DDB4) | (0<<DDB3) | (0<<DDB2) | (0<<DDB1) | (0<<DDB0);
0000b7 bbe7      	OUT  0x17,R30
                 ; 0000 0049 // State: Bit7=T Bit6=T Bit5=T Bit4=T Bit3=T Bit2=T Bit1=T Bit0=T
                 ; 0000 004A PORTB=(0<<PORTB7) | (0<<PORTB6) | (0<<PORTB5) | (0<<PORTB4) | (0<<PORTB3) | (0<<PORTB2) | (0<<PORTB1) | (0<<PORTB0);
0000b8 bbe8      	OUT  0x18,R30
                 ; 0000 004B 
                 ; 0000 004C // Port C initialization
                 ; 0000 004D // Function: Bit7=In Bit6=In Bit5=In Bit4=In Bit3=In Bit2=In Bit1=In Bit0=In
                 ; 0000 004E DDRC=(0<<DDC7) | (0<<DDC6) | (0<<DDC5) | (0<<DDC4) | (0<<DDC3) | (0<<DDC2) | (0<<DDC1) | (0<<DDC0);
0000b9 bbe4      	OUT  0x14,R30
                 ; 0000 004F // State: Bit7=T Bit6=T Bit5=T Bit4=T Bit3=T Bit2=T Bit1=T Bit0=T
                 ; 0000 0050 PORTC=(0<<PORTC7) | (0<<PORTC6) | (0<<PORTC5) | (0<<PORTC4) | (0<<PORTC3) | (0<<PORTC2) | (0<<PORTC1) | (0<<PORTC0);
0000ba bbe5      	OUT  0x15,R30
                 ; 0000 0051 
                 ; 0000 0052 // Port D initialization
                 ; 0000 0053 // Function: Bit7=In Bit6=In Bit5=In Bit4=In Bit3=In Bit2=In Bit1=In Bit0=In
                 ; 0000 0054 DDRD=(0<<DDD7) | (0<<DDD6) | (0<<DDD5) | (0<<DDD4) | (0<<DDD3) | (0<<DDD2) | (0<<DDD1) | (0<<DDD0);
0000bb bbe1      	OUT  0x11,R30
                 ; 0000 0055 // State: Bit7=T Bit6=T Bit5=T Bit4=T Bit3=T Bit2=T Bit1=T Bit0=T
                 ; 0000 0056 PORTD=(0<<PORTD7) | (0<<PORTD6) | (0<<PORTD5) | (0<<PORTD4) | (0<<PORTD3) | (0<<PORTD2) | (0<<PORTD1) | (0<<PORTD0);
0000bc bbe2      	OUT  0x12,R30
                 ; 0000 0057 
                 ; 0000 0058 // Timer/Counter 1 initialization
                 ; 0000 0059 // Clock source: System Clock
                 ; 0000 005A // Clock value: 31.250 kHz
                 ; 0000 005B // Mode: CTC top=OCR1A
                 ; 0000 005C // OC1A output: Disconnected
                 ; 0000 005D // OC1B output: Disconnected
                 ; 0000 005E // Noise Canceler: Off
                 ; 0000 005F // Input Capture on Falling Edge
                 ; 0000 0060 // Timer Period: 0.096 ms
                 ; 0000 0061 // Timer1 Overflow Interrupt: Off
                 ; 0000 0062 // Input Capture Interrupt: Off
                 ; 0000 0063 // Compare A Match Interrupt: On
                 ; 0000 0064 // Compare B Match Interrupt: Off
                 ; 0000 0065 TCCR1A=(0<<COM1A1) | (0<<COM1A0) | (0<<COM1B1) | (0<<COM1B0) | (0<<WGM11) | (0<<WGM10);
0000bd bdef      	OUT  0x2F,R30
                 ; 0000 0066 TCCR1B=(0<<ICNC1) | (0<<ICES1) | (0<<WGM13) | (1<<WGM12) | (1<<CS12) | (0<<CS11) | (0<<CS10);
0000be e0ec      	LDI  R30,LOW(12)
0000bf bdee      	OUT  0x2E,R30
                 ; 0000 0067 TCNT1H=0x00;
0000c0 e0e0      	LDI  R30,LOW(0)
0000c1 bded      	OUT  0x2D,R30
                 ; 0000 0068 TCNT1L=0x00;
0000c2 bdec      	OUT  0x2C,R30
                 ; 0000 0069 ICR1H=0x00;
0000c3 bde7      	OUT  0x27,R30
                 ; 0000 006A ICR1L=0x00;
0000c4 bde6      	OUT  0x26,R30
                 ; 0000 006B OCR1AH=0x0c;
0000c5 e0ec      	LDI  R30,LOW(12)
0000c6 bdeb      	OUT  0x2B,R30
                 ; 0000 006C OCR1AL=0x35;
0000c7 e3e5      	LDI  R30,LOW(53)
0000c8 bdea      	OUT  0x2A,R30
                 ; 0000 006D OCR1BH=0x00;
0000c9 e0e0      	LDI  R30,LOW(0)
0000ca bde9      	OUT  0x29,R30
                 ; 0000 006E OCR1BL=0x00;
0000cb bde8      	OUT  0x28,R30
                 ; 0000 006F 
                 ; 0000 0070 // Timer(s)/Counter(s) Interrupt(s) initialization
                 ; 0000 0071 TIMSK=(0<<OCIE2) | (0<<TOIE2) | (0<<TICIE1) | (1<<OCIE1A) | (0<<OCIE1B) | (0<<TOIE1) | (0<<OCIE0) | (0<<TOIE0);
0000cc e1e0      	LDI  R30,LOW(16)
0000cd bfe9      	OUT  0x39,R30
                 ; 0000 0072 
                 ; 0000 0073 // Alphanumeric LCD initialization
                 ; 0000 0074 // Connections are specified in the
                 ; 0000 0075 // Project|Configure|C Compiler|Libraries|Alphanumeric LCD menu:
                 ; 0000 0076 // RS - PORTC Bit 0
                 ; 0000 0077 // RD - PORTC Bit 1
                 ; 0000 0078 // EN - PORTC Bit 2
                 ; 0000 0079 // D4 - PORTC Bit 4
                 ; 0000 007A // D5 - PORTC Bit 5
                 ; 0000 007B // D6 - PORTC Bit 6
                 ; 0000 007C // D7 - PORTC Bit 7
                 ; 0000 007D // Characters/line: 16
                 ; 0000 007E lcd_init(16);
0000ce e1a0      	LDI  R26,LOW(16)
0000cf 940e 0309 	CALL _lcd_init
                 ; 0000 007F 
                 ; 0000 0080 // Global enable interrupts
                 ; 0000 0081 #asm("sei")
0000d1 9478      	sei
                 ; 0000 0082 
                 ; 0000 0083 while (1)
                 _0x7:
                 ; 0000 0084       {
                 ; 0000 0085       // Place your code here
                 ; 0000 0086       lcd_gotoxy(3,0);
0000d2 e0e3      	LDI  R30,LOW(3)
0000d3 93ea      	ST   -Y,R30
0000d4 e0a0      	LDI  R26,LOW(0)
0000d5 940e 02c8 	CALL _lcd_gotoxy
                 ; 0000 0087       lcd_puts("LDC Clock");
                +
0000d7 e6a0     +LDI R26 , LOW ( _0xA + ( 0 ) )
0000d8 e0b2     +LDI R27 , HIGH ( _0xA + ( 0 ) )
                 	__POINTW2MN _0xA,0
0000d9 940e 02f8 	CALL _lcd_puts
                 ; 0000 0088       lcd_gotoxy(3,1);
0000db e0e3      	LDI  R30,LOW(3)
0000dc 93ea      	ST   -Y,R30
0000dd e0a1      	LDI  R26,LOW(1)
0000de 940e 02c8 	CALL _lcd_gotoxy
                 ; 0000 0089       sprintf(st,"%02d:%02d:%02d:%02d",hour,minutes,sec,tenth);
0000e0 01fe      	MOVW R30,R28
0000e1 93fa      	ST   -Y,R31
0000e2 93ea      	ST   -Y,R30
                +
0000e3 e7e8     +LDI R30 , LOW ( 2 * _0x0 + ( 10 ) )
0000e4 e0f0     +LDI R31 , HIGH ( 2 * _0x0 + ( 10 ) )
                 	__POINTW1FN _0x0,10
0000e5 93fa      	ST   -Y,R31
0000e6 93ea      	ST   -Y,R30
0000e7 01f3      	MOVW R30,R6
0000e8 940e 0351 	CALL SUBOPT_0x0
0000ea 01f2      	MOVW R30,R4
0000eb 940e 0351 	CALL SUBOPT_0x0
0000ed 01f5      	MOVW R30,R10
0000ee 940e 0351 	CALL SUBOPT_0x0
0000f0 01f4      	MOVW R30,R8
0000f1 940e 0351 	CALL SUBOPT_0x0
0000f3 e180      	LDI  R24,16
0000f4 940e 0274 	CALL _sprintf
0000f6 9664      	ADIW R28,20
                 ; 0000 008A       lcd_puts(st);
0000f7 01de      	MOVW R26,R28
0000f8 940e 02f8 	CALL _lcd_puts
                 ; 0000 008B       delay_ms(50);
0000fa e3a2      	LDI  R26,LOW(50)
0000fb e0b0      	LDI  R27,0
0000fc 940e 0390 	CALL _delay_ms
                 ; 0000 008C       }
0000fe cfd3      	RJMP _0x7
                 ; 0000 008D }
                 _0xB:
0000ff cfff      	RJMP _0xB
                 ; .FEND
                 
                 	.DSEG
                 _0xA:
000260           	.BYTE 0xA
                 	#ifndef __SLEEP_DEFINED__
                 	#endif
                 
                 	.CSEG
                 _put_buff_G100:
                 ; .FSTART _put_buff_G100
000100 93ba      	ST   -Y,R27
000101 93aa      	ST   -Y,R26
000102 931a      	ST   -Y,R17
000103 930a      	ST   -Y,R16
000104 81aa      	LDD  R26,Y+2
000105 81bb      	LDD  R27,Y+2+1
000106 9612      	ADIW R26,2
000107 940e 03a7 	CALL __GETW1P
000109 9730      	SBIW R30,0
00010a f159      	BREQ _0x2000010
00010b 81aa      	LDD  R26,Y+2
00010c 81bb      	LDD  R27,Y+2+1
00010d 9614      	ADIW R26,4
00010e 940e 03a7 	CALL __GETW1P
000110 018f      	MOVW R16,R30
000111 9730      	SBIW R30,0
000112 f061      	BREQ _0x2000012
                +
000113 3002     +CPI R16 , LOW ( 2 )
000114 e0e0     +LDI R30 , HIGH ( 2 )
000115 071e     +CPC R17 , R30
                 	__CPWRN 16,17,2
000116 f098      	BRLO _0x2000013
000117 01f8      	MOVW R30,R16
000118 9731      	SBIW R30,1
000119 018f      	MOVW R16,R30
                +
00011a 81aa     +LDD R26 , Y + 2
00011b 81bb     +LDD R27 , Y + 2 + 1
00011c 9614     +ADIW R26 , 4
00011d 93ed     +ST X + , R30
00011e 93fc     +ST X , R31
                 	__PUTW1SNS 2,4
                 _0x2000012:
00011f 81aa      	LDD  R26,Y+2
000120 81bb      	LDD  R27,Y+2+1
000121 9612      	ADIW R26,2
000122 91ed      	LD   R30,X+
000123 91fd      	LD   R31,X+
000124 9631      	ADIW R30,1
000125 93fe      	ST   -X,R31
000126 93ee      	ST   -X,R30
000127 9731      	SBIW R30,1
000128 81ac      	LDD  R26,Y+4
000129 83a0      	STD  Z+0,R26
                 _0x2000013:
00012a 81aa      	LDD  R26,Y+2
00012b 81bb      	LDD  R27,Y+2+1
00012c 940e 03a7 	CALL __GETW1P
00012e 23ff      	TST  R31
00012f f02a      	BRMI _0x2000014
000130 91ed      	LD   R30,X+
000131 91fd      	LD   R31,X+
000132 9631      	ADIW R30,1
000133 93fe      	ST   -X,R31
000134 93ee      	ST   -X,R30
                 _0x2000014:
000135 c006      	RJMP _0x2000015
                 _0x2000010:
000136 81aa      	LDD  R26,Y+2
000137 81bb      	LDD  R27,Y+2+1
000138 efef      	LDI  R30,LOW(65535)
000139 efff      	LDI  R31,HIGH(65535)
00013a 93ed      	ST   X+,R30
00013b 93fc      	ST   X,R31
                 _0x2000015:
00013c 8119      	LDD  R17,Y+1
00013d 8108      	LDD  R16,Y+0
00013e 9625      	ADIW R28,5
00013f 9508      	RET
                 ; .FEND
                 __print_G100:
                 ; .FSTART __print_G100
000140 93ba      	ST   -Y,R27
000141 93aa      	ST   -Y,R26
000142 9726      	SBIW R28,6
000143 940e 03b4 	CALL __SAVELOCR6
000145 e010      	LDI  R17,0
000146 85ac      	LDD  R26,Y+12
000147 85bd      	LDD  R27,Y+12+1
000148 e0e0      	LDI  R30,LOW(0)
000149 e0f0      	LDI  R31,HIGH(0)
00014a 93ed      	ST   X+,R30
00014b 93fc      	ST   X,R31
                 _0x2000016:
00014c 89ea      	LDD  R30,Y+18
00014d 89fb      	LDD  R31,Y+18+1
00014e 9631      	ADIW R30,1
00014f 8bea      	STD  Y+18,R30
000150 8bfb      	STD  Y+18+1,R31
000151 9731      	SBIW R30,1
000152 91e4      	LPM  R30,Z
000153 2f2e      	MOV  R18,R30
000154 30e0      	CPI  R30,0
000155 f409      	BRNE PC+2
000156 c115      	RJMP _0x2000018
000157 2fe1      	MOV  R30,R17
000158 30e0      	CPI  R30,0
000159 f439      	BRNE _0x200001C
00015a 3225      	CPI  R18,37
00015b f411      	BRNE _0x200001D
00015c e011      	LDI  R17,LOW(1)
00015d c002      	RJMP _0x200001E
                 _0x200001D:
00015e 940e 0356 	CALL SUBOPT_0x1
                 _0x200001E:
000160 c10a      	RJMP _0x200001B
                 _0x200001C:
000161 30e1      	CPI  R30,LOW(0x1)
000162 f4a9      	BRNE _0x200001F
000163 3225      	CPI  R18,37
000164 f419      	BRNE _0x2000020
000165 940e 0356 	CALL SUBOPT_0x1
000167 c102      	RJMP _0x20000CC
                 _0x2000020:
000168 e012      	LDI  R17,LOW(2)
000169 e040      	LDI  R20,LOW(0)
00016a e000      	LDI  R16,LOW(0)
00016b 322d      	CPI  R18,45
00016c f411      	BRNE _0x2000021
00016d e001      	LDI  R16,LOW(1)
00016e c0fc      	RJMP _0x200001B
                 _0x2000021:
00016f 322b      	CPI  R18,43
000170 f411      	BRNE _0x2000022
000171 e24b      	LDI  R20,LOW(43)
000172 c0f8      	RJMP _0x200001B
                 _0x2000022:
000173 3220      	CPI  R18,32
000174 f411      	BRNE _0x2000023
000175 e240      	LDI  R20,LOW(32)
000176 c0f4      	RJMP _0x200001B
                 _0x2000023:
000177 c002      	RJMP _0x2000024
                 _0x200001F:
000178 30e2      	CPI  R30,LOW(0x2)
000179 f439      	BRNE _0x2000025
                 _0x2000024:
00017a e050      	LDI  R21,LOW(0)
00017b e013      	LDI  R17,LOW(3)
00017c 3320      	CPI  R18,48
00017d f411      	BRNE _0x2000026
00017e 6800      	ORI  R16,LOW(128)
00017f c0eb      	RJMP _0x200001B
                 _0x2000026:
000180 c003      	RJMP _0x2000027
                 _0x2000025:
000181 30e3      	CPI  R30,LOW(0x3)
000182 f009      	BREQ PC+2
000183 c0e7      	RJMP _0x200001B
                 _0x2000027:
000184 3320      	CPI  R18,48
000185 f010      	BRLO _0x200002A
000186 332a      	CPI  R18,58
000187 f008      	BRLO _0x200002B
                 _0x200002A:
000188 c007      	RJMP _0x2000029
                 _0x200002B:
000189 e0aa      	LDI  R26,LOW(10)
00018a 9f5a      	MUL  R21,R26
00018b 2d50      	MOV  R21,R0
00018c 2fe2      	MOV  R30,R18
00018d 53e0      	SUBI R30,LOW(48)
00018e 0f5e      	ADD  R21,R30
00018f c0db      	RJMP _0x200001B
                 _0x2000029:
000190 2fe2      	MOV  R30,R18
000191 36e3      	CPI  R30,LOW(0x63)
000192 f449      	BRNE _0x200002F
000193 940e 035d 	CALL SUBOPT_0x2
000195 89e8      	LDD  R30,Y+16
000196 89f9      	LDD  R31,Y+16+1
000197 81a4      	LDD  R26,Z+4
000198 93aa      	ST   -Y,R26
000199 940e 0363 	CALL SUBOPT_0x3
00019b c0ce      	RJMP _0x2000030
                 _0x200002F:
00019c 37e3      	CPI  R30,LOW(0x73)
00019d f441      	BRNE _0x2000032
00019e 940e 035d 	CALL SUBOPT_0x2
0001a0 940e 0369 	CALL SUBOPT_0x4
0001a2 940e 0338 	CALL _strlen
0001a4 2f1e      	MOV  R17,R30
0001a5 c00a      	RJMP _0x2000033
                 _0x2000032:
0001a6 37e0      	CPI  R30,LOW(0x70)
0001a7 f461      	BRNE _0x2000035
0001a8 940e 035d 	CALL SUBOPT_0x2
0001aa 940e 0369 	CALL SUBOPT_0x4
0001ac 940e 0344 	CALL _strlenf
0001ae 2f1e      	MOV  R17,R30
0001af 6008      	ORI  R16,LOW(8)
                 _0x2000033:
0001b0 6002      	ORI  R16,LOW(2)
0001b1 770f      	ANDI R16,LOW(127)
0001b2 e030      	LDI  R19,LOW(0)
0001b3 c034      	RJMP _0x2000036
                 _0x2000035:
0001b4 36e4      	CPI  R30,LOW(0x64)
0001b5 f011      	BREQ _0x2000039
0001b6 36e9      	CPI  R30,LOW(0x69)
0001b7 f411      	BRNE _0x200003A
                 _0x2000039:
0001b8 6004      	ORI  R16,LOW(4)
0001b9 c002      	RJMP _0x200003B
                 _0x200003A:
0001ba 37e5      	CPI  R30,LOW(0x75)
0001bb f431      	BRNE _0x200003C
                 _0x200003B:
0001bc e5e4      	LDI  R30,LOW(_tbl10_G100*2)
0001bd e0f0      	LDI  R31,HIGH(_tbl10_G100*2)
0001be 83ee      	STD  Y+6,R30
0001bf 83ff      	STD  Y+6+1,R31
0001c0 e015      	LDI  R17,LOW(5)
0001c1 c00c      	RJMP _0x200003D
                 _0x200003C:
0001c2 35e8      	CPI  R30,LOW(0x58)
0001c3 f411      	BRNE _0x200003F
0001c4 6008      	ORI  R16,LOW(8)
0001c5 c003      	RJMP _0x2000040
                 _0x200003F:
0001c6 37e8      	CPI  R30,LOW(0x78)
0001c7 f009      	BREQ PC+2
0001c8 c0a1      	RJMP _0x2000071
                 _0x2000040:
0001c9 e5ee      	LDI  R30,LOW(_tbl16_G100*2)
0001ca e0f0      	LDI  R31,HIGH(_tbl16_G100*2)
0001cb 83ee      	STD  Y+6,R30
0001cc 83ff      	STD  Y+6+1,R31
0001cd e014      	LDI  R17,LOW(4)
                 _0x200003D:
0001ce ff02      	SBRS R16,2
0001cf c014      	RJMP _0x2000042
0001d0 940e 035d 	CALL SUBOPT_0x2
0001d2 940e 0373 	CALL SUBOPT_0x5
0001d4 85ab      	LDD  R26,Y+11
0001d5 23aa      	TST  R26
0001d6 f43a      	BRPL _0x2000043
0001d7 85ea      	LDD  R30,Y+10
0001d8 85fb      	LDD  R31,Y+10+1
0001d9 940e 039e 	CALL __ANEGW1
0001db 87ea      	STD  Y+10,R30
0001dc 87fb      	STD  Y+10+1,R31
0001dd e24d      	LDI  R20,LOW(45)
                 _0x2000043:
0001de 3040      	CPI  R20,0
0001df f011      	BREQ _0x2000044
0001e0 5f1f      	SUBI R17,-LOW(1)
0001e1 c001      	RJMP _0x2000045
                 _0x2000044:
0001e2 7f0b      	ANDI R16,LOW(251)
                 _0x2000045:
0001e3 c004      	RJMP _0x2000046
                 _0x2000042:
0001e4 940e 035d 	CALL SUBOPT_0x2
0001e6 940e 0373 	CALL SUBOPT_0x5
                 _0x2000046:
                 _0x2000036:
0001e8 fd00      	SBRC R16,0
0001e9 c011      	RJMP _0x2000047
                 _0x2000048:
0001ea 1715      	CP   R17,R21
0001eb f478      	BRSH _0x200004A
0001ec ff07      	SBRS R16,7
0001ed c008      	RJMP _0x200004B
0001ee ff02      	SBRS R16,2
0001ef c004      	RJMP _0x200004C
0001f0 7f0b      	ANDI R16,LOW(251)
0001f1 2f24      	MOV  R18,R20
0001f2 5011      	SUBI R17,LOW(1)
0001f3 c001      	RJMP _0x200004D
                 _0x200004C:
0001f4 e320      	LDI  R18,LOW(48)
                 _0x200004D:
0001f5 c001      	RJMP _0x200004E
                 _0x200004B:
0001f6 e220      	LDI  R18,LOW(32)
                 _0x200004E:
0001f7 940e 0356 	CALL SUBOPT_0x1
0001f9 5051      	SUBI R21,LOW(1)
0001fa cfef      	RJMP _0x2000048
                 _0x200004A:
                 _0x2000047:
0001fb 2f31      	MOV  R19,R17
0001fc ff01      	SBRS R16,1
0001fd c017      	RJMP _0x200004F
                 _0x2000050:
0001fe 3030      	CPI  R19,0
0001ff f0a1      	BREQ _0x2000052
000200 ff03      	SBRS R16,3
000201 c006      	RJMP _0x2000053
000202 81ee      	LDD  R30,Y+6
000203 81ff      	LDD  R31,Y+6+1
000204 9125      	LPM  R18,Z+
000205 83ee      	STD  Y+6,R30
000206 83ff      	STD  Y+6+1,R31
000207 c005      	RJMP _0x2000054
                 _0x2000053:
000208 81ae      	LDD  R26,Y+6
000209 81bf      	LDD  R27,Y+6+1
00020a 912d      	LD   R18,X+
00020b 83ae      	STD  Y+6,R26
00020c 83bf      	STD  Y+6+1,R27
                 _0x2000054:
00020d 940e 0356 	CALL SUBOPT_0x1
00020f 3050      	CPI  R21,0
000210 f009      	BREQ _0x2000055
000211 5051      	SUBI R21,LOW(1)
                 _0x2000055:
000212 5031      	SUBI R19,LOW(1)
000213 cfea      	RJMP _0x2000050
                 _0x2000052:
000214 c04b      	RJMP _0x2000056
                 _0x200004F:
                 _0x2000058:
000215 e320      	LDI  R18,LOW(48)
000216 81ee      	LDD  R30,Y+6
000217 81ff      	LDD  R31,Y+6+1
000218 940e 03ab 	CALL __GETW1PF
00021a 87e8      	STD  Y+8,R30
00021b 87f9      	STD  Y+8+1,R31
00021c 81ee      	LDD  R30,Y+6
00021d 81ff      	LDD  R31,Y+6+1
00021e 9632      	ADIW R30,2
00021f 83ee      	STD  Y+6,R30
000220 83ff      	STD  Y+6+1,R31
                 _0x200005A:
000221 85e8      	LDD  R30,Y+8
000222 85f9      	LDD  R31,Y+8+1
000223 85aa      	LDD  R26,Y+10
000224 85bb      	LDD  R27,Y+10+1
000225 17ae      	CP   R26,R30
000226 07bf      	CPC  R27,R31
000227 f050      	BRLO _0x200005C
000228 5f2f      	SUBI R18,-LOW(1)
000229 85a8      	LDD  R26,Y+8
00022a 85b9      	LDD  R27,Y+8+1
00022b 85ea      	LDD  R30,Y+10
00022c 85fb      	LDD  R31,Y+10+1
00022d 1bea      	SUB  R30,R26
00022e 0bfb      	SBC  R31,R27
00022f 87ea      	STD  Y+10,R30
000230 87fb      	STD  Y+10+1,R31
000231 cfef      	RJMP _0x200005A
                 _0x200005C:
000232 332a      	CPI  R18,58
000233 f028      	BRLO _0x200005D
000234 ff03      	SBRS R16,3
000235 c002      	RJMP _0x200005E
000236 5f29      	SUBI R18,-LOW(7)
000237 c001      	RJMP _0x200005F
                 _0x200005E:
000238 5d29      	SUBI R18,-LOW(39)
                 _0x200005F:
                 _0x200005D:
000239 fd04      	SBRC R16,4
00023a c01a      	RJMP _0x2000061
00023b 3321      	CPI  R18,49
00023c f420      	BRSH _0x2000063
00023d 85a8      	LDD  R26,Y+8
00023e 85b9      	LDD  R27,Y+8+1
00023f 9711      	SBIW R26,1
000240 f409      	BRNE _0x2000062
                 _0x2000063:
000241 c009      	RJMP _0x20000CD
                 _0x2000062:
000242 1753      	CP   R21,R19
000243 f010      	BRLO _0x2000067
000244 ff00      	SBRS R16,0
000245 c001      	RJMP _0x2000068
                 _0x2000067:
000246 c013      	RJMP _0x2000066
                 _0x2000068:
000247 e220      	LDI  R18,LOW(32)
000248 ff07      	SBRS R16,7
000249 c00b      	RJMP _0x2000069
00024a e320      	LDI  R18,LOW(48)
                 _0x20000CD:
00024b 6100      	ORI  R16,LOW(16)
00024c ff02      	SBRS R16,2
00024d c007      	RJMP _0x200006A
00024e 7f0b      	ANDI R16,LOW(251)
00024f 934a      	ST   -Y,R20
000250 940e 0363 	CALL SUBOPT_0x3
000252 3050      	CPI  R21,0
000253 f009      	BREQ _0x200006B
000254 5051      	SUBI R21,LOW(1)
                 _0x200006B:
                 _0x200006A:
                 _0x2000069:
                 _0x2000061:
000255 940e 0356 	CALL SUBOPT_0x1
000257 3050      	CPI  R21,0
000258 f009      	BREQ _0x200006C
000259 5051      	SUBI R21,LOW(1)
                 _0x200006C:
                 _0x2000066:
00025a 5031      	SUBI R19,LOW(1)
00025b 85a8      	LDD  R26,Y+8
00025c 85b9      	LDD  R27,Y+8+1
00025d 9712      	SBIW R26,2
00025e f008      	BRLO _0x2000059
00025f cfb5      	RJMP _0x2000058
                 _0x2000059:
                 _0x2000056:
000260 ff00      	SBRS R16,0
000261 c008      	RJMP _0x200006D
                 _0x200006E:
000262 3050      	CPI  R21,0
000263 f031      	BREQ _0x2000070
000264 5051      	SUBI R21,LOW(1)
000265 e2e0      	LDI  R30,LOW(32)
000266 93ea      	ST   -Y,R30
000267 940e 0363 	CALL SUBOPT_0x3
000269 cff8      	RJMP _0x200006E
                 _0x2000070:
                 _0x200006D:
                 _0x2000071:
                 _0x2000030:
                 _0x20000CC:
00026a e010      	LDI  R17,LOW(0)
                 _0x200001B:
00026b cee0      	RJMP _0x2000016
                 _0x2000018:
00026c 85ac      	LDD  R26,Y+12
00026d 85bd      	LDD  R27,Y+12+1
00026e 940e 03a7 	CALL __GETW1P
000270 940e 03bb 	CALL __LOADLOCR6
000272 9664      	ADIW R28,20
000273 9508      	RET
                 ; .FEND
                 _sprintf:
                 ; .FSTART _sprintf
000274 92ff      	PUSH R15
000275 2ef8      	MOV  R15,R24
000276 9726      	SBIW R28,6
000277 940e 03b6 	CALL __SAVELOCR4
000279 940e 037b 	CALL SUBOPT_0x6
00027b 9730      	SBIW R30,0
00027c f419      	BRNE _0x2000072
00027d efef      	LDI  R30,LOW(65535)
00027e efff      	LDI  R31,HIGH(65535)
00027f c023      	RJMP _0x2080002
                 _0x2000072:
000280 01de      	MOVW R26,R28
000281 9616      	ADIW R26,6
000282 940e 039a 	CALL __ADDW2R15
000284 018d      	MOVW R16,R26
000285 940e 037b 	CALL SUBOPT_0x6
000287 83ee      	STD  Y+6,R30
000288 83ff      	STD  Y+6+1,R31
000289 e0e0      	LDI  R30,LOW(0)
00028a 87e8      	STD  Y+8,R30
00028b 87e9      	STD  Y+8+1,R30
00028c 01de      	MOVW R26,R28
00028d 961a      	ADIW R26,10
00028e 940e 039a 	CALL __ADDW2R15
000290 940e 03a7 	CALL __GETW1P
000292 93fa      	ST   -Y,R31
000293 93ea      	ST   -Y,R30
000294 931a      	ST   -Y,R17
000295 930a      	ST   -Y,R16
000296 e0e0      	LDI  R30,LOW(_put_buff_G100)
000297 e0f1      	LDI  R31,HIGH(_put_buff_G100)
000298 93fa      	ST   -Y,R31
000299 93ea      	ST   -Y,R30
00029a 01de      	MOVW R26,R28
00029b 961a      	ADIW R26,10
00029c dea3      	RCALL __print_G100
00029d 019f      	MOVW R18,R30
00029e 81ae      	LDD  R26,Y+6
00029f 81bf      	LDD  R27,Y+6+1
0002a0 e0e0      	LDI  R30,LOW(0)
0002a1 93ec      	ST   X,R30
0002a2 01f9      	MOVW R30,R18
                 _0x2080002:
0002a3 940e 03bd 	CALL __LOADLOCR4
0002a5 962a      	ADIW R28,10
0002a6 90ff      	POP  R15
0002a7 9508      	RET
                 ; .FEND
                 	#ifndef __SLEEP_DEFINED__
                 	#endif
                 
                 	.DSEG
                 
                 	.CSEG
                 __lcd_write_nibble_G101:
                 ; .FSTART __lcd_write_nibble_G101
0002a8 93aa      	ST   -Y,R26
0002a9 b3e5      	IN   R30,0x15
0002aa 70ef      	ANDI R30,LOW(0xF)
0002ab 2fae      	MOV  R26,R30
0002ac 81e8      	LD   R30,Y
0002ad 7fe0      	ANDI R30,LOW(0xF0)
0002ae 2bea      	OR   R30,R26
0002af bbe5      	OUT  0x15,R30
                +
0002b0 e08d     +LDI R24 , LOW ( 13 )
                +__DELAY_USB_LOOP :
0002b1 958a     +DEC R24
0002b2 f7f1     +BRNE __DELAY_USB_LOOP
                 	__DELAY_USB 13
0002b3 9aaa      	SBI  0x15,2
                +
0002b4 e08d     +LDI R24 , LOW ( 13 )
                +__DELAY_USB_LOOP :
0002b5 958a     +DEC R24
0002b6 f7f1     +BRNE __DELAY_USB_LOOP
                 	__DELAY_USB 13
0002b7 98aa      	CBI  0x15,2
                +
0002b8 e08d     +LDI R24 , LOW ( 13 )
                +__DELAY_USB_LOOP :
0002b9 958a     +DEC R24
0002ba f7f1     +BRNE __DELAY_USB_LOOP
                 	__DELAY_USB 13
0002bb c07a      	RJMP _0x2080001
                 ; .FEND
                 __lcd_write_data:
                 ; .FSTART __lcd_write_data
0002bc 93aa      	ST   -Y,R26
0002bd 81a8      	LD   R26,Y
0002be dfe9      	RCALL __lcd_write_nibble_G101
0002bf 81e8          ld    r30,y
0002c0 95e2          swap  r30
0002c1 83e8          st    y,r30
0002c2 81a8      	LD   R26,Y
0002c3 dfe4      	RCALL __lcd_write_nibble_G101
                +
0002c4 e885     +LDI R24 , LOW ( 133 )
                +__DELAY_USB_LOOP :
0002c5 958a     +DEC R24
0002c6 f7f1     +BRNE __DELAY_USB_LOOP
                 	__DELAY_USB 133
0002c7 c06e      	RJMP _0x2080001
                 ; .FEND
                 _lcd_gotoxy:
                 ; .FSTART _lcd_gotoxy
0002c8 93aa      	ST   -Y,R26
0002c9 81e8      	LD   R30,Y
0002ca e0f0      	LDI  R31,0
0002cb 59e6      	SUBI R30,LOW(-__base_y_G101)
0002cc 4ffd      	SBCI R31,HIGH(-__base_y_G101)
0002cd 81e0      	LD   R30,Z
0002ce 81a9      	LDD  R26,Y+1
0002cf 0fae      	ADD  R26,R30
0002d0 dfeb      	RCALL __lcd_write_data
0002d1 80d9      	LDD  R13,Y+1
0002d2 80c8      	LDD  R12,Y+0
0002d3 9622      	ADIW R28,2
0002d4 9508      	RET
                 ; .FEND
                 _lcd_clear:
                 ; .FSTART _lcd_clear
0002d5 e0a2      	LDI  R26,LOW(2)
0002d6 940e 0382 	CALL SUBOPT_0x7
0002d8 e0ac      	LDI  R26,LOW(12)
0002d9 dfe2      	RCALL __lcd_write_data
0002da e0a1      	LDI  R26,LOW(1)
0002db 940e 0382 	CALL SUBOPT_0x7
0002dd e0e0      	LDI  R30,LOW(0)
0002de 2ece      	MOV  R12,R30
0002df 2ede      	MOV  R13,R30
0002e0 9508      	RET
                 ; .FEND
                 _lcd_putchar:
                 ; .FSTART _lcd_putchar
0002e1 93aa      	ST   -Y,R26
0002e2 81a8      	LD   R26,Y
0002e3 30aa      	CPI  R26,LOW(0xA)
0002e4 f021      	BREQ _0x2020005
0002e5 91e0 026e 	LDS  R30,__lcd_maxx
0002e7 16de      	CP   R13,R30
0002e8 f048      	BRLO _0x2020004
                 _0x2020005:
0002e9 e0e0      	LDI  R30,LOW(0)
0002ea 93ea      	ST   -Y,R30
0002eb 94c3      	INC  R12
0002ec 2dac      	MOV  R26,R12
0002ed dfda      	RCALL _lcd_gotoxy
0002ee 81a8      	LD   R26,Y
0002ef 30aa      	CPI  R26,LOW(0xA)
0002f0 f409      	BRNE _0x2020007
0002f1 c044      	RJMP _0x2080001
                 _0x2020007:
                 _0x2020004:
0002f2 94d3      	INC  R13
0002f3 9aa8      	SBI  0x15,0
0002f4 81a8      	LD   R26,Y
0002f5 dfc6      	RCALL __lcd_write_data
0002f6 98a8      	CBI  0x15,0
0002f7 c03e      	RJMP _0x2080001
                 ; .FEND
                 _lcd_puts:
                 ; .FSTART _lcd_puts
0002f8 93ba      	ST   -Y,R27
0002f9 93aa      	ST   -Y,R26
0002fa 931a      	ST   -Y,R17
                 _0x2020008:
0002fb 81a9      	LDD  R26,Y+1
0002fc 81ba      	LDD  R27,Y+1+1
0002fd 91ed      	LD   R30,X+
0002fe 83a9      	STD  Y+1,R26
0002ff 83ba      	STD  Y+1+1,R27
000300 2f1e      	MOV  R17,R30
000301 30e0      	CPI  R30,0
000302 f019      	BREQ _0x202000A
000303 2fa1      	MOV  R26,R17
000304 dfdc      	RCALL _lcd_putchar
000305 cff5      	RJMP _0x2020008
                 _0x202000A:
000306 8118      	LDD  R17,Y+0
000307 9623      	ADIW R28,3
000308 9508      	RET
                 ; .FEND
                 _lcd_init:
                 ; .FSTART _lcd_init
000309 93aa      	ST   -Y,R26
00030a b3e4      	IN   R30,0x14
00030b 6fe0      	ORI  R30,LOW(0xF0)
00030c bbe4      	OUT  0x14,R30
00030d 9aa2      	SBI  0x14,2
00030e 9aa0      	SBI  0x14,0
00030f 9aa1      	SBI  0x14,1
000310 98aa      	CBI  0x15,2
000311 98a8      	CBI  0x15,0
000312 98a9      	CBI  0x15,1
000313 81e8      	LD   R30,Y
000314 93e0 026e 	STS  __lcd_maxx,R30
000316 58e0      	SUBI R30,-LOW(128)
                +
000317 93e0 026c+STS __base_y_G101 + ( 2 ) , R30
                 	__PUTB1MN __base_y_G101,2
000319 81e8      	LD   R30,Y
00031a 54e0      	SUBI R30,-LOW(192)
                +
00031b 93e0 026d+STS __base_y_G101 + ( 3 ) , R30
                 	__PUTB1MN __base_y_G101,3
00031d e1a4      	LDI  R26,LOW(20)
00031e e0b0      	LDI  R27,0
00031f 940e 0390 	CALL _delay_ms
000321 940e 0388 	CALL SUBOPT_0x8
000323 940e 0388 	CALL SUBOPT_0x8
000325 940e 0388 	CALL SUBOPT_0x8
000327 e2a0      	LDI  R26,LOW(32)
000328 df7f      	RCALL __lcd_write_nibble_G101
                +
000329 ec88     +LDI R24 , LOW ( 200 )
00032a e090     +LDI R25 , HIGH ( 200 )
                +__DELAY_USW_LOOP :
00032b 9701     +SBIW R24 , 1
00032c f7f1     +BRNE __DELAY_USW_LOOP
                 	__DELAY_USW 200
00032d e2a8      	LDI  R26,LOW(40)
00032e df8d      	RCALL __lcd_write_data
00032f e0a4      	LDI  R26,LOW(4)
000330 df8b      	RCALL __lcd_write_data
000331 e8a5      	LDI  R26,LOW(133)
000332 df89      	RCALL __lcd_write_data
000333 e0a6      	LDI  R26,LOW(6)
000334 df87      	RCALL __lcd_write_data
000335 df9f      	RCALL _lcd_clear
                 _0x2080001:
000336 9621      	ADIW R28,1
000337 9508      	RET
                 ; .FEND
                 
                 	.CSEG
                 
                 	.CSEG
                 _strlen:
                 ; .FSTART _strlen
000338 93ba      	ST   -Y,R27
000339 93aa      	ST   -Y,R26
00033a 91a9          ld   r26,y+
00033b 91b9          ld   r27,y+
00033c 27ee          clr  r30
00033d 27ff          clr  r31
                 strlen0:
00033e 916d          ld   r22,x+
00033f 2366          tst  r22
000340 f011          breq strlen1
000341 9631          adiw r30,1
000342 cffb          rjmp strlen0
                 strlen1:
000343 9508          ret
                 ; .FEND
                 _strlenf:
                 ; .FSTART _strlenf
000344 93ba      	ST   -Y,R27
000345 93aa      	ST   -Y,R26
000346 27aa          clr  r26
000347 27bb          clr  r27
000348 91e9          ld   r30,y+
000349 91f9          ld   r31,y+
                 strlenf0:
00034a 9005      	lpm  r0,z+
00034b 2000          tst  r0
00034c f011          breq strlenf1
00034d 9611          adiw r26,1
00034e cffb          rjmp strlenf0
                 strlenf1:
00034f 01fd          movw r30,r26
000350 9508          ret
                 ; .FEND
                 
                 	.DSEG
                 __base_y_G101:
00026a           	.BYTE 0x4
                 __lcd_maxx:
00026e           	.BYTE 0x1
                 
                 	.CSEG
                 ;OPTIMIZER ADDED SUBROUTINE, CALLED 4 TIMES, CODE SIZE REDUCTION:3 WORDS
                 SUBOPT_0x0:
000351 940e 03a2 	CALL __CWD1
000353 940e 03af 	CALL __PUTPARD1
000355 9508      	RET
                 
                 ;OPTIMIZER ADDED SUBROUTINE, CALLED 5 TIMES, CODE SIZE REDUCTION:13 WORDS
                 SUBOPT_0x1:
000356 932a      	ST   -Y,R18
000357 85ad      	LDD  R26,Y+13
000358 85be      	LDD  R27,Y+13+1
000359 85ef      	LDD  R30,Y+15
00035a 89f8      	LDD  R31,Y+15+1
00035b 9509      	ICALL
00035c 9508      	RET
                 
                 ;OPTIMIZER ADDED SUBROUTINE, CALLED 5 TIMES, CODE SIZE REDUCTION:9 WORDS
                 SUBOPT_0x2:
00035d 89e8      	LDD  R30,Y+16
00035e 89f9      	LDD  R31,Y+16+1
00035f 9734      	SBIW R30,4
000360 8be8      	STD  Y+16,R30
000361 8bf9      	STD  Y+16+1,R31
000362 9508      	RET
                 
                 ;OPTIMIZER ADDED SUBROUTINE, CALLED 3 TIMES, CODE SIZE REDUCTION:3 WORDS
                 SUBOPT_0x3:
000363 85ad      	LDD  R26,Y+13
000364 85be      	LDD  R27,Y+13+1
000365 85ef      	LDD  R30,Y+15
000366 89f8      	LDD  R31,Y+15+1
000367 9509      	ICALL
000368 9508      	RET
                 
                 ;OPTIMIZER ADDED SUBROUTINE, CALLED 2 TIMES, CODE SIZE REDUCTION:4 WORDS
                 SUBOPT_0x4:
000369 89a8      	LDD  R26,Y+16
00036a 89b9      	LDD  R27,Y+16+1
00036b 9614      	ADIW R26,4
00036c 940e 03a7 	CALL __GETW1P
00036e 83ee      	STD  Y+6,R30
00036f 83ff      	STD  Y+6+1,R31
000370 81ae      	LDD  R26,Y+6
000371 81bf      	LDD  R27,Y+6+1
000372 9508      	RET
                 
                 ;OPTIMIZER ADDED SUBROUTINE, CALLED 2 TIMES, CODE SIZE REDUCTION:2 WORDS
                 SUBOPT_0x5:
000373 89a8      	LDD  R26,Y+16
000374 89b9      	LDD  R27,Y+16+1
000375 9614      	ADIW R26,4
000376 940e 03a7 	CALL __GETW1P
000378 87ea      	STD  Y+10,R30
000379 87fb      	STD  Y+10+1,R31
00037a 9508      	RET
                 
                 ;OPTIMIZER ADDED SUBROUTINE, CALLED 2 TIMES, CODE SIZE REDUCTION:1 WORDS
                 SUBOPT_0x6:
00037b 01de      	MOVW R26,R28
00037c 961c      	ADIW R26,12
00037d 940e 039a 	CALL __ADDW2R15
00037f 940e 03a7 	CALL __GETW1P
000381 9508      	RET
                 
                 ;OPTIMIZER ADDED SUBROUTINE, CALLED 2 TIMES, CODE SIZE REDUCTION:1 WORDS
                 SUBOPT_0x7:
000382 940e 02bc 	CALL __lcd_write_data
000384 e0a3      	LDI  R26,LOW(3)
000385 e0b0      	LDI  R27,0
000386 940c 0390 	JMP  _delay_ms
                 
                 ;OPTIMIZER ADDED SUBROUTINE, CALLED 3 TIMES, CODE SIZE REDUCTION:7 WORDS
                 SUBOPT_0x8:
000388 e3a0      	LDI  R26,LOW(48)
000389 940e 02a8 	CALL __lcd_write_nibble_G101
                +
00038b ec88     +LDI R24 , LOW ( 200 )
00038c e090     +LDI R25 , HIGH ( 200 )
                +__DELAY_USW_LOOP :
00038d 9701     +SBIW R24 , 1
00038e f7f1     +BRNE __DELAY_USW_LOOP
                 	__DELAY_USW 200
00038f 9508      	RET
                 
                 
                 	.CSEG
                 _delay_ms:
000390 9610      	adiw r26,0
000391 f039      	breq __delay_ms1
                 __delay_ms0:
                +
000392 ed80     +LDI R24 , LOW ( 0x7D0 )
000393 e097     +LDI R25 , HIGH ( 0x7D0 )
                +__DELAY_USW_LOOP :
000394 9701     +SBIW R24 , 1
000395 f7f1     +BRNE __DELAY_USW_LOOP
                 	__DELAY_USW 0x7D0
000396 95a8      	wdr
000397 9711      	sbiw r26,1
000398 f7c9      	brne __delay_ms0
                 __delay_ms1:
000399 9508      	ret
                 
                 __ADDW2R15:
00039a 2400      	CLR  R0
00039b 0daf      	ADD  R26,R15
00039c 1db0      	ADC  R27,R0
00039d 9508      	RET
                 
                 __ANEGW1:
00039e 95f1      	NEG  R31
00039f 95e1      	NEG  R30
0003a0 40f0      	SBCI R31,0
0003a1 9508      	RET
                 
                 __CWD1:
0003a2 2f6f      	MOV  R22,R31
0003a3 0f66      	ADD  R22,R22
0003a4 0b66      	SBC  R22,R22
0003a5 2f76      	MOV  R23,R22
0003a6 9508      	RET
                 
                 __GETW1P:
0003a7 91ed      	LD   R30,X+
0003a8 91fc      	LD   R31,X
0003a9 9711      	SBIW R26,1
0003aa 9508      	RET
                 
                 __GETW1PF:
0003ab 9005      	LPM  R0,Z+
0003ac 91f4      	LPM  R31,Z
0003ad 2de0      	MOV  R30,R0
0003ae 9508      	RET
                 
                 __PUTPARD1:
0003af 937a      	ST   -Y,R23
0003b0 936a      	ST   -Y,R22
0003b1 93fa      	ST   -Y,R31
0003b2 93ea      	ST   -Y,R30
0003b3 9508      	RET
                 
                 __SAVELOCR6:
0003b4 935a      	ST   -Y,R21
                 __SAVELOCR5:
0003b5 934a      	ST   -Y,R20
                 __SAVELOCR4:
0003b6 933a      	ST   -Y,R19
                 __SAVELOCR3:
0003b7 932a      	ST   -Y,R18
                 __SAVELOCR2:
0003b8 931a      	ST   -Y,R17
0003b9 930a      	ST   -Y,R16
0003ba 9508      	RET
                 
                 __LOADLOCR6:
0003bb 815d      	LDD  R21,Y+5
                 __LOADLOCR5:
0003bc 814c      	LDD  R20,Y+4
                 __LOADLOCR4:
0003bd 813b      	LDD  R19,Y+3
                 __LOADLOCR3:
0003be 812a      	LDD  R18,Y+2
                 __LOADLOCR2:
0003bf 8119      	LDD  R17,Y+1
0003c0 8108      	LD   R16,Y
0003c1 9508      	RET
                 
                 ;END OF CODE MARKER
                 __END_OF_CODE:


RESOURCE USE INFORMATION
------------------------

Notice:
The register and instruction counts are symbol table hit counts,
and hence implicitly used resources are not counted, eg, the
'lpm' instruction without operands implicitly uses r0 and z,
none of which are counted.

x,y,z are separate entities in the symbol table and are
counted separately from r26..r31 here.

.dseg memory usage only counts static data declared with .byte

ATmega32 register use summary:
r0 :  11 r1 :   1 r2 :   0 r3 :   0 r4 :   6 r5 :   3 r6 :   5 r7 :   2 
r8 :   5 r9 :   2 r10:   6 r11:   3 r12:   4 r13:   4 r14:   0 r15:   4 
r16:  34 r17:  24 r18:  29 r19:   8 r20:   9 r21:  17 r22:  11 r23:   2 
r24:  23 r25:   5 r26: 100 r27:  38 r28:  17 r29:   1 r30: 207 r31:  67 
x  :  23 y  : 172 z  :  15 
Registers used: 32 out of 35 (91.4%)

ATmega32 instruction use summary:
.lds  :   0 .lds.l:   0 .sts  :   0 .sts.l:   0 adc   :   1 add   :   4 
adiw  :  28 and   :   0 andi  :   6 asr   :   0 bclr  :   0 bld   :   0 
brbc  :   0 brbs  :   0 brcc  :   0 brcs  :   0 break :   0 breq  :  17 
brge  :   0 brhc  :   0 brhs  :   0 brid  :   0 brie  :   0 brlo  :   8 
brlt  :   0 brmi  :   1 brne  :  34 brpl  :   1 brsh  :   2 brtc  :   0 
brts  :   0 brvc  :   0 brvs  :   0 bset  :   0 bst   :   0 call  :  59 
cbi   :   5 cbr   :   0 clc   :   0 clh   :   0 cli   :   1 cln   :   0 
clr   :  19 cls   :   0 clt   :   0 clv   :   0 clz   :   0 com   :   0 
cp    :   8 cpc   :   6 cpi   :  33 cpse  :   0 dec   :   5 des   :   0 
eor   :   0 fmul  :   0 fmuls :   0 fmulsu:   0 icall :   2 ijmp  :   0 
in    :   3 inc   :   2 jmp   :  23 ld    :  28 ldd   :  76 ldi   : 102 
lds   :   1 lpm   :  14 lsl   :   0 lsr   :   0 mov   :  19 movw  :  28 
mul   :   1 muls  :   0 mulsu :   0 neg   :   2 nop   :   0 or    :   1 
ori   :   7 out   :  28 pop   :   1 push  :   1 rcall :  14 ret   :  26 
reti  :   1 rjmp  :  59 rol   :   0 ror   :   0 sbc   :   2 sbci  :   2 
sbi   :   5 sbic  :   0 sbis  :   0 sbiw  :  20 sbr   :   0 sbrc  :   2 
sbrs  :  10 sec   :   0 seh   :   0 sei   :   1 sen   :   0 ser   :   0 
ses   :   0 set   :   0 sev   :   0 sez   :   0 sleep :   0 spm   :   0 
st    :  63 std   :  31 sts   :   3 sub   :   1 subi  :  16 swap  :   1 
tst   :   4 wdr   :   1 
Instructions used: 55 out of 116 (47.4%)

ATmega32 memory use summary [bytes]:
Segment   Begin    End      Code   Data   Used    Size   Use%
---------------------------------------------------------------
[.cseg] 0x000000 0x000784   1846     78   1924   32768   5.9%
[.dseg] 0x000060 0x00026f      0     15     15    2048   0.7%
[.eseg] 0x000000 0x000000      0      0      0    1024   0.0%

Assembly complete, 0 errors, 10 warnings
