
AVRASM ver. 2.1.30  C:\Users\AVAJANG\Documents\HW2_MobinaKashanian_96522321\Debug\List\Q4.asm Tue Dec 15 17:39:07 2020

C:\Users\AVAJANG\Documents\HW2_MobinaKashanian_96522321\Debug\List\Q4.asm(1088): warning: Register r4 already defined by the .DEF directive
C:\Users\AVAJANG\Documents\HW2_MobinaKashanian_96522321\Debug\List\Q4.asm(1089): warning: Register r5 already defined by the .DEF directive
C:\Users\AVAJANG\Documents\HW2_MobinaKashanian_96522321\Debug\List\Q4.asm(1090): warning: Register r7 already defined by the .DEF directive
C:\Users\AVAJANG\Documents\HW2_MobinaKashanian_96522321\Debug\List\Q4.asm(1091): warning: Register r6 already defined by the .DEF directive
C:\Users\AVAJANG\Documents\HW2_MobinaKashanian_96522321\Debug\List\Q4.asm(1092): warning: Register r9 already defined by the .DEF directive
                 
                 
                 ;CodeVisionAVR C Compiler V3.12 Advanced
                 ;(C) Copyright 1998-2014 Pavel Haiduc, HP InfoTech s.r.l.
                 ;http://www.hpinfotech.com
                 
                 ;Build configuration    : Debug
                 ;Chip type              : ATmega32
                 ;Program type           : Application
                 ;Clock frequency        : 8.000000 MHz
                 ;Memory model           : Small
                 ;Optimize for           : Size
                 ;(s)printf features     : int, width
                 ;(s)scanf features      : int, width
                 ;External RAM size      : 0
                 ;Data Stack size        : 512 byte(s)
                 ;Heap size              : 0 byte(s)
                 ;Promote 'char' to 'int': Yes
                 ;'char' is unsigned     : Yes
                 ;8 bit enums            : Yes
                 ;Global 'const' stored in FLASH: Yes
                 ;Enhanced function parameter passing: Yes
                 ;Enhanced core instructions: On
                 ;Automatic register allocation for global variables: On
                 ;Smart register allocation: On
                 
                 	#define _MODEL_SMALL_
                 
                 	#pragma AVRPART ADMIN PART_NAME ATmega32
                 	#pragma AVRPART MEMORY PROG_FLASH 32768
                 	#pragma AVRPART MEMORY EEPROM 1024
                 	#pragma AVRPART MEMORY INT_SRAM SIZE 2048
                 	#pragma AVRPART MEMORY INT_SRAM START_ADDR 0x60
                 
                 	#define CALL_SUPPORTED 1
                 
                 	.LISTMAC
                 	.EQU UDRE=0x5
                 	.EQU RXC=0x7
                 	.EQU USR=0xB
                 	.EQU UDR=0xC
                 	.EQU SPSR=0xE
                 	.EQU SPDR=0xF
                 	.EQU EERE=0x0
                 	.EQU EEWE=0x1
                 	.EQU EEMWE=0x2
                 	.EQU EECR=0x1C
                 	.EQU EEDR=0x1D
                 	.EQU EEARL=0x1E
                 	.EQU EEARH=0x1F
                 	.EQU WDTCR=0x21
                 	.EQU MCUCR=0x35
                 	.EQU GICR=0x3B
                 	.EQU SPL=0x3D
                 	.EQU SPH=0x3E
                 	.EQU SREG=0x3F
                 
                 	.DEF R0X0=R0
                 	.DEF R0X1=R1
                 	.DEF R0X2=R2
                 	.DEF R0X3=R3
                 	.DEF R0X4=R4
                 	.DEF R0X5=R5
                 	.DEF R0X6=R6
                 	.DEF R0X7=R7
                 	.DEF R0X8=R8
                 	.DEF R0X9=R9
                 	.DEF R0XA=R10
                 	.DEF R0XB=R11
                 	.DEF R0XC=R12
                 	.DEF R0XD=R13
                 	.DEF R0XE=R14
                 	.DEF R0XF=R15
                 	.DEF R0X10=R16
                 	.DEF R0X11=R17
                 	.DEF R0X12=R18
                 	.DEF R0X13=R19
                 	.DEF R0X14=R20
                 	.DEF R0X15=R21
                 	.DEF R0X16=R22
                 	.DEF R0X17=R23
                 	.DEF R0X18=R24
                 	.DEF R0X19=R25
                 	.DEF R0X1A=R26
                 	.DEF R0X1B=R27
                 	.DEF R0X1C=R28
                 	.DEF R0X1D=R29
                 	.DEF R0X1E=R30
                 	.DEF R0X1F=R31
                 
                 	.EQU __SRAM_START=0x0060
                 	.EQU __SRAM_END=0x085F
                 	.EQU __DSTACK_SIZE=0x0200
                 	.EQU __HEAP_SIZE=0x0000
                 	.EQU __CLEAR_SRAM_SIZE=__SRAM_END-__SRAM_START+1
                 
                 	.MACRO __CPD1N
                 	CPI  R30,LOW(@0)
                 	LDI  R26,HIGH(@0)
                 	CPC  R31,R26
                 	LDI  R26,BYTE3(@0)
                 	CPC  R22,R26
                 	LDI  R26,BYTE4(@0)
                 	CPC  R23,R26
                 	.ENDM
                 
                 	.MACRO __CPD2N
                 	CPI  R26,LOW(@0)
                 	LDI  R30,HIGH(@0)
                 	CPC  R27,R30
                 	LDI  R30,BYTE3(@0)
                 	CPC  R24,R30
                 	LDI  R30,BYTE4(@0)
                 	CPC  R25,R30
                 	.ENDM
                 
                 	.MACRO __CPWRR
                 	CP   R@0,R@2
                 	CPC  R@1,R@3
                 	.ENDM
                 
                 	.MACRO __CPWRN
                 	CPI  R@0,LOW(@2)
                 	LDI  R30,HIGH(@2)
                 	CPC  R@1,R30
                 	.ENDM
                 
                 	.MACRO __ADDB1MN
                 	SUBI R30,LOW(-@0-(@1))
                 	.ENDM
                 
                 	.MACRO __ADDB2MN
                 	SUBI R26,LOW(-@0-(@1))
                 	.ENDM
                 
                 	.MACRO __ADDW1MN
                 	SUBI R30,LOW(-@0-(@1))
                 	SBCI R31,HIGH(-@0-(@1))
                 	.ENDM
                 
                 	.MACRO __ADDW2MN
                 	SUBI R26,LOW(-@0-(@1))
                 	SBCI R27,HIGH(-@0-(@1))
                 	.ENDM
                 
                 	.MACRO __ADDW1FN
                 	SUBI R30,LOW(-2*@0-(@1))
                 	SBCI R31,HIGH(-2*@0-(@1))
                 	.ENDM
                 
                 	.MACRO __ADDD1FN
                 	SUBI R30,LOW(-2*@0-(@1))
                 	SBCI R31,HIGH(-2*@0-(@1))
                 	SBCI R22,BYTE3(-2*@0-(@1))
                 	.ENDM
                 
                 	.MACRO __ADDD1N
                 	SUBI R30,LOW(-@0)
                 	SBCI R31,HIGH(-@0)
                 	SBCI R22,BYTE3(-@0)
                 	SBCI R23,BYTE4(-@0)
                 	.ENDM
                 
                 	.MACRO __ADDD2N
                 	SUBI R26,LOW(-@0)
                 	SBCI R27,HIGH(-@0)
                 	SBCI R24,BYTE3(-@0)
                 	SBCI R25,BYTE4(-@0)
                 	.ENDM
                 
                 	.MACRO __SUBD1N
                 	SUBI R30,LOW(@0)
                 	SBCI R31,HIGH(@0)
                 	SBCI R22,BYTE3(@0)
                 	SBCI R23,BYTE4(@0)
                 	.ENDM
                 
                 	.MACRO __SUBD2N
                 	SUBI R26,LOW(@0)
                 	SBCI R27,HIGH(@0)
                 	SBCI R24,BYTE3(@0)
                 	SBCI R25,BYTE4(@0)
                 	.ENDM
                 
                 	.MACRO __ANDBMNN
                 	LDS  R30,@0+(@1)
                 	ANDI R30,LOW(@2)
                 	STS  @0+(@1),R30
                 	.ENDM
                 
                 	.MACRO __ANDWMNN
                 	LDS  R30,@0+(@1)
                 	ANDI R30,LOW(@2)
                 	STS  @0+(@1),R30
                 	LDS  R30,@0+(@1)+1
                 	ANDI R30,HIGH(@2)
                 	STS  @0+(@1)+1,R30
                 	.ENDM
                 
                 	.MACRO __ANDD1N
                 	ANDI R30,LOW(@0)
                 	ANDI R31,HIGH(@0)
                 	ANDI R22,BYTE3(@0)
                 	ANDI R23,BYTE4(@0)
                 	.ENDM
                 
                 	.MACRO __ANDD2N
                 	ANDI R26,LOW(@0)
                 	ANDI R27,HIGH(@0)
                 	ANDI R24,BYTE3(@0)
                 	ANDI R25,BYTE4(@0)
                 	.ENDM
                 
                 	.MACRO __ORBMNN
                 	LDS  R30,@0+(@1)
                 	ORI  R30,LOW(@2)
                 	STS  @0+(@1),R30
                 	.ENDM
                 
                 	.MACRO __ORWMNN
                 	LDS  R30,@0+(@1)
                 	ORI  R30,LOW(@2)
                 	STS  @0+(@1),R30
                 	LDS  R30,@0+(@1)+1
                 	ORI  R30,HIGH(@2)
                 	STS  @0+(@1)+1,R30
                 	.ENDM
                 
                 	.MACRO __ORD1N
                 	ORI  R30,LOW(@0)
                 	ORI  R31,HIGH(@0)
                 	ORI  R22,BYTE3(@0)
                 	ORI  R23,BYTE4(@0)
                 	.ENDM
                 
                 	.MACRO __ORD2N
                 	ORI  R26,LOW(@0)
                 	ORI  R27,HIGH(@0)
                 	ORI  R24,BYTE3(@0)
                 	ORI  R25,BYTE4(@0)
                 	.ENDM
                 
                 	.MACRO __DELAY_USB
                 	LDI  R24,LOW(@0)
                 __DELAY_USB_LOOP:
                 	DEC  R24
                 	BRNE __DELAY_USB_LOOP
                 	.ENDM
                 
                 	.MACRO __DELAY_USW
                 	LDI  R24,LOW(@0)
                 	LDI  R25,HIGH(@0)
                 __DELAY_USW_LOOP:
                 	SBIW R24,1
                 	BRNE __DELAY_USW_LOOP
                 	.ENDM
                 
                 	.MACRO __GETD1S
                 	LDD  R30,Y+@0
                 	LDD  R31,Y+@0+1
                 	LDD  R22,Y+@0+2
                 	LDD  R23,Y+@0+3
                 	.ENDM
                 
                 	.MACRO __GETD2S
                 	LDD  R26,Y+@0
                 	LDD  R27,Y+@0+1
                 	LDD  R24,Y+@0+2
                 	LDD  R25,Y+@0+3
                 	.ENDM
                 
                 	.MACRO __PUTD1S
                 	STD  Y+@0,R30
                 	STD  Y+@0+1,R31
                 	STD  Y+@0+2,R22
                 	STD  Y+@0+3,R23
                 	.ENDM
                 
                 	.MACRO __PUTD2S
                 	STD  Y+@0,R26
                 	STD  Y+@0+1,R27
                 	STD  Y+@0+2,R24
                 	STD  Y+@0+3,R25
                 	.ENDM
                 
                 	.MACRO __PUTDZ2
                 	STD  Z+@0,R26
                 	STD  Z+@0+1,R27
                 	STD  Z+@0+2,R24
                 	STD  Z+@0+3,R25
                 	.ENDM
                 
                 	.MACRO __CLRD1S
                 	STD  Y+@0,R30
                 	STD  Y+@0+1,R30
                 	STD  Y+@0+2,R30
                 	STD  Y+@0+3,R30
                 	.ENDM
                 
                 	.MACRO __POINTB1MN
                 	LDI  R30,LOW(@0+(@1))
                 	.ENDM
                 
                 	.MACRO __POINTW1MN
                 	LDI  R30,LOW(@0+(@1))
                 	LDI  R31,HIGH(@0+(@1))
                 	.ENDM
                 
                 	.MACRO __POINTD1M
                 	LDI  R30,LOW(@0)
                 	LDI  R31,HIGH(@0)
                 	LDI  R22,BYTE3(@0)
                 	LDI  R23,BYTE4(@0)
                 	.ENDM
                 
                 	.MACRO __POINTW1FN
                 	LDI  R30,LOW(2*@0+(@1))
                 	LDI  R31,HIGH(2*@0+(@1))
                 	.ENDM
                 
                 	.MACRO __POINTD1FN
                 	LDI  R30,LOW(2*@0+(@1))
                 	LDI  R31,HIGH(2*@0+(@1))
                 	LDI  R22,BYTE3(2*@0+(@1))
                 	LDI  R23,BYTE4(2*@0+(@1))
                 	.ENDM
                 
                 	.MACRO __POINTB2MN
                 	LDI  R26,LOW(@0+(@1))
                 	.ENDM
                 
                 	.MACRO __POINTW2MN
                 	LDI  R26,LOW(@0+(@1))
                 	LDI  R27,HIGH(@0+(@1))
                 	.ENDM
                 
                 	.MACRO __POINTW2FN
                 	LDI  R26,LOW(2*@0+(@1))
                 	LDI  R27,HIGH(2*@0+(@1))
                 	.ENDM
                 
                 	.MACRO __POINTD2FN
                 	LDI  R26,LOW(2*@0+(@1))
                 	LDI  R27,HIGH(2*@0+(@1))
                 	LDI  R24,BYTE3(2*@0+(@1))
                 	LDI  R25,BYTE4(2*@0+(@1))
                 	.ENDM
                 
                 	.MACRO __POINTBRM
                 	LDI  R@0,LOW(@1)
                 	.ENDM
                 
                 	.MACRO __POINTWRM
                 	LDI  R@0,LOW(@2)
                 	LDI  R@1,HIGH(@2)
                 	.ENDM
                 
                 	.MACRO __POINTBRMN
                 	LDI  R@0,LOW(@1+(@2))
                 	.ENDM
                 
                 	.MACRO __POINTWRMN
                 	LDI  R@0,LOW(@2+(@3))
                 	LDI  R@1,HIGH(@2+(@3))
                 	.ENDM
                 
                 	.MACRO __POINTWRFN
                 	LDI  R@0,LOW(@2*2+(@3))
                 	LDI  R@1,HIGH(@2*2+(@3))
                 	.ENDM
                 
                 	.MACRO __GETD1N
                 	LDI  R30,LOW(@0)
                 	LDI  R31,HIGH(@0)
                 	LDI  R22,BYTE3(@0)
                 	LDI  R23,BYTE4(@0)
                 	.ENDM
                 
                 	.MACRO __GETD2N
                 	LDI  R26,LOW(@0)
                 	LDI  R27,HIGH(@0)
                 	LDI  R24,BYTE3(@0)
                 	LDI  R25,BYTE4(@0)
                 	.ENDM
                 
                 	.MACRO __GETB1MN
                 	LDS  R30,@0+(@1)
                 	.ENDM
                 
                 	.MACRO __GETB1HMN
                 	LDS  R31,@0+(@1)
                 	.ENDM
                 
                 	.MACRO __GETW1MN
                 	LDS  R30,@0+(@1)
                 	LDS  R31,@0+(@1)+1
                 	.ENDM
                 
                 	.MACRO __GETD1MN
                 	LDS  R30,@0+(@1)
                 	LDS  R31,@0+(@1)+1
                 	LDS  R22,@0+(@1)+2
                 	LDS  R23,@0+(@1)+3
                 	.ENDM
                 
                 	.MACRO __GETBRMN
                 	LDS  R@0,@1+(@2)
                 	.ENDM
                 
                 	.MACRO __GETWRMN
                 	LDS  R@0,@2+(@3)
                 	LDS  R@1,@2+(@3)+1
                 	.ENDM
                 
                 	.MACRO __GETWRZ
                 	LDD  R@0,Z+@2
                 	LDD  R@1,Z+@2+1
                 	.ENDM
                 
                 	.MACRO __GETD2Z
                 	LDD  R26,Z+@0
                 	LDD  R27,Z+@0+1
                 	LDD  R24,Z+@0+2
                 	LDD  R25,Z+@0+3
                 	.ENDM
                 
                 	.MACRO __GETB2MN
                 	LDS  R26,@0+(@1)
                 	.ENDM
                 
                 	.MACRO __GETW2MN
                 	LDS  R26,@0+(@1)
                 	LDS  R27,@0+(@1)+1
                 	.ENDM
                 
                 	.MACRO __GETD2MN
                 	LDS  R26,@0+(@1)
                 	LDS  R27,@0+(@1)+1
                 	LDS  R24,@0+(@1)+2
                 	LDS  R25,@0+(@1)+3
                 	.ENDM
                 
                 	.MACRO __PUTB1MN
                 	STS  @0+(@1),R30
                 	.ENDM
                 
                 	.MACRO __PUTW1MN
                 	STS  @0+(@1),R30
                 	STS  @0+(@1)+1,R31
                 	.ENDM
                 
                 	.MACRO __PUTD1MN
                 	STS  @0+(@1),R30
                 	STS  @0+(@1)+1,R31
                 	STS  @0+(@1)+2,R22
                 	STS  @0+(@1)+3,R23
                 	.ENDM
                 
                 	.MACRO __PUTB1EN
                 	LDI  R26,LOW(@0+(@1))
                 	LDI  R27,HIGH(@0+(@1))
                 	CALL __EEPROMWRB
                 	.ENDM
                 
                 	.MACRO __PUTW1EN
                 	LDI  R26,LOW(@0+(@1))
                 	LDI  R27,HIGH(@0+(@1))
                 	CALL __EEPROMWRW
                 	.ENDM
                 
                 	.MACRO __PUTD1EN
                 	LDI  R26,LOW(@0+(@1))
                 	LDI  R27,HIGH(@0+(@1))
                 	CALL __EEPROMWRD
                 	.ENDM
                 
                 	.MACRO __PUTBR0MN
                 	STS  @0+(@1),R0
                 	.ENDM
                 
                 	.MACRO __PUTBMRN
                 	STS  @0+(@1),R@2
                 	.ENDM
                 
                 	.MACRO __PUTWMRN
                 	STS  @0+(@1),R@2
                 	STS  @0+(@1)+1,R@3
                 	.ENDM
                 
                 	.MACRO __PUTBZR
                 	STD  Z+@1,R@0
                 	.ENDM
                 
                 	.MACRO __PUTWZR
                 	STD  Z+@2,R@0
                 	STD  Z+@2+1,R@1
                 	.ENDM
                 
                 	.MACRO __GETW1R
                 	MOV  R30,R@0
                 	MOV  R31,R@1
                 	.ENDM
                 
                 	.MACRO __GETW2R
                 	MOV  R26,R@0
                 	MOV  R27,R@1
                 	.ENDM
                 
                 	.MACRO __GETWRN
                 	LDI  R@0,LOW(@2)
                 	LDI  R@1,HIGH(@2)
                 	.ENDM
                 
                 	.MACRO __PUTW1R
                 	MOV  R@0,R30
                 	MOV  R@1,R31
                 	.ENDM
                 
                 	.MACRO __PUTW2R
                 	MOV  R@0,R26
                 	MOV  R@1,R27
                 	.ENDM
                 
                 	.MACRO __ADDWRN
                 	SUBI R@0,LOW(-@2)
                 	SBCI R@1,HIGH(-@2)
                 	.ENDM
                 
                 	.MACRO __ADDWRR
                 	ADD  R@0,R@2
                 	ADC  R@1,R@3
                 	.ENDM
                 
                 	.MACRO __SUBWRN
                 	SUBI R@0,LOW(@2)
                 	SBCI R@1,HIGH(@2)
                 	.ENDM
                 
                 	.MACRO __SUBWRR
                 	SUB  R@0,R@2
                 	SBC  R@1,R@3
                 	.ENDM
                 
                 	.MACRO __ANDWRN
                 	ANDI R@0,LOW(@2)
                 	ANDI R@1,HIGH(@2)
                 	.ENDM
                 
                 	.MACRO __ANDWRR
                 	AND  R@0,R@2
                 	AND  R@1,R@3
                 	.ENDM
                 
                 	.MACRO __ORWRN
                 	ORI  R@0,LOW(@2)
                 	ORI  R@1,HIGH(@2)
                 	.ENDM
                 
                 	.MACRO __ORWRR
                 	OR   R@0,R@2
                 	OR   R@1,R@3
                 	.ENDM
                 
                 	.MACRO __EORWRR
                 	EOR  R@0,R@2
                 	EOR  R@1,R@3
                 	.ENDM
                 
                 	.MACRO __GETWRS
                 	LDD  R@0,Y+@2
                 	LDD  R@1,Y+@2+1
                 	.ENDM
                 
                 	.MACRO __PUTBSR
                 	STD  Y+@1,R@0
                 	.ENDM
                 
                 	.MACRO __PUTWSR
                 	STD  Y+@2,R@0
                 	STD  Y+@2+1,R@1
                 	.ENDM
                 
                 	.MACRO __MOVEWRR
                 	MOV  R@0,R@2
                 	MOV  R@1,R@3
                 	.ENDM
                 
                 	.MACRO __INWR
                 	IN   R@0,@2
                 	IN   R@1,@2+1
                 	.ENDM
                 
                 	.MACRO __OUTWR
                 	OUT  @2+1,R@1
                 	OUT  @2,R@0
                 	.ENDM
                 
                 	.MACRO __CALL1MN
                 	LDS  R30,@0+(@1)
                 	LDS  R31,@0+(@1)+1
                 	ICALL
                 	.ENDM
                 
                 	.MACRO __CALL1FN
                 	LDI  R30,LOW(2*@0+(@1))
                 	LDI  R31,HIGH(2*@0+(@1))
                 	CALL __GETW1PF
                 	ICALL
                 	.ENDM
                 
                 	.MACRO __CALL2EN
                 	PUSH R26
                 	PUSH R27
                 	LDI  R26,LOW(@0+(@1))
                 	LDI  R27,HIGH(@0+(@1))
                 	CALL __EEPROMRDW
                 	POP  R27
                 	POP  R26
                 	ICALL
                 	.ENDM
                 
                 	.MACRO __CALL2EX
                 	SUBI R26,LOW(-@0)
                 	SBCI R27,HIGH(-@0)
                 	CALL __EEPROMRDD
                 	ICALL
                 	.ENDM
                 
                 	.MACRO __GETW1STACK
                 	IN   R30,SPL
                 	IN   R31,SPH
                 	ADIW R30,@0+1
                 	LD   R0,Z+
                 	LD   R31,Z
                 	MOV  R30,R0
                 	.ENDM
                 
                 	.MACRO __GETD1STACK
                 	IN   R30,SPL
                 	IN   R31,SPH
                 	ADIW R30,@0+1
                 	LD   R0,Z+
                 	LD   R1,Z+
                 	LD   R22,Z
                 	MOVW R30,R0
                 	.ENDM
                 
                 	.MACRO __NBST
                 	BST  R@0,@1
                 	IN   R30,SREG
                 	LDI  R31,0x40
                 	EOR  R30,R31
                 	OUT  SREG,R30
                 	.ENDM
                 
                 
                 	.MACRO __PUTB1SN
                 	LDD  R26,Y+@0
                 	LDD  R27,Y+@0+1
                 	SUBI R26,LOW(-@1)
                 	SBCI R27,HIGH(-@1)
                 	ST   X,R30
                 	.ENDM
                 
                 	.MACRO __PUTW1SN
                 	LDD  R26,Y+@0
                 	LDD  R27,Y+@0+1
                 	SUBI R26,LOW(-@1)
                 	SBCI R27,HIGH(-@1)
                 	ST   X+,R30
                 	ST   X,R31
                 	.ENDM
                 
                 	.MACRO __PUTD1SN
                 	LDD  R26,Y+@0
                 	LDD  R27,Y+@0+1
                 	SUBI R26,LOW(-@1)
                 	SBCI R27,HIGH(-@1)
                 	CALL __PUTDP1
                 	.ENDM
                 
                 	.MACRO __PUTB1SNS
                 	LDD  R26,Y+@0
                 	LDD  R27,Y+@0+1
                 	ADIW R26,@1
                 	ST   X,R30
                 	.ENDM
                 
                 	.MACRO __PUTW1SNS
                 	LDD  R26,Y+@0
                 	LDD  R27,Y+@0+1
                 	ADIW R26,@1
                 	ST   X+,R30
                 	ST   X,R31
                 	.ENDM
                 
                 	.MACRO __PUTD1SNS
                 	LDD  R26,Y+@0
                 	LDD  R27,Y+@0+1
                 	ADIW R26,@1
                 	CALL __PUTDP1
                 	.ENDM
                 
                 	.MACRO __PUTB1PMN
                 	LDS  R26,@0
                 	LDS  R27,@0+1
                 	SUBI R26,LOW(-@1)
                 	SBCI R27,HIGH(-@1)
                 	ST   X,R30
                 	.ENDM
                 
                 	.MACRO __PUTW1PMN
                 	LDS  R26,@0
                 	LDS  R27,@0+1
                 	SUBI R26,LOW(-@1)
                 	SBCI R27,HIGH(-@1)
                 	ST   X+,R30
                 	ST   X,R31
                 	.ENDM
                 
                 	.MACRO __PUTD1PMN
                 	LDS  R26,@0
                 	LDS  R27,@0+1
                 	SUBI R26,LOW(-@1)
                 	SBCI R27,HIGH(-@1)
                 	CALL __PUTDP1
                 	.ENDM
                 
                 	.MACRO __PUTB1PMNS
                 	LDS  R26,@0
                 	LDS  R27,@0+1
                 	ADIW R26,@1
                 	ST   X,R30
                 	.ENDM
                 
                 	.MACRO __PUTW1PMNS
                 	LDS  R26,@0
                 	LDS  R27,@0+1
                 	ADIW R26,@1
                 	ST   X+,R30
                 	ST   X,R31
                 	.ENDM
                 
                 	.MACRO __PUTD1PMNS
                 	LDS  R26,@0
                 	LDS  R27,@0+1
                 	ADIW R26,@1
                 	CALL __PUTDP1
                 	.ENDM
                 
                 	.MACRO __PUTB1RN
                 	MOVW R26,R@0
                 	SUBI R26,LOW(-@1)
                 	SBCI R27,HIGH(-@1)
                 	ST   X,R30
                 	.ENDM
                 
                 	.MACRO __PUTW1RN
                 	MOVW R26,R@0
                 	SUBI R26,LOW(-@1)
                 	SBCI R27,HIGH(-@1)
                 	ST   X+,R30
                 	ST   X,R31
                 	.ENDM
                 
                 	.MACRO __PUTD1RN
                 	MOVW R26,R@0
                 	SUBI R26,LOW(-@1)
                 	SBCI R27,HIGH(-@1)
                 	CALL __PUTDP1
                 	.ENDM
                 
                 	.MACRO __PUTB1RNS
                 	MOVW R26,R@0
                 	ADIW R26,@1
                 	ST   X,R30
                 	.ENDM
                 
                 	.MACRO __PUTW1RNS
                 	MOVW R26,R@0
                 	ADIW R26,@1
                 	ST   X+,R30
                 	ST   X,R31
                 	.ENDM
                 
                 	.MACRO __PUTD1RNS
                 	MOVW R26,R@0
                 	ADIW R26,@1
                 	CALL __PUTDP1
                 	.ENDM
                 
                 	.MACRO __PUTB1RON
                 	MOV  R26,R@0
                 	MOV  R27,R@1
                 	SUBI R26,LOW(-@2)
                 	SBCI R27,HIGH(-@2)
                 	ST   X,R30
                 	.ENDM
                 
                 	.MACRO __PUTW1RON
                 	MOV  R26,R@0
                 	MOV  R27,R@1
                 	SUBI R26,LOW(-@2)
                 	SBCI R27,HIGH(-@2)
                 	ST   X+,R30
                 	ST   X,R31
                 	.ENDM
                 
                 	.MACRO __PUTD1RON
                 	MOV  R26,R@0
                 	MOV  R27,R@1
                 	SUBI R26,LOW(-@2)
                 	SBCI R27,HIGH(-@2)
                 	CALL __PUTDP1
                 	.ENDM
                 
                 	.MACRO __PUTB1RONS
                 	MOV  R26,R@0
                 	MOV  R27,R@1
                 	ADIW R26,@2
                 	ST   X,R30
                 	.ENDM
                 
                 	.MACRO __PUTW1RONS
                 	MOV  R26,R@0
                 	MOV  R27,R@1
                 	ADIW R26,@2
                 	ST   X+,R30
                 	ST   X,R31
                 	.ENDM
                 
                 	.MACRO __PUTD1RONS
                 	MOV  R26,R@0
                 	MOV  R27,R@1
                 	ADIW R26,@2
                 	CALL __PUTDP1
                 	.ENDM
                 
                 
                 	.MACRO __GETB1SX
                 	MOVW R30,R28
                 	SUBI R30,LOW(-@0)
                 	SBCI R31,HIGH(-@0)
                 	LD   R30,Z
                 	.ENDM
                 
                 	.MACRO __GETB1HSX
                 	MOVW R30,R28
                 	SUBI R30,LOW(-@0)
                 	SBCI R31,HIGH(-@0)
                 	LD   R31,Z
                 	.ENDM
                 
                 	.MACRO __GETW1SX
                 	MOVW R30,R28
                 	SUBI R30,LOW(-@0)
                 	SBCI R31,HIGH(-@0)
                 	LD   R0,Z+
                 	LD   R31,Z
                 	MOV  R30,R0
                 	.ENDM
                 
                 	.MACRO __GETD1SX
                 	MOVW R30,R28
                 	SUBI R30,LOW(-@0)
                 	SBCI R31,HIGH(-@0)
                 	LD   R0,Z+
                 	LD   R1,Z+
                 	LD   R22,Z+
                 	LD   R23,Z
                 	MOVW R30,R0
                 	.ENDM
                 
                 	.MACRO __GETB2SX
                 	MOVW R26,R28
                 	SUBI R26,LOW(-@0)
                 	SBCI R27,HIGH(-@0)
                 	LD   R26,X
                 	.ENDM
                 
                 	.MACRO __GETW2SX
                 	MOVW R26,R28
                 	SUBI R26,LOW(-@0)
                 	SBCI R27,HIGH(-@0)
                 	LD   R0,X+
                 	LD   R27,X
                 	MOV  R26,R0
                 	.ENDM
                 
                 	.MACRO __GETD2SX
                 	MOVW R26,R28
                 	SUBI R26,LOW(-@0)
                 	SBCI R27,HIGH(-@0)
                 	LD   R0,X+
                 	LD   R1,X+
                 	LD   R24,X+
                 	LD   R25,X
                 	MOVW R26,R0
                 	.ENDM
                 
                 	.MACRO __GETBRSX
                 	MOVW R30,R28
                 	SUBI R30,LOW(-@1)
                 	SBCI R31,HIGH(-@1)
                 	LD   R@0,Z
                 	.ENDM
                 
                 	.MACRO __GETWRSX
                 	MOVW R30,R28
                 	SUBI R30,LOW(-@2)
                 	SBCI R31,HIGH(-@2)
                 	LD   R@0,Z+
                 	LD   R@1,Z
                 	.ENDM
                 
                 	.MACRO __GETBRSX2
                 	MOVW R26,R28
                 	SUBI R26,LOW(-@1)
                 	SBCI R27,HIGH(-@1)
                 	LD   R@0,X
                 	.ENDM
                 
                 	.MACRO __GETWRSX2
                 	MOVW R26,R28
                 	SUBI R26,LOW(-@2)
                 	SBCI R27,HIGH(-@2)
                 	LD   R@0,X+
                 	LD   R@1,X
                 	.ENDM
                 
                 	.MACRO __LSLW8SX
                 	MOVW R30,R28
                 	SUBI R30,LOW(-@0)
                 	SBCI R31,HIGH(-@0)
                 	LD   R31,Z
                 	CLR  R30
                 	.ENDM
                 
                 	.MACRO __PUTB1SX
                 	MOVW R26,R28
                 	SUBI R26,LOW(-@0)
                 	SBCI R27,HIGH(-@0)
                 	ST   X,R30
                 	.ENDM
                 
                 	.MACRO __PUTW1SX
                 	MOVW R26,R28
                 	SUBI R26,LOW(-@0)
                 	SBCI R27,HIGH(-@0)
                 	ST   X+,R30
                 	ST   X,R31
                 	.ENDM
                 
                 	.MACRO __PUTD1SX
                 	MOVW R26,R28
                 	SUBI R26,LOW(-@0)
                 	SBCI R27,HIGH(-@0)
                 	ST   X+,R30
                 	ST   X+,R31
                 	ST   X+,R22
                 	ST   X,R23
                 	.ENDM
                 
                 	.MACRO __CLRW1SX
                 	MOVW R26,R28
                 	SUBI R26,LOW(-@0)
                 	SBCI R27,HIGH(-@0)
                 	ST   X+,R30
                 	ST   X,R30
                 	.ENDM
                 
                 	.MACRO __CLRD1SX
                 	MOVW R26,R28
                 	SUBI R26,LOW(-@0)
                 	SBCI R27,HIGH(-@0)
                 	ST   X+,R30
                 	ST   X+,R30
                 	ST   X+,R30
                 	ST   X,R30
                 	.ENDM
                 
                 	.MACRO __PUTB2SX
                 	MOVW R30,R28
                 	SUBI R30,LOW(-@0)
                 	SBCI R31,HIGH(-@0)
                 	ST   Z,R26
                 	.ENDM
                 
                 	.MACRO __PUTW2SX
                 	MOVW R30,R28
                 	SUBI R30,LOW(-@0)
                 	SBCI R31,HIGH(-@0)
                 	ST   Z+,R26
                 	ST   Z,R27
                 	.ENDM
                 
                 	.MACRO __PUTD2SX
                 	MOVW R30,R28
                 	SUBI R30,LOW(-@0)
                 	SBCI R31,HIGH(-@0)
                 	ST   Z+,R26
                 	ST   Z+,R27
                 	ST   Z+,R24
                 	ST   Z,R25
                 	.ENDM
                 
                 	.MACRO __PUTBSRX
                 	MOVW R30,R28
                 	SUBI R30,LOW(-@1)
                 	SBCI R31,HIGH(-@1)
                 	ST   Z,R@0
                 	.ENDM
                 
                 	.MACRO __PUTWSRX
                 	MOVW R30,R28
                 	SUBI R30,LOW(-@2)
                 	SBCI R31,HIGH(-@2)
                 	ST   Z+,R@0
                 	ST   Z,R@1
                 	.ENDM
                 
                 	.MACRO __PUTB1SNX
                 	MOVW R26,R28
                 	SUBI R26,LOW(-@0)
                 	SBCI R27,HIGH(-@0)
                 	LD   R0,X+
                 	LD   R27,X
                 	MOV  R26,R0
                 	SUBI R26,LOW(-@1)
                 	SBCI R27,HIGH(-@1)
                 	ST   X,R30
                 	.ENDM
                 
                 	.MACRO __PUTW1SNX
                 	MOVW R26,R28
                 	SUBI R26,LOW(-@0)
                 	SBCI R27,HIGH(-@0)
                 	LD   R0,X+
                 	LD   R27,X
                 	MOV  R26,R0
                 	SUBI R26,LOW(-@1)
                 	SBCI R27,HIGH(-@1)
                 	ST   X+,R30
                 	ST   X,R31
                 	.ENDM
                 
                 	.MACRO __PUTD1SNX
                 	MOVW R26,R28
                 	SUBI R26,LOW(-@0)
                 	SBCI R27,HIGH(-@0)
                 	LD   R0,X+
                 	LD   R27,X
                 	MOV  R26,R0
                 	SUBI R26,LOW(-@1)
                 	SBCI R27,HIGH(-@1)
                 	ST   X+,R30
                 	ST   X+,R31
                 	ST   X+,R22
                 	ST   X,R23
                 	.ENDM
                 
                 	.MACRO __MULBRR
                 	MULS R@0,R@1
                 	MOVW R30,R0
                 	.ENDM
                 
                 	.MACRO __MULBRRU
                 	MUL  R@0,R@1
                 	MOVW R30,R0
                 	.ENDM
                 
                 	.MACRO __MULBRR0
                 	MULS R@0,R@1
                 	.ENDM
                 
                 	.MACRO __MULBRRU0
                 	MUL  R@0,R@1
                 	.ENDM
                 
                 	.MACRO __MULBNWRU
                 	LDI  R26,@2
                 	MUL  R26,R@0
                 	MOVW R30,R0
                 	MUL  R26,R@1
                 	ADD  R31,R0
                 	.ENDM
                 
                 ;NAME DEFINITIONS FOR GLOBAL VARIABLES ALLOCATED TO REGISTERS
                 	.DEF _counter=R4
                 	.DEF _counter_msb=R5
                 	.DEF __lcd_x=R7
                 	.DEF __lcd_y=R6
                 	.DEF __lcd_maxx=R9
                 
                 	.CSEG
                 	.ORG 0x00
                 
                 ;START OF CODE MARKER
                 __START_OF_CODE:
                 
                 ;INTERRUPT VECTORS
000000 940c 00db 	JMP  __RESET
000002 940c 0000 	JMP  0x00
000004 940c 0000 	JMP  0x00
000006 940c 0000 	JMP  0x00
000008 940c 0000 	JMP  0x00
00000a 940c 0000 	JMP  0x00
00000c 940c 0000 	JMP  0x00
00000e 940c 0108 	JMP  _timer1_compa_isr
000010 940c 0000 	JMP  0x00
000012 940c 0000 	JMP  0x00
000014 940c 0000 	JMP  0x00
000016 940c 0000 	JMP  0x00
000018 940c 0000 	JMP  0x00
00001a 940c 0000 	JMP  0x00
00001c 940c 0000 	JMP  0x00
00001e 940c 0000 	JMP  0x00
000020 940c 0000 	JMP  0x00
000022 940c 0000 	JMP  0x00
000024 940c 0000 	JMP  0x00
000026 940c 0000 	JMP  0x00
000028 940c 0000 	JMP  0x00
                 
                 _tbl10_G100:
00002a 2710
00002b 03e8
00002c 0064
00002d 000a      	.DB  0x10,0x27,0xE8,0x3,0x64,0x0,0xA,0x0
00002e 0001      	.DB  0x1,0x0
                 _tbl16_G100:
00002f 1000
000030 0100
000031 0010
000032 0001      	.DB  0x0,0x10,0x0,0x1,0x10,0x0,0x1,0x0
                 
                 ;GLOBAL REGISTER VARIABLES INITIALIZATION
                 __REG_VARS:
000033 0000      	.DB  0x0,0x0
                 
                 _0x4:
000034 0260
000035 0263
000036 0268
000037 026d      	.DB  LOW(_0x3),HIGH(_0x3),LOW(_0x3+3),HIGH(_0x3+3),LOW(_0x3+8),HIGH(_0x3+8),LOW(_0x3+13),HIGH(_0x3+13)
000038 0271
000039 0273
00003a 0278
00003b 027c      	.DB  LOW(_0x3+17),HIGH(_0x3+17),LOW(_0x3+19),HIGH(_0x3+19),LOW(_0x3+24),HIGH(_0x3+24),LOW(_0x3+28),HIGH(_0x3+28)
00003c 0281
00003d 0284
00003e 0289
00003f 028d      	.DB  LOW(_0x3+33),HIGH(_0x3+33),LOW(_0x3+36),HIGH(_0x3+36),LOW(_0x3+41),HIGH(_0x3+41),LOW(_0x3+45),HIGH(_0x3+45)
000040 0292
000041 0295
000042 0298
000043 029c      	.DB  LOW(_0x3+50),HIGH(_0x3+50),LOW(_0x3+53),HIGH(_0x3+53),LOW(_0x3+56),HIGH(_0x3+56),LOW(_0x3+60),HIGH(_0x3+60)
000044 02a1
000045 02a6
000046 02aa
000047 02ae      	.DB  LOW(_0x3+65),HIGH(_0x3+65),LOW(_0x3+70),HIGH(_0x3+70),LOW(_0x3+74),HIGH(_0x3+74),LOW(_0x3+78),HIGH(_0x3+78)
000048 02b0
000049 02b4
00004a 02b9
00004b 02bd      	.DB  LOW(_0x3+80),HIGH(_0x3+80),LOW(_0x3+84),HIGH(_0x3+84),LOW(_0x3+89),HIGH(_0x3+89),LOW(_0x3+93),HIGH(_0x3+93)
00004c 02c2
00004d 02c7      	.DB  LOW(_0x3+98),HIGH(_0x3+98),LOW(_0x3+103),HIGH(_0x3+103)
                 _0x5:
00004e 4241
00004f 4443
000050 4645
000051 4847      	.DB  0x41,0x42,0x43,0x44,0x45,0x46,0x47,0x48
000052 4a49
000053 4c4b
000054 4e4d
000055 504f      	.DB  0x49,0x4A,0x4B,0x4C,0x4D,0x4E,0x4F,0x50
000056 5251
000057 5453
000058 5655
000059 5857      	.DB  0x51,0x52,0x53,0x54,0x55,0x56,0x57,0x58
00005a 5a59      	.DB  0x59,0x5A
                 _0x0:
00005b 2d2e
00005c 2d00
00005d 2e2e
00005e 002e      	.DB  0x2E,0x2D,0x0,0x2D,0x2E,0x2E,0x2E,0x0
00005f 2e2d
000060 2e2d
000061 2d00
000062 2e2e      	.DB  0x2D,0x2E,0x2D,0x2E,0x0,0x2D,0x2E,0x2E
000063 2e00
000064 2d2e
000065 002e
000066 2d2d      	.DB  0x0,0x2E,0x2E,0x2D,0x2E,0x0,0x2D,0x2D
000067 002e
000068 2e2e
000069 2e2e
00006a 2e00      	.DB  0x2E,0x0,0x2E,0x2E,0x2E,0x2E,0x0,0x2E
00006b 2d2d
00006c 002d
00006d 2e2d
00006e 002d      	.DB  0x2D,0x2D,0x2D,0x0,0x2D,0x2E,0x2D,0x0
00006f 2d2e
000070 2e2e
000071 2e00
000072 2d2d      	.DB  0x2E,0x2D,0x2E,0x2E,0x0,0x2E,0x2D,0x2D
000073 002e
000074 2d2d
000075 2d2e
000076 2e00      	.DB  0x2E,0x0,0x2D,0x2D,0x2E,0x2D,0x0,0x2E
000077 2d2e
000078 2e00
000079 2e2e
00007a 002d      	.DB  0x2E,0x2D,0x0,0x2E,0x2E,0x2E,0x2D,0x0
00007b 2d2e
00007c 002d
00007d 2e2d
00007e 2d2e      	.DB  0x2E,0x2D,0x2D,0x0,0x2D,0x2E,0x2E,0x2D
00007f 2d00
000080 2d2e
000081 002d
000082 2d2d      	.DB  0x0,0x2D,0x2E,0x2D,0x2D,0x0,0x2D,0x2D
000083 2e2e
C:\Users\AVAJANG\Documents\HW2_MobinaKashanian_96522321\Debug\List\Q4.asm(1157): warning: .cseg .db misalignment - padding zero byte
000084 0000      	.DB  0x2E,0x2E,0x0
                 _0x2020003:
000085 c080      	.DB  0x80,0xC0
                 
                 __GLOBAL_INI_TBL:
000086 0002      	.DW  0x02
000087 0004      	.DW  0x04
000088 0066      	.DW  __REG_VARS*2
                 
000089 0003      	.DW  0x03
00008a 0260      	.DW  _0x3
00008b 00b6      	.DW  _0x0*2
                 
00008c 0005      	.DW  0x05
00008d 0263      	.DW  _0x3+3
00008e 00b9      	.DW  _0x0*2+3
                 
00008f 0005      	.DW  0x05
000090 0268      	.DW  _0x3+8
000091 00be      	.DW  _0x0*2+8
                 
000092 0004      	.DW  0x04
000093 026d      	.DW  _0x3+13
000094 00c3      	.DW  _0x0*2+13
                 
000095 0002      	.DW  0x02
000096 0271      	.DW  _0x3+17
000097 00bc      	.DW  _0x0*2+6
                 
000098 0005      	.DW  0x05
000099 0273      	.DW  _0x3+19
00009a 00c7      	.DW  _0x0*2+17
                 
00009b 0004      	.DW  0x04
00009c 0278      	.DW  _0x3+24
00009d 00cc      	.DW  _0x0*2+22
                 
00009e 0005      	.DW  0x05
00009f 027c      	.DW  _0x3+28
0000a0 00d0      	.DW  _0x0*2+26
                 
0000a1 0003      	.DW  0x03
0000a2 0281      	.DW  _0x3+33
0000a3 00bb      	.DW  _0x0*2+5
                 
0000a4 0005      	.DW  0x05
0000a5 0284      	.DW  _0x3+36
0000a6 00d5      	.DW  _0x0*2+31
                 
0000a7 0004      	.DW  0x04
0000a8 0289      	.DW  _0x3+41
0000a9 00da      	.DW  _0x0*2+36
                 
0000aa 0005      	.DW  0x05
0000ab 028d      	.DW  _0x3+45
0000ac 00de      	.DW  _0x0*2+40
                 
0000ad 0003      	.DW  0x03
0000ae 0292      	.DW  _0x3+50
0000af 00d7      	.DW  _0x0*2+33
                 
0000b0 0003      	.DW  0x03
0000b1 0295      	.DW  _0x3+53
0000b2 00c0      	.DW  _0x0*2+10
                 
0000b3 0004      	.DW  0x04
0000b4 0298      	.DW  _0x3+56
0000b5 00d6      	.DW  _0x0*2+32
                 
0000b6 0005      	.DW  0x05
0000b7 029c      	.DW  _0x3+60
0000b8 00e3      	.DW  _0x0*2+45
                 
0000b9 0005      	.DW  0x05
0000ba 02a1      	.DW  _0x3+65
0000bb 00e8      	.DW  _0x0*2+50
                 
0000bc 0004      	.DW  0x04
0000bd 02a6      	.DW  _0x3+70
0000be 00bf      	.DW  _0x0*2+9
                 
0000bf 0004      	.DW  0x04
0000c0 02aa      	.DW  _0x3+74
0000c1 00ba      	.DW  _0x0*2+4
                 
0000c2 0002      	.DW  0x02
0000c3 02ae      	.DW  _0x3+78
0000c4 00b7      	.DW  _0x0*2+1
                 
0000c5 0004      	.DW  0x04
0000c6 02b0      	.DW  _0x3+80
0000c7 00ed      	.DW  _0x0*2+55
                 
0000c8 0005      	.DW  0x05
0000c9 02b4      	.DW  _0x3+84
0000ca 00f1      	.DW  _0x0*2+59
                 
0000cb 0004      	.DW  0x04
0000cc 02b9      	.DW  _0x3+89
0000cd 00f6      	.DW  _0x0*2+64
                 
0000ce 0005      	.DW  0x05
0000cf 02bd      	.DW  _0x3+93
0000d0 00fa      	.DW  _0x0*2+68
                 
0000d1 0005      	.DW  0x05
0000d2 02c2      	.DW  _0x3+98
0000d3 00ff      	.DW  _0x0*2+73
                 
0000d4 0005      	.DW  0x05
0000d5 02c7      	.DW  _0x3+103
0000d6 0104      	.DW  _0x0*2+78
                 
0000d7 0002      	.DW  0x02
0000d8 02cc      	.DW  __base_y_G101
0000d9 010a      	.DW  _0x2020003*2
                 
                 _0xFFFFFFFF:
0000da 0000      	.DW  0
                 
                 #define __GLOBAL_INI_TBL_PRESENT 1
                 
                 __RESET:
0000db 94f8      	CLI
0000dc 27ee      	CLR  R30
0000dd bbec      	OUT  EECR,R30
                 
                 ;INTERRUPT VECTORS ARE PLACED
                 ;AT THE START OF FLASH
0000de e0f1      	LDI  R31,1
0000df bffb      	OUT  GICR,R31
0000e0 bfeb      	OUT  GICR,R30
0000e1 bfe5      	OUT  MCUCR,R30
                 
                 ;CLEAR R2-R14
0000e2 e08d      	LDI  R24,(14-2)+1
0000e3 e0a2      	LDI  R26,2
0000e4 27bb      	CLR  R27
                 __CLEAR_REG:
0000e5 93ed      	ST   X+,R30
0000e6 958a      	DEC  R24
0000e7 f7e9      	BRNE __CLEAR_REG
                 
                 ;CLEAR SRAM
0000e8 e080      	LDI  R24,LOW(__CLEAR_SRAM_SIZE)
0000e9 e098      	LDI  R25,HIGH(__CLEAR_SRAM_SIZE)
0000ea e6a0      	LDI  R26,__SRAM_START
                 __CLEAR_SRAM:
0000eb 93ed      	ST   X+,R30
0000ec 9701      	SBIW R24,1
0000ed f7e9      	BRNE __CLEAR_SRAM
                 
                 ;GLOBAL VARIABLES INITIALIZATION
0000ee e0ec      	LDI  R30,LOW(__GLOBAL_INI_TBL*2)
0000ef e0f1      	LDI  R31,HIGH(__GLOBAL_INI_TBL*2)
                 __GLOBAL_INI_NEXT:
0000f0 9185      	LPM  R24,Z+
0000f1 9195      	LPM  R25,Z+
0000f2 9700      	SBIW R24,0
0000f3 f061      	BREQ __GLOBAL_INI_END
0000f4 91a5      	LPM  R26,Z+
0000f5 91b5      	LPM  R27,Z+
0000f6 9005      	LPM  R0,Z+
0000f7 9015      	LPM  R1,Z+
0000f8 01bf      	MOVW R22,R30
0000f9 01f0      	MOVW R30,R0
                 __GLOBAL_INI_LOOP:
0000fa 9005      	LPM  R0,Z+
0000fb 920d      	ST   X+,R0
0000fc 9701      	SBIW R24,1
0000fd f7e1      	BRNE __GLOBAL_INI_LOOP
0000fe 01fb      	MOVW R30,R22
0000ff cff0      	RJMP __GLOBAL_INI_NEXT
                 __GLOBAL_INI_END:
                 
                 ;HARDWARE STACK POINTER INITIALIZATION
000100 e5ef      	LDI  R30,LOW(__SRAM_END-__HEAP_SIZE)
000101 bfed      	OUT  SPL,R30
000102 e0e8      	LDI  R30,HIGH(__SRAM_END-__HEAP_SIZE)
000103 bfee      	OUT  SPH,R30
                 
                 ;DATA STACK POINTER INITIALIZATION
000104 e6c0      	LDI  R28,LOW(__SRAM_START+__DSTACK_SIZE)
000105 e0d2      	LDI  R29,HIGH(__SRAM_START+__DSTACK_SIZE)
                 
000106 940c 0122 	JMP  _main
                 
                 	.ESEG
                 	.ORG 0
                 
                 	.DSEG
                 	.ORG 0x260
                 
                 	.CSEG
                 ;/*******************************************************
                 ;This program was created by the
                 ;CodeWizardAVR V3.12 Advanced
                 ;Automatic Program Generator
                 ;© Copyright 1998-2014 Pavel Haiduc, HP InfoTech s.r.l.
                 ;http://www.hpinfotech.com
                 ;
                 ;Project :
                 ;Version :
                 ;Date    : 12/15/2020
                 ;Author  :
                 ;Company :
                 ;Comments:
                 ;
                 ;
                 ;Chip type               : ATmega32
                 ;Program type            : Application
                 ;AVR Core Clock frequency: 8.000000 MHz
                 ;Memory model            : Small
                 ;External RAM size       : 0
                 ;Data Stack size         : 512
                 ;*******************************************************/
                 ;
                 ;#include <mega32.h>
                 	#ifndef __SLEEP_DEFINED__
                 	#define __SLEEP_DEFINED__
                 	.EQU __se_bit=0x80
                 	.EQU __sm_mask=0x70
                 	.EQU __sm_powerdown=0x20
                 	.EQU __sm_powersave=0x30
                 	.EQU __sm_standby=0x60
                 	.EQU __sm_ext_standby=0x70
                 	.EQU __sm_adc_noise_red=0x10
                 	.SET power_ctrl_reg=mcucr
                 	#endif
                 ;#include <stdio.h>
                 ;# include <delay.h>
                 ;// Alphanumeric LCD functions
                 ;#include <alcd.h>
                 ;int counter = 0;
                 ;char st[20];
                 ;// Declare your global variables here
                 ;char* morseCode[] ={
                 ;    ".-", "-...", "-.-.", "-..", ".", "..-.", "--.", "....",
                 ;    "..", ".---", "-.-", ".-..", "--", "-.", "---", ".--.",
                 ;    "--.-", ".-.", "...", "-", "..-", "...-", ".--", "-..-",
                 ;    "-.--", "--.."
                 ;};
                 
                 	.DSEG
                 _0x3:
000260           	.BYTE 0x6C
                 ;char alpha [] = {'A', 'B', 'C', 'D', 'E', 'F', 'G', 'H', 'I', 'J', 'K', 'L', 'M', 'N', 'O', 'P',
                 ;'Q', 'R', 'S', 'T', 'U', 'V', 'W', 'X', 'Y', 'Z'};
                 ;
                 ;// Timer1 output compare A interrupt service routine
                 ;interrupt [TIM1_COMPA] void timer1_compa_isr(void)
                 ; 0000 002B {
                 
                 	.CSEG
                 _timer1_compa_isr:
                 ; .FSTART _timer1_compa_isr
                 ; 0000 002C // Place your code here
                 ; 0000 002D }
000108 9518      	RETI
                 ; .FEND
                 ;
                 ;void T1Delay(){
                 ; 0000 002F void T1Delay(){
                 _T1Delay:
                 ; .FSTART _T1Delay
                 ; 0000 0030     int i;
                 ; 0000 0031     for(i=0; i<1; i++){
000109 931a      	ST   -Y,R17
00010a 930a      	ST   -Y,R16
                 ;	i -> R16,R17
                +
00010b e000     +LDI R16 , LOW ( 0 )
00010c e010     +LDI R17 , HIGH ( 0 )
                 	__GETWRN 16,17,0
                 _0x7:
                +
00010d 3001     +CPI R16 , LOW ( 1 )
00010e e0e0     +LDI R30 , HIGH ( 1 )
00010f 071e     +CPC R17 , R30
                 	__CPWRN 16,17,1
000110 f474      	BRGE _0x8
                 ; 0000 0032         TCCR1A=(0<<COM1A1) | (0<<COM1A0) | (0<<COM1B1) | (0<<COM1B0) | (0<<WGM11) | (0<<WGM10);
000111 e0e0      	LDI  R30,LOW(0)
000112 bdef      	OUT  0x2F,R30
                 ; 0000 0033         TCCR1B=(0<<ICNC1) | (0<<ICES1) | (0<<WGM13) | (0<<WGM12) | (1<<CS12) | (0<<CS11) | (1<<CS10);
000113 e0e5      	LDI  R30,LOW(5)
000114 bdee      	OUT  0x2E,R30
                 ; 0000 0034         while((TIFR & (1<<TOV1)==1));
                 _0x9:
000115 b7e8      	IN   R30,0x38
000116 70e0      	ANDI R30,LOW(0x0)
000117 f7e9      	BRNE _0x9
                 ; 0000 0035         TCCR1B = 0;
000118 e0e0      	LDI  R30,LOW(0)
000119 bdee      	OUT  0x2E,R30
                 ; 0000 0036         TIFR = 0x4;
00011a e0e4      	LDI  R30,LOW(4)
00011b bfe8      	OUT  0x38,R30
                 ; 0000 0037     }
                +
00011c 5f0f     +SUBI R16 , LOW ( - 1 )
00011d 4f1f     +SBCI R17 , HIGH ( - 1 )
                 	__ADDWRN 16,17,1
00011e cfee      	RJMP _0x7
                 _0x8:
                 ; 0000 0038 }
00011f 9109      	LD   R16,Y+
000120 9119      	LD   R17,Y+
000121 9508      	RET
                 ; .FEND
                 ;
                 ;void main(void)
                 ; 0000 003B {
                 _main:
                 ; .FSTART _main
                 ; 0000 003C // Declare your local variables here
                 ; 0000 003D 
                 ; 0000 003E // Input/Output Ports initialization
                 ; 0000 003F // Port A initialization
                 ; 0000 0040 // Function: Bit7=In Bit6=In Bit5=In Bit4=In Bit3=In Bit2=In Bit1=In Bit0=In
                 ; 0000 0041 DDRA=(0<<DDA7) | (0<<DDA6) | (0<<DDA5) | (0<<DDA4) | (0<<DDA3) | (0<<DDA2) | (0<<DDA1) | (0<<DDA0);
000122 e0e0      	LDI  R30,LOW(0)
000123 bbea      	OUT  0x1A,R30
                 ; 0000 0042 // State: Bit7=T Bit6=T Bit5=T Bit4=T Bit3=T Bit2=T Bit1=T Bit0=T
                 ; 0000 0043 PORTA=(0<<PORTA7) | (0<<PORTA6) | (0<<PORTA5) | (0<<PORTA4) | (0<<PORTA3) | (0<<PORTA2) | (0<<PORTA1) | (0<<PORTA0);
000124 bbeb      	OUT  0x1B,R30
                 ; 0000 0044 
                 ; 0000 0045 // Port B initialization
                 ; 0000 0046 // Function: Bit7=In Bit6=In Bit5=In Bit4=In Bit3=In Bit2=In Bit1=In Bit0=In
                 ; 0000 0047 DDRB=(0<<DDB7) | (0<<DDB6) | (0<<DDB5) | (0<<DDB4) | (0<<DDB3) | (0<<DDB2) | (0<<DDB1) | (0<<DDB0);
000125 bbe7      	OUT  0x17,R30
                 ; 0000 0048 // State: Bit7=T Bit6=T Bit5=T Bit4=T Bit3=T Bit2=T Bit1=T Bit0=T
                 ; 0000 0049 PORTB=(0<<PORTB7) | (0<<PORTB6) | (0<<PORTB5) | (0<<PORTB4) | (0<<PORTB3) | (0<<PORTB2) | (0<<PORTB1) | (0<<PORTB0);
000126 bbe8      	OUT  0x18,R30
                 ; 0000 004A 
                 ; 0000 004B // Port C initialization
                 ; 0000 004C // Function: Bit7=Out Bit6=Out Bit5=Out Bit4=Out Bit3=Out Bit2=Out Bit1=Out Bit0=Out
                 ; 0000 004D DDRC=(1<<DDC7) | (1<<DDC6) | (1<<DDC5) | (1<<DDC4) | (1<<DDC3) | (1<<DDC2) | (1<<DDC1) | (1<<DDC0);
000127 efef      	LDI  R30,LOW(255)
000128 bbe4      	OUT  0x14,R30
                 ; 0000 004E // State: Bit7=0 Bit6=0 Bit5=0 Bit4=0 Bit3=0 Bit2=0 Bit1=0 Bit0=0
                 ; 0000 004F PORTC=(0<<PORTC7) | (0<<PORTC6) | (0<<PORTC5) | (0<<PORTC4) | (0<<PORTC3) | (0<<PORTC2) | (0<<PORTC1) | (0<<PORTC0);
000129 e0e0      	LDI  R30,LOW(0)
00012a bbe5      	OUT  0x15,R30
                 ; 0000 0050 
                 ; 0000 0051 // Port D initialization
                 ; 0000 0052 // Function: Bit7=In Bit6=In Bit5=In Bit4=In Bit3=In Bit2=In Bit1=In Bit0=In
                 ; 0000 0053 DDRD=(0<<DDD7) | (0<<DDD6) | (0<<DDD5) | (0<<DDD4) | (0<<DDD3) | (0<<DDD2) | (0<<DDD1) | (0<<DDD0);
00012b bbe1      	OUT  0x11,R30
                 ; 0000 0054 // State: Bit7=T Bit6=T Bit5=T Bit4=T Bit3=T Bit2=T Bit1=T Bit0=T
                 ; 0000 0055 PORTD=(0<<PORTD7) | (0<<PORTD6) | (0<<PORTD5) | (0<<PORTD4) | (0<<PORTD3) | (0<<PORTD2) | (0<<PORTD1) | (0<<PORTD0);
00012c bbe2      	OUT  0x12,R30
                 ; 0000 0056 
                 ; 0000 0057 // Timer/Counter 1 initialization
                 ; 0000 0058 // Clock source: System Clock
                 ; 0000 0059 // Clock value: 125.000 kHz
                 ; 0000 005A // Mode: CTC top=OCR1A
                 ; 0000 005B // OC1A output: Disconnected
                 ; 0000 005C // OC1B output: Disconnected
                 ; 0000 005D // Noise Canceler: Off
                 ; 0000 005E // Input Capture on Falling Edge
                 ; 0000 005F // Timer Period: 0.1 s
                 ; 0000 0060 // Timer1 Overflow Interrupt: Off
                 ; 0000 0061 // Input Capture Interrupt: Off
                 ; 0000 0062 // Compare A Match Interrupt: On
                 ; 0000 0063 // Compare B Match Interrupt: Off
                 ; 0000 0064 TCCR1A=(0<<COM1A1) | (0<<COM1A0) | (0<<COM1B1) | (0<<COM1B0) | (0<<WGM11) | (0<<WGM10);
00012d bdef      	OUT  0x2F,R30
                 ; 0000 0065 TCCR1B=(0<<ICNC1) | (0<<ICES1) | (0<<WGM13) | (1<<WGM12) | (0<<CS12) | (1<<CS11) | (1<<CS10);
00012e e0eb      	LDI  R30,LOW(11)
00012f bdee      	OUT  0x2E,R30
                 ; 0000 0066 TCNT1H=0x00;
000130 e0e0      	LDI  R30,LOW(0)
000131 bded      	OUT  0x2D,R30
                 ; 0000 0067 TCNT1L=0x00;
000132 bdec      	OUT  0x2C,R30
                 ; 0000 0068 ICR1H=0x00;
000133 bde7      	OUT  0x27,R30
                 ; 0000 0069 ICR1L=0x00;
000134 bde6      	OUT  0x26,R30
                 ; 0000 006A OCR1AH=0x30;
000135 e3e0      	LDI  R30,LOW(48)
000136 bdeb      	OUT  0x2B,R30
                 ; 0000 006B OCR1AL=0xD3;
000137 ede3      	LDI  R30,LOW(211)
000138 bdea      	OUT  0x2A,R30
                 ; 0000 006C OCR1BH=0x00;
000139 e0e0      	LDI  R30,LOW(0)
00013a bde9      	OUT  0x29,R30
                 ; 0000 006D OCR1BL=0x00;
00013b bde8      	OUT  0x28,R30
                 ; 0000 006E 
                 ; 0000 006F // Timer(s)/Counter(s) Interrupt(s) initialization
                 ; 0000 0070 TIMSK=(0<<OCIE2) | (0<<TOIE2) | (0<<TICIE1) | (1<<OCIE1A) | (0<<OCIE1B) | (0<<TOIE1) | (0<<OCIE0) | (0<<TOIE0);
00013c e1e0      	LDI  R30,LOW(16)
00013d bfe9      	OUT  0x39,R30
                 ; 0000 0071 
                 ; 0000 0072 // Alphanumeric LCD initialization
                 ; 0000 0073 // Connections are specified in the
                 ; 0000 0074 // Project|Configure|C Compiler|Libraries|Alphanumeric LCD menu:
                 ; 0000 0075 // RS - PORTC Bit 0
                 ; 0000 0076 // RD - PORTC Bit 1
                 ; 0000 0077 // EN - PORTC Bit 2
                 ; 0000 0078 // D4 - PORTC Bit 4
                 ; 0000 0079 // D5 - PORTC Bit 5
                 ; 0000 007A // D6 - PORTC Bit 6
                 ; 0000 007B // D7 - PORTC Bit 7
                 ; 0000 007C // Characters/line: 16
                 ; 0000 007D lcd_init(16);
00013e e1a0      	LDI  R26,LOW(16)
00013f 940e 01a3 	CALL _lcd_init
                 ; 0000 007E 
                 ; 0000 007F // Global enable interrupts
                 ; 0000 0080 #asm("sei")
000141 9478      	sei
                 ; 0000 0081 
                 ; 0000 0082 while (1)
                 _0xC:
                 ; 0000 0083       {
                 ; 0000 0084       // Place your code here
                 ; 0000 0085       if(PINA.0 ==1){
000142 9bc8      	SBIS 0x19,0
000143 c005      	RJMP _0xF
                 ; 0000 0086         T1Delay(); //0.1 second delay
000144 dfc4      	RCALL _T1Delay
                 ; 0000 0087         counter++;
000145 01f2      	MOVW R30,R4
000146 9631      	ADIW R30,1
000147 012f      	MOVW R4,R30
000148 9731      	SBIW R30,1
                 ; 0000 0088       }
                 ; 0000 0089       if(counter == 6){
                 _0xF:
000149 e0e6      	LDI  R30,LOW(6)
00014a e0f0      	LDI  R31,HIGH(6)
00014b 15e4      	CP   R30,R4
00014c 05f5      	CPC  R31,R5
00014d f419      	BRNE _0x10
                 ; 0000 008A       lcd_putchar('s');
00014e e7a3      	LDI  R26,LOW(115)
00014f 940e 018f 	CALL _lcd_putchar
                 ; 0000 008B       }
                 ; 0000 008C 
                 ; 0000 008D             lcd_putchar('b');
                 _0x10:
000151 e6a2      	LDI  R26,LOW(98)
000152 940e 018f 	CALL _lcd_putchar
                 ; 0000 008E       }
000154 cfed      	RJMP _0xC
                 ; 0000 008F }
                 _0x11:
000155 cfff      	RJMP _0x11
                 ; .FEND
                 	#ifndef __SLEEP_DEFINED__
                 	#endif
                 
                 	.CSEG
                 	#ifndef __SLEEP_DEFINED__
                 	#endif
                 
                 	.DSEG
                 
                 	.CSEG
                 __lcd_write_nibble_G101:
                 ; .FSTART __lcd_write_nibble_G101
000156 93aa      	ST   -Y,R26
000157 b3eb      	IN   R30,0x1B
000158 70ef      	ANDI R30,LOW(0xF)
000159 2fae      	MOV  R26,R30
00015a 81e8      	LD   R30,Y
00015b 7fe0      	ANDI R30,LOW(0xF0)
00015c 2bea      	OR   R30,R26
00015d bbeb      	OUT  0x1B,R30
                +
00015e e08d     +LDI R24 , LOW ( 13 )
                +__DELAY_USB_LOOP :
00015f 958a     +DEC R24
000160 f7f1     +BRNE __DELAY_USB_LOOP
                 	__DELAY_USB 13
000161 9ada      	SBI  0x1B,2
                +
000162 e08d     +LDI R24 , LOW ( 13 )
                +__DELAY_USB_LOOP :
000163 958a     +DEC R24
000164 f7f1     +BRNE __DELAY_USB_LOOP
                 	__DELAY_USB 13
000165 98da      	CBI  0x1B,2
                +
000166 e08d     +LDI R24 , LOW ( 13 )
                +__DELAY_USB_LOOP :
000167 958a     +DEC R24
000168 f7f1     +BRNE __DELAY_USB_LOOP
                 	__DELAY_USB 13
000169 c065      	RJMP _0x2080001
                 ; .FEND
                 __lcd_write_data:
                 ; .FSTART __lcd_write_data
00016a 93aa      	ST   -Y,R26
00016b 81a8      	LD   R26,Y
00016c dfe9      	RCALL __lcd_write_nibble_G101
00016d 81e8          ld    r30,y
00016e 95e2          swap  r30
00016f 83e8          st    y,r30
000170 81a8      	LD   R26,Y
000171 dfe4      	RCALL __lcd_write_nibble_G101
                +
000172 e885     +LDI R24 , LOW ( 133 )
                +__DELAY_USB_LOOP :
000173 958a     +DEC R24
000174 f7f1     +BRNE __DELAY_USB_LOOP
                 	__DELAY_USB 133
000175 c059      	RJMP _0x2080001
                 ; .FEND
                 _lcd_gotoxy:
                 ; .FSTART _lcd_gotoxy
000176 93aa      	ST   -Y,R26
000177 81e8      	LD   R30,Y
000178 e0f0      	LDI  R31,0
000179 53e4      	SUBI R30,LOW(-__base_y_G101)
00017a 4ffd      	SBCI R31,HIGH(-__base_y_G101)
00017b 81e0      	LD   R30,Z
00017c 81a9      	LDD  R26,Y+1
00017d 0fae      	ADD  R26,R30
00017e dfeb      	RCALL __lcd_write_data
00017f 8079      	LDD  R7,Y+1
000180 8068      	LDD  R6,Y+0
000181 9622      	ADIW R28,2
000182 9508      	RET
                 ; .FEND
                 _lcd_clear:
                 ; .FSTART _lcd_clear
000183 e0a2      	LDI  R26,LOW(2)
000184 940e 01d1 	CALL SUBOPT_0x0
000186 e0ac      	LDI  R26,LOW(12)
000187 dfe2      	RCALL __lcd_write_data
000188 e0a1      	LDI  R26,LOW(1)
000189 940e 01d1 	CALL SUBOPT_0x0
00018b e0e0      	LDI  R30,LOW(0)
00018c 2e6e      	MOV  R6,R30
00018d 2e7e      	MOV  R7,R30
00018e 9508      	RET
                 ; .FEND
                 _lcd_putchar:
                 ; .FSTART _lcd_putchar
00018f 93aa      	ST   -Y,R26
000190 81a8      	LD   R26,Y
000191 30aa      	CPI  R26,LOW(0xA)
000192 f011      	BREQ _0x2020005
000193 1479      	CP   R7,R9
000194 f040      	BRLO _0x2020004
                 _0x2020005:
000195 e0e0      	LDI  R30,LOW(0)
000196 93ea      	ST   -Y,R30
000197 9463      	INC  R6
000198 2da6      	MOV  R26,R6
000199 dfdc      	RCALL _lcd_gotoxy
00019a 81a8      	LD   R26,Y
00019b 30aa      	CPI  R26,LOW(0xA)
00019c f191      	BREQ _0x2080001
                 _0x2020004:
00019d 9473      	INC  R7
00019e 9ad8      	SBI  0x1B,0
00019f 81a8      	LD   R26,Y
0001a0 dfc9      	RCALL __lcd_write_data
0001a1 98d8      	CBI  0x1B,0
0001a2 c02c      	RJMP _0x2080001
                 ; .FEND
                 _lcd_init:
                 ; .FSTART _lcd_init
0001a3 93aa      	ST   -Y,R26
0001a4 b3ea      	IN   R30,0x1A
0001a5 6fe0      	ORI  R30,LOW(0xF0)
0001a6 bbea      	OUT  0x1A,R30
0001a7 9ad2      	SBI  0x1A,2
0001a8 9ad0      	SBI  0x1A,0
0001a9 9ad1      	SBI  0x1A,1
0001aa 98da      	CBI  0x1B,2
0001ab 98d8      	CBI  0x1B,0
0001ac 98d9      	CBI  0x1B,1
0001ad 8098      	LDD  R9,Y+0
0001ae 81e8      	LD   R30,Y
0001af 58e0      	SUBI R30,-LOW(128)
                +
0001b0 93e0 02ce+STS __base_y_G101 + ( 2 ) , R30
                 	__PUTB1MN __base_y_G101,2
0001b2 81e8      	LD   R30,Y
0001b3 54e0      	SUBI R30,-LOW(192)
                +
0001b4 93e0 02cf+STS __base_y_G101 + ( 3 ) , R30
                 	__PUTB1MN __base_y_G101,3
0001b6 e1a4      	LDI  R26,LOW(20)
0001b7 e0b0      	LDI  R27,0
0001b8 940e 01df 	CALL _delay_ms
0001ba 940e 01d7 	CALL SUBOPT_0x1
0001bc 940e 01d7 	CALL SUBOPT_0x1
0001be 940e 01d7 	CALL SUBOPT_0x1
0001c0 e2a0      	LDI  R26,LOW(32)
0001c1 df94      	RCALL __lcd_write_nibble_G101
                +
0001c2 ec88     +LDI R24 , LOW ( 200 )
0001c3 e090     +LDI R25 , HIGH ( 200 )
                +__DELAY_USW_LOOP :
0001c4 9701     +SBIW R24 , 1
0001c5 f7f1     +BRNE __DELAY_USW_LOOP
                 	__DELAY_USW 200
0001c6 e2a8      	LDI  R26,LOW(40)
0001c7 dfa2      	RCALL __lcd_write_data
0001c8 e0a4      	LDI  R26,LOW(4)
0001c9 dfa0      	RCALL __lcd_write_data
0001ca e8a5      	LDI  R26,LOW(133)
0001cb df9e      	RCALL __lcd_write_data
0001cc e0a6      	LDI  R26,LOW(6)
0001cd df9c      	RCALL __lcd_write_data
0001ce dfb4      	RCALL _lcd_clear
                 _0x2080001:
0001cf 9621      	ADIW R28,1
0001d0 9508      	RET
                 ; .FEND
                 
                 	.CSEG
                 
                 	.CSEG
                 
                 	.DSEG
                 __base_y_G101:
0002cc           	.BYTE 0x4
                 
                 	.CSEG
                 ;OPTIMIZER ADDED SUBROUTINE, CALLED 2 TIMES, CODE SIZE REDUCTION:1 WORDS
                 SUBOPT_0x0:
0001d1 940e 016a 	CALL __lcd_write_data
0001d3 e0a3      	LDI  R26,LOW(3)
0001d4 e0b0      	LDI  R27,0
0001d5 940c 01df 	JMP  _delay_ms
                 
                 ;OPTIMIZER ADDED SUBROUTINE, CALLED 3 TIMES, CODE SIZE REDUCTION:7 WORDS
                 SUBOPT_0x1:
0001d7 e3a0      	LDI  R26,LOW(48)
0001d8 940e 0156 	CALL __lcd_write_nibble_G101
                +
0001da ec88     +LDI R24 , LOW ( 200 )
0001db e090     +LDI R25 , HIGH ( 200 )
                +__DELAY_USW_LOOP :
0001dc 9701     +SBIW R24 , 1
0001dd f7f1     +BRNE __DELAY_USW_LOOP
                 	__DELAY_USW 200
0001de 9508      	RET
                 
                 
                 	.CSEG
                 _delay_ms:
0001df 9610      	adiw r26,0
0001e0 f039      	breq __delay_ms1
                 __delay_ms0:
                +
0001e1 ed80     +LDI R24 , LOW ( 0x7D0 )
0001e2 e097     +LDI R25 , HIGH ( 0x7D0 )
                +__DELAY_USW_LOOP :
0001e3 9701     +SBIW R24 , 1
0001e4 f7f1     +BRNE __DELAY_USW_LOOP
                 	__DELAY_USW 0x7D0
0001e5 95a8      	wdr
0001e6 9711      	sbiw r26,1
0001e7 f7c9      	brne __delay_ms0
                 __delay_ms1:
0001e8 9508      	ret
                 
                 ;END OF CODE MARKER
                 __END_OF_CODE:


RESOURCE USE INFORMATION
------------------------

Notice:
The register and instruction counts are symbol table hit counts,
and hence implicitly used resources are not counted, eg, the
'lpm' instruction without operands implicitly uses r0 and z,
none of which are counted.

x,y,z are separate entities in the symbol table and are
counted separately from r26..r31 here.

.dseg memory usage only counts static data declared with .byte

ATmega32 register use summary:
r0 :   4 r1 :   1 r2 :   0 r3 :   0 r4 :   3 r5 :   1 r6 :   4 r7 :   4 
r8 :   0 r9 :   2 r10:   0 r11:   0 r12:   0 r13:   0 r14:   0 r15:   0 
r16:   5 r17:   5 r18:   0 r19:   0 r20:   0 r21:   0 r22:   2 r23:   0 
r24:  21 r25:   5 r26:  36 r27:   4 r28:   3 r29:   1 r30:  88 r31:   7 
x  :   3 y  :  25 z  :   8 
Registers used: 21 out of 35 (60.0%)

ATmega32 instruction use summary:
.lds  :   0 .lds.l:   0 .sts  :   0 .sts.l:   0 adc   :   0 add   :   1 
adiw  :   4 and   :   0 andi  :   3 asr   :   0 bclr  :   0 bld   :   0 
brbc  :   0 brbs  :   0 brcc  :   0 brcs  :   0 break :   0 breq  :   4 
brge  :   1 brhc  :   0 brhs  :   0 brid  :   0 brie  :   0 brlo  :   1 
brlt  :   0 brmi  :   0 brne  :  13 brpl  :   0 brsh  :   0 brtc  :   0 
brts  :   0 brvc  :   0 brvs  :   0 bset  :   0 bst   :   0 call  :  11 
cbi   :   5 cbr   :   0 clc   :   0 clh   :   0 cli   :   1 cln   :   0 
clr   :   2 cls   :   0 clt   :   0 clv   :   0 clz   :   0 com   :   0 
cp    :   2 cpc   :   2 cpi   :   3 cpse  :   0 dec   :   5 des   :   0 
eor   :   0 fmul  :   0 fmuls :   0 fmulsu:   0 icall :   0 ijmp  :   0 
in    :   3 inc   :   2 jmp   :  23 ld    :  13 ldd   :   4 ldi   :  59 
lds   :   0 lpm   :   7 lsl   :   0 lsr   :   0 mov   :   4 movw  :   5 
mul   :   0 muls  :   0 mulsu :   0 neg   :   0 nop   :   0 or    :   1 
ori   :   1 out   :  31 pop   :   0 push  :   0 rcall :  13 ret   :   6 
reti  :   1 rjmp  :   8 rol   :   0 ror   :   0 sbc   :   0 sbci  :   2 
sbi   :   5 sbic  :   0 sbis  :   1 sbiw  :   8 sbr   :   0 sbrc  :   0 
sbrs  :   0 sec   :   0 seh   :   0 sei   :   1 sen   :   0 ser   :   0 
ses   :   0 set   :   0 sev   :   0 sez   :   0 sleep :   0 spm   :   0 
st    :  12 std   :   0 sts   :   2 sub   :   0 subi  :   4 swap  :   1 
tst   :   0 wdr   :   1 
Instructions used: 41 out of 116 (35.3%)

ATmega32 memory use summary [bytes]:
Segment   Begin    End      Code   Data   Used    Size   Use%
---------------------------------------------------------------
[.cseg] 0x000000 0x0003d2    624    354    978   32768   3.0%
[.dseg] 0x000060 0x0002d0      0    112    112    2048   5.5%
[.eseg] 0x000000 0x000000      0      0      0    1024   0.0%

Assembly complete, 0 errors, 6 warnings
